c:\users\tannicarcher\documents\source\src\utils\hlmv\release\win32\memoverride.obj
c:\users\tannicarcher\documents\source\src\utils\hlmv\release\win32\bone_setup.obj
c:\users\tannicarcher\documents\source\src\utils\hlmv\release\win32\debugdrawmodel.obj
c:\users\tannicarcher\documents\source\src\utils\hlmv\release\win32\fileassociation.obj
c:\users\tannicarcher\documents\source\src\utils\hlmv\release\win32\filesystem_init.obj
c:\users\tannicarcher\documents\source\src\utils\hlmv\release\win32\matsyswin.obj
c:\users\tannicarcher\documents\source\src\utils\hlmv\release\win32\mxlineedit2.obj
c:\users\tannicarcher\documents\source\src\utils\hlmv\release\win32\physmesh.obj
c:\users\tannicarcher\documents\source\src\utils\hlmv\release\win32\studio_flex.obj
c:\users\tannicarcher\documents\source\src\utils\hlmv\release\win32\studio_utils.obj
c:\users\tannicarcher\documents\source\src\utils\hlmv\release\win32\viewersettings.obj
c:\users\tannicarcher\documents\source\src\utils\hlmv\release\win32\attachments_window.obj
c:\users\tannicarcher\documents\source\src\utils\hlmv\release\win32\collisionutils.obj
c:\users\tannicarcher\documents\source\src\utils\hlmv\release\win32\controlpanel.obj
c:\users\tannicarcher\documents\source\src\utils\hlmv\release\win32\filesystem_helpers.obj
c:\users\tannicarcher\documents\source\src\utils\hlmv\release\win32\jigglebones.obj
c:\users\tannicarcher\documents\source\src\utils\hlmv\release\win32\mdlviewer.obj
c:\users\tannicarcher\documents\source\src\utils\hlmv\release\win32\pakviewer.obj
c:\users\tannicarcher\documents\source\src\utils\hlmv\release\win32\studio.obj
c:\users\tannicarcher\documents\source\src\utils\hlmv\release\win32\studio_render.obj
c:\users\tannicarcher\documents\source\src\utils\hlmv\release\win32\sys_win.obj
c:\users\tannicarcher\documents\source\src\utils\hlmv\release\win32\vc143.pdb
c:\users\tannicarcher\documents\source\game\bin\win32\hlmv.exe
c:\users\tannicarcher\documents\source\game\bin\win32\hlmv.pdb
c:\users\tannicarcher\documents\source\src\utils\hlmv\release\win32\hlmv.res
c:\users\tannicarcher\documents\source\src\utils\hlmv\release\win32\hlmv.lib
c:\users\tannicarcher\documents\source\src\utils\hlmv\release\win32\hlmv.exp
c:\users\tannicarcher\documents\source\src\utils\hlmv\release\win32\hlmv.tlog\cl.3356.write.1.tlog
c:\users\tannicarcher\documents\source\src\utils\hlmv\release\win32\hlmv.tlog\cl.command.1.tlog
c:\users\tannicarcher\documents\source\src\utils\hlmv\release\win32\hlmv.tlog\cl.items.tlog
c:\users\tannicarcher\documents\source\src\utils\hlmv\release\win32\hlmv.tlog\cl.read.1.tlog
c:\users\tannicarcher\documents\source\src\utils\hlmv\release\win32\hlmv.tlog\link.command.1.tlog
c:\users\tannicarcher\documents\source\src\utils\hlmv\release\win32\hlmv.tlog\link.read.1.tlog
c:\users\tannicarcher\documents\source\src\utils\hlmv\release\win32\hlmv.tlog\link.secondary.1.tlog
c:\users\tannicarcher\documents\source\src\utils\hlmv\release\win32\hlmv.tlog\link.write.1.tlog
c:\users\tannicarcher\documents\source\src\utils\hlmv\release\win32\hlmv.tlog\rc.command.1.tlog
c:\users\tannicarcher\documents\source\src\utils\hlmv\release\win32\hlmv.tlog\rc.read.1.tlog
c:\users\tannicarcher\documents\source\src\utils\hlmv\release\win32\hlmv.tlog\rc.write.1.tlog
