c:\users\tannicarcher\documents\source\src\utils\motionmapper\release\win32\memoverride.obj
c:\users\tannicarcher\documents\source\src\utils\motionmapper\release\win32\filesystem_helpers.obj
c:\users\tannicarcher\documents\source\src\utils\motionmapper\release\win32\filesystem_tools.obj
c:\users\tannicarcher\documents\source\src\utils\motionmapper\release\win32\motionmapper.obj
c:\users\tannicarcher\documents\source\src\utils\motionmapper\release\win32\cmdlib.obj
c:\users\tannicarcher\documents\source\src\utils\motionmapper\release\win32\filesystem_init.obj
c:\users\tannicarcher\documents\source\src\utils\motionmapper\release\win32\scriplib.obj
c:\users\tannicarcher\documents\source\src\utils\motionmapper\release\win32\vc143.pdb
c:\users\tannicarcher\documents\source\game\bin\win32\motionmapper.exe
c:\users\tannicarcher\documents\source\game\bin\win32\motionmapper.pdb
c:\users\tannicarcher\documents\source\src\utils\motionmapper\release\win32\motionmapper.lib
c:\users\tannicarcher\documents\source\src\utils\motionmapper\release\win32\motionmapper.exp
c:\users\tannicarcher\documents\source\src\utils\motionmapper\release\win32\motionmapper.tlog\cl.3792.write.1.tlog
c:\users\tannicarcher\documents\source\src\utils\motionmapper\release\win32\motionmapper.tlog\cl.command.1.tlog
c:\users\tannicarcher\documents\source\src\utils\motionmapper\release\win32\motionmapper.tlog\cl.items.tlog
c:\users\tannicarcher\documents\source\src\utils\motionmapper\release\win32\motionmapper.tlog\cl.read.1.tlog
c:\users\tannicarcher\documents\source\src\utils\motionmapper\release\win32\motionmapper.tlog\link.command.1.tlog
c:\users\tannicarcher\documents\source\src\utils\motionmapper\release\win32\motionmapper.tlog\link.read.1.tlog
c:\users\tannicarcher\documents\source\src\utils\motionmapper\release\win32\motionmapper.tlog\link.secondary.1.tlog
c:\users\tannicarcher\documents\source\src\utils\motionmapper\release\win32\motionmapper.tlog\link.write.1.tlog
