c:\users\tannicarcher\documents\source\src\tier2\debug\win32\defaultfilesystem.obj
c:\users\tannicarcher\documents\source\src\tier2\debug\win32\dmconnect.obj
c:\users\tannicarcher\documents\source\src\tier2\debug\win32\keybindings.obj
c:\users\tannicarcher\documents\source\src\tier2\debug\win32\meshutils.obj
c:\users\tannicarcher\documents\source\src\tier2\debug\win32\renderutils.obj
c:\users\tannicarcher\documents\source\src\tier2\debug\win32\soundutils.obj
c:\users\tannicarcher\documents\source\src\tier2\debug\win32\utlstreambuffer.obj
c:\users\tannicarcher\documents\source\src\tier2\debug\win32\beamsegdraw.obj
c:\users\tannicarcher\documents\source\src\tier2\debug\win32\fileutils.obj
c:\users\tannicarcher\documents\source\src\tier2\debug\win32\map_utils.obj
c:\users\tannicarcher\documents\source\src\tier2\debug\win32\materialsystemutil.obj
c:\users\tannicarcher\documents\source\src\tier2\debug\win32\riff.obj
c:\users\tannicarcher\documents\source\src\tier2\debug\win32\tier2.obj
c:\users\tannicarcher\documents\source\src\tier2\debug\win32\util_init.obj
c:\users\tannicarcher\documents\source\src\tier2\debug\win32\vconfig.obj
c:\users\tannicarcher\documents\source\src\lib\public\win32\tier2.pdb
c:\users\tannicarcher\documents\source\src\lib\public\win32\tier2.lib
c:\users\tannicarcher\documents\source\src\tier2\debug\win32\tier2.tlog\cl.4208.write.1.tlog
c:\users\tannicarcher\documents\source\src\tier2\debug\win32\tier2.tlog\cl.command.1.tlog
c:\users\tannicarcher\documents\source\src\tier2\debug\win32\tier2.tlog\cl.items.tlog
c:\users\tannicarcher\documents\source\src\tier2\debug\win32\tier2.tlog\cl.read.1.tlog
c:\users\tannicarcher\documents\source\src\tier2\debug\win32\tier2.tlog\lib-link.read.1.tlog
c:\users\tannicarcher\documents\source\src\tier2\debug\win32\tier2.tlog\lib-link.write.1.tlog
c:\users\tannicarcher\documents\source\src\tier2\debug\win32\tier2.tlog\lib.command.1.tlog
