c:\users\tannicarcher\documents\source\src\materialsystem\stdshaders\release\win32\dbg\basevsshader.obj
c:\users\tannicarcher\documents\source\src\materialsystem\stdshaders\release\win32\dbg\debugdepth.obj
c:\users\tannicarcher\documents\source\src\materialsystem\stdshaders\release\win32\dbg\debugluxel.obj
c:\users\tannicarcher\documents\source\src\materialsystem\stdshaders\release\win32\dbg\debugtangentspace.obj
c:\users\tannicarcher\documents\source\src\materialsystem\stdshaders\release\win32\dbg\memoverride.obj
c:\users\tannicarcher\documents\source\src\materialsystem\stdshaders\release\win32\dbg\debugdrawenvmapmask.obj
c:\users\tannicarcher\documents\source\src\materialsystem\stdshaders\release\win32\dbg\debugnormalmap.obj
c:\users\tannicarcher\documents\source\src\materialsystem\stdshaders\release\win32\dbg\fillrate.obj
c:\users\tannicarcher\documents\source\src\materialsystem\stdshaders\release\win32\dbg\vc143.pdb
c:\users\tannicarcher\documents\source\game\bin\win32\stdshader_dbg.dll
c:\users\tannicarcher\documents\source\game\bin\win32\stdshader_dbg.pdb
c:\users\tannicarcher\documents\source\src\materialsystem\stdshaders\release\win32\stdshader_dbg.lib
c:\users\tannicarcher\documents\source\src\materialsystem\stdshaders\release\win32\stdshader_dbg.exp
c:\users\tannicarcher\documents\source\src\materialsystem\stdshaders\release\win32\dbg\stdshader_dbg.tlog\cl.4332.write.1.tlog
c:\users\tannicarcher\documents\source\src\materialsystem\stdshaders\release\win32\dbg\stdshader_dbg.tlog\cl.command.1.tlog
c:\users\tannicarcher\documents\source\src\materialsystem\stdshaders\release\win32\dbg\stdshader_dbg.tlog\cl.items.tlog
c:\users\tannicarcher\documents\source\src\materialsystem\stdshaders\release\win32\dbg\stdshader_dbg.tlog\cl.read.1.tlog
c:\users\tannicarcher\documents\source\src\materialsystem\stdshaders\release\win32\dbg\stdshader_dbg.tlog\link.command.1.tlog
c:\users\tannicarcher\documents\source\src\materialsystem\stdshaders\release\win32\dbg\stdshader_dbg.tlog\link.read.1.tlog
c:\users\tannicarcher\documents\source\src\materialsystem\stdshaders\release\win32\dbg\stdshader_dbg.tlog\link.secondary.1.tlog
c:\users\tannicarcher\documents\source\src\materialsystem\stdshaders\release\win32\dbg\stdshader_dbg.tlog\link.write.1.tlog
