c:\users\tannicarcher\documents\source\src\materialsystem\shaderapidx9\release\win32\dx9\memoverride.obj
c:\users\tannicarcher\documents\source\src\materialsystem\shaderapidx9\release\win32\dx9\d3d_async.obj
c:\users\tannicarcher\documents\source\src\materialsystem\shaderapidx9\release\win32\dx9\meshbase.obj
c:\users\tannicarcher\documents\source\src\materialsystem\shaderapidx9\release\win32\dx9\recording.obj
c:\users\tannicarcher\documents\source\src\materialsystem\shaderapidx9\release\win32\dx9\colorformatdx8.obj
c:\users\tannicarcher\documents\source\src\materialsystem\shaderapidx9\release\win32\dx9\filesystem_helpers.obj
c:\users\tannicarcher\documents\source\src\materialsystem\shaderapidx9\release\win32\dx9\hardwareconfig.obj
c:\users\tannicarcher\documents\source\src\materialsystem\shaderapidx9\release\win32\dx9\vc143.pdb
c:\users\tannicarcher\documents\source\src\materialsystem\shaderapidx9\release\win32\dx9\meshdx8.obj
c:\users\tannicarcher\documents\source\src\materialsystem\shaderapidx9\release\win32\dx9\shaderdevicebase.obj
c:\users\tannicarcher\documents\source\src\materialsystem\shaderapidx9\release\win32\dx9\shaderdevicedx8.obj
c:\users\tannicarcher\documents\source\src\materialsystem\shaderapidx9\release\win32\dx9\transitiontable.obj
c:\users\tannicarcher\documents\source\src\materialsystem\shaderapidx9\release\win32\dx9\cvballoctracker.obj
c:\users\tannicarcher\documents\source\src\materialsystem\shaderapidx9\release\win32\dx9\vertexdecl.obj
c:\users\tannicarcher\documents\source\src\materialsystem\shaderapidx9\release\win32\dx9\shaderapibase.obj
c:\users\tannicarcher\documents\source\src\materialsystem\shaderapidx9\release\win32\dx9\shaderapidx8.obj
c:\users\tannicarcher\documents\source\src\materialsystem\shaderapidx9\release\win32\dx9\shadershadowdx8.obj
c:\users\tannicarcher\documents\source\src\materialsystem\shaderapidx9\release\win32\dx9\texturedx8.obj
c:\users\tannicarcher\documents\source\src\materialsystem\shaderapidx9\release\win32\dx9\vertexshaderdx8.obj
c:\users\tannicarcher\documents\source\src\materialsystem\shaderapidx9\release\win32\dx9\wmi.obj
c:\users\tannicarcher\documents\source\game\bin\win32\shaderapidx9.dll
c:\users\tannicarcher\documents\source\game\bin\win32\shaderapidx9.pdb
c:\users\tannicarcher\documents\source\src\materialsystem\shaderapidx9\release\win32\shaderapidx9.lib
c:\users\tannicarcher\documents\source\src\materialsystem\shaderapidx9\release\win32\shaderapidx9.exp
c:\users\tannicarcher\documents\source\src\materialsystem\shaderapidx9\release\win32\dx9\shaderapidx9.tlog\cl.1620.write.1.tlog
c:\users\tannicarcher\documents\source\src\materialsystem\shaderapidx9\release\win32\dx9\shaderapidx9.tlog\cl.command.1.tlog
c:\users\tannicarcher\documents\source\src\materialsystem\shaderapidx9\release\win32\dx9\shaderapidx9.tlog\cl.items.tlog
c:\users\tannicarcher\documents\source\src\materialsystem\shaderapidx9\release\win32\dx9\shaderapidx9.tlog\cl.read.1.tlog
c:\users\tannicarcher\documents\source\src\materialsystem\shaderapidx9\release\win32\dx9\shaderapidx9.tlog\link.command.1.tlog
c:\users\tannicarcher\documents\source\src\materialsystem\shaderapidx9\release\win32\dx9\shaderapidx9.tlog\link.read.1.tlog
c:\users\tannicarcher\documents\source\src\materialsystem\shaderapidx9\release\win32\dx9\shaderapidx9.tlog\link.secondary.1.tlog
c:\users\tannicarcher\documents\source\src\materialsystem\shaderapidx9\release\win32\dx9\shaderapidx9.tlog\link.write.1.tlog
