c:\users\tannicarcher\documents\source\src\utils\vcdupdate\release\win32\memoverride.obj
c:\users\tannicarcher\documents\source\src\utils\vcdupdate\release\win32\collisionutils.obj
c:\users\tannicarcher\documents\source\src\utils\vcdupdate\release\win32\interpolatortypes.obj
c:\users\tannicarcher\documents\source\src\utils\vcdupdate\release\win32\sentence.obj
c:\users\tannicarcher\documents\source\src\utils\vcdupdate\release\win32\vcdupdate.obj
c:\users\tannicarcher\documents\source\src\utils\vcdupdate\release\win32\bone_setup.obj
c:\users\tannicarcher\documents\source\src\utils\vcdupdate\release\win32\studio.obj
c:\users\tannicarcher\documents\source\src\utils\vcdupdate\release\win32\vc143.pdb
c:\users\tannicarcher\documents\source\game\bin\win32\vcdupdate.exe
c:\users\tannicarcher\documents\source\game\bin\win32\vcdupdate.pdb
c:\users\tannicarcher\documents\source\src\utils\vcdupdate\release\win32\vcdupdate.lib
c:\users\tannicarcher\documents\source\src\utils\vcdupdate\release\win32\vcdupdate.exp
c:\users\tannicarcher\documents\source\src\utils\vcdupdate\release\win32\vcdupdate.tlog\cl.3968.write.1.tlog
c:\users\tannicarcher\documents\source\src\utils\vcdupdate\release\win32\vcdupdate.tlog\cl.command.1.tlog
c:\users\tannicarcher\documents\source\src\utils\vcdupdate\release\win32\vcdupdate.tlog\cl.items.tlog
c:\users\tannicarcher\documents\source\src\utils\vcdupdate\release\win32\vcdupdate.tlog\cl.read.1.tlog
c:\users\tannicarcher\documents\source\src\utils\vcdupdate\release\win32\vcdupdate.tlog\link.command.1.tlog
c:\users\tannicarcher\documents\source\src\utils\vcdupdate\release\win32\vcdupdate.tlog\link.read.1.tlog
c:\users\tannicarcher\documents\source\src\utils\vcdupdate\release\win32\vcdupdate.tlog\link.secondary.1.tlog
c:\users\tannicarcher\documents\source\src\utils\vcdupdate\release\win32\vcdupdate.tlog\link.write.1.tlog
