c:\users\tannicarcher\documents\source\src\studiorender\release\win32\memoverride.obj
c:\users\tannicarcher\documents\source\src\studiorender\release\win32\flexrenderdata.obj
c:\users\tannicarcher\documents\source\src\studiorender\release\win32\r_studio.obj
c:\users\tannicarcher\documents\source\src\studiorender\release\win32\r_studiodraw.obj
c:\users\tannicarcher\documents\source\src\studiorender\release\win32\r_studiogettriangles.obj
c:\users\tannicarcher\documents\source\src\studiorender\release\win32\studiorender.obj
c:\users\tannicarcher\documents\source\src\studiorender\release\win32\studiorendercontext.obj
c:\users\tannicarcher\documents\source\src\studiorender\release\win32\r_studiodecal.obj
c:\users\tannicarcher\documents\source\src\studiorender\release\win32\r_studioflex.obj
c:\users\tannicarcher\documents\source\src\studiorender\release\win32\r_studiolight.obj
c:\users\tannicarcher\documents\source\src\studiorender\release\win32\vc143.pdb
c:\users\tannicarcher\documents\source\game\bin\win32\studiorender.dll
c:\users\tannicarcher\documents\source\game\bin\win32\studiorender.pdb
c:\users\tannicarcher\documents\source\src\studiorender\release\win32\studiorender.lib
c:\users\tannicarcher\documents\source\src\studiorender\release\win32\studiorender.exp
c:\users\tannicarcher\documents\source\src\studiorender\release\win32\studiorender.tlog\cl.1016.write.1.tlog
c:\users\tannicarcher\documents\source\src\studiorender\release\win32\studiorender.tlog\cl.command.1.tlog
c:\users\tannicarcher\documents\source\src\studiorender\release\win32\studiorender.tlog\cl.items.tlog
c:\users\tannicarcher\documents\source\src\studiorender\release\win32\studiorender.tlog\cl.read.1.tlog
c:\users\tannicarcher\documents\source\src\studiorender\release\win32\studiorender.tlog\link.command.1.tlog
c:\users\tannicarcher\documents\source\src\studiorender\release\win32\studiorender.tlog\link.read.1.tlog
c:\users\tannicarcher\documents\source\src\studiorender\release\win32\studiorender.tlog\link.secondary.1.tlog
c:\users\tannicarcher\documents\source\src\studiorender\release\win32\studiorender.tlog\link.write.1.tlog
