c:\users\tannicarcher\documents\source\src\vgui2\dme_controls\release\win32\assetbuilder.obj
c:\users\tannicarcher\documents\source\src\vgui2\dme_controls\release\win32\attributeassetpickerpanel.obj
c:\users\tannicarcher\documents\source\src\vgui2\dme_controls\release\win32\attributeboolchoicepanel.obj
c:\users\tannicarcher\documents\source\src\vgui2\dme_controls\release\win32\attributedetailtypepickerpanel.obj
c:\users\tannicarcher\documents\source\src\vgui2\dme_controls\release\win32\attributeelementpickerpanel.obj
c:\users\tannicarcher\documents\source\src\vgui2\dme_controls\release\win32\attributeinterpolatorchoicepanel.obj
c:\users\tannicarcher\documents\source\src\vgui2\dme_controls\release\win32\attributemdlpickerpanel.obj
c:\users\tannicarcher\documents\source\src\vgui2\dme_controls\release\win32\attributeshaderpickerpanel.obj
c:\users\tannicarcher\documents\source\src\vgui2\dme_controls\release\win32\attributestringchoicepanel.obj
c:\users\tannicarcher\documents\source\src\vgui2\dme_controls\release\win32\attributetextentry.obj
c:\users\tannicarcher\documents\source\src\vgui2\dme_controls\release\win32\baseattributechoicepanel.obj
c:\users\tannicarcher\documents\source\src\vgui2\dme_controls\release\win32\baseattributedoublechoicepanel.obj
c:\users\tannicarcher\documents\source\src\vgui2\dme_controls\release\win32\channelgraphpanel.obj
c:\users\tannicarcher\documents\source\src\vgui2\dme_controls\release\win32\dmecontrols.obj
c:\users\tannicarcher\documents\source\src\vgui2\dme_controls\release\win32\dmedagrenderpanel.obj
c:\users\tannicarcher\documents\source\src\vgui2\dme_controls\release\win32\dmelogeditpanel.obj
c:\users\tannicarcher\documents\source\src\vgui2\dme_controls\release\win32\dmepicker.obj
c:\users\tannicarcher\documents\source\src\vgui2\dme_controls\release\win32\dmesourcedccfilepanel.obj
c:\users\tannicarcher\documents\source\src\vgui2\dme_controls\release\win32\elementpropertiestree.obj
c:\users\tannicarcher\documents\source\src\vgui2\dme_controls\release\win32\manipulator.obj
c:\users\tannicarcher\documents\source\src\vgui2\dme_controls\release\win32\mdlpicker.obj
c:\users\tannicarcher\documents\source\src\vgui2\dme_controls\release\win32\particlesystempanel.obj
c:\users\tannicarcher\documents\source\src\vgui2\dme_controls\release\win32\sequencepicker.obj
c:\users\tannicarcher\documents\source\src\vgui2\dme_controls\release\win32\soundpicker.obj
c:\users\tannicarcher\documents\source\src\vgui2\dme_controls\release\win32\baseanimationseteditor.obj
c:\users\tannicarcher\documents\source\src\vgui2\dme_controls\release\win32\baseanimsetcontrolgrouppanel.obj
c:\users\tannicarcher\documents\source\src\vgui2\dme_controls\release\win32\presetpicker.obj
c:\users\tannicarcher\documents\source\src\vgui2\dme_controls\release\win32\phonemeconverter.obj
c:\users\tannicarcher\documents\source\src\vgui2\dme_controls\release\win32\attributeslider.obj
c:\users\tannicarcher\documents\source\src\vgui2\dme_controls\release\win32\attributebasepickerpanel.obj
c:\users\tannicarcher\documents\source\src\vgui2\dme_controls\release\win32\attributecolorpickerpanel.obj
c:\users\tannicarcher\documents\source\src\vgui2\dme_controls\release\win32\attributeelementpanel.obj
c:\users\tannicarcher\documents\source\src\vgui2\dme_controls\release\win32\attributefilepickerpanel.obj
c:\users\tannicarcher\documents\source\src\vgui2\dme_controls\release\win32\attributeintchoicepanel.obj
c:\users\tannicarcher\documents\source\src\vgui2\dme_controls\release\win32\attributesequencepickerpanel.obj
c:\users\tannicarcher\documents\source\src\vgui2\dme_controls\release\win32\attributesoundpickerpanel.obj
c:\users\tannicarcher\documents\source\src\vgui2\dme_controls\release\win32\attributesurfacepropertypickerpanel.obj
c:\users\tannicarcher\documents\source\src\vgui2\dme_controls\release\win32\attributetextpanel.obj
c:\users\tannicarcher\documents\source\src\vgui2\dme_controls\release\win32\attributewidgetfactory.obj
c:\users\tannicarcher\documents\source\src\vgui2\dme_controls\release\win32\baseattributepanel.obj
c:\users\tannicarcher\documents\source\src\vgui2\dme_controls\release\win32\dmecombinationsystemeditorpanel.obj
c:\users\tannicarcher\documents\source\src\vgui2\dme_controls\release\win32\dmedageditpanel.obj
c:\users\tannicarcher\documents\source\src\vgui2\dme_controls\release\win32\dmepanel.obj
c:\users\tannicarcher\documents\source\src\vgui2\dme_controls\release\win32\dmepresetgroupeditorpanel.obj
c:\users\tannicarcher\documents\source\src\vgui2\dme_controls\release\win32\dmesourceskinpanel.obj
c:\users\tannicarcher\documents\source\src\vgui2\dme_controls\release\win32\filelistmanager.obj
c:\users\tannicarcher\documents\source\src\vgui2\dme_controls\release\win32\filtercombobox.obj
c:\users\tannicarcher\documents\source\src\vgui2\dme_controls\release\win32\mdlpanel.obj
c:\users\tannicarcher\documents\source\src\vgui2\dme_controls\release\win32\mdlsequencepicker.obj
c:\users\tannicarcher\documents\source\src\vgui2\dme_controls\release\win32\particlesystempropertiespanel.obj
c:\users\tannicarcher\documents\source\src\vgui2\dme_controls\release\win32\simplepotterywheelpanel.obj
c:\users\tannicarcher\documents\source\src\vgui2\dme_controls\release\win32\soundrecordpanel.obj
c:\users\tannicarcher\documents\source\src\vgui2\dme_controls\release\win32\vmtpanel.obj
c:\users\tannicarcher\documents\source\src\vgui2\dme_controls\release\win32\baseanimsetattributesliderpanel.obj
c:\users\tannicarcher\documents\source\src\vgui2\dme_controls\release\win32\baseanimsetpresetfaderpanel.obj
c:\users\tannicarcher\documents\source\src\lib\public\win32\dme_controls.lib
c:\users\tannicarcher\documents\source\src\vgui2\dme_controls\release\win32\dme_controls.tlog\cl.5488.write.1.tlog
c:\users\tannicarcher\documents\source\src\vgui2\dme_controls\release\win32\dme_controls.tlog\cl.command.1.tlog
c:\users\tannicarcher\documents\source\src\vgui2\dme_controls\release\win32\dme_controls.tlog\cl.items.tlog
c:\users\tannicarcher\documents\source\src\vgui2\dme_controls\release\win32\dme_controls.tlog\cl.read.1.tlog
c:\users\tannicarcher\documents\source\src\vgui2\dme_controls\release\win32\dme_controls.tlog\lib-link.read.1.tlog
c:\users\tannicarcher\documents\source\src\vgui2\dme_controls\release\win32\dme_controls.tlog\lib-link.write.1.tlog
c:\users\tannicarcher\documents\source\src\vgui2\dme_controls\release\win32\dme_controls.tlog\lib.command.1.tlog
