c:\users\tannicarcher\documents\source\src\dmserializers\debug\win32\dmserializers.obj
c:\users\tannicarcher\documents\source\src\dmserializers\debug\win32\importkeyvaluebase.obj
c:\users\tannicarcher\documents\source\src\dmserializers\debug\win32\importsfmv2.obj
c:\users\tannicarcher\documents\source\src\dmserializers\debug\win32\importsfmv4.obj
c:\users\tannicarcher\documents\source\src\dmserializers\debug\win32\importsfmv6.obj
c:\users\tannicarcher\documents\source\src\dmserializers\debug\win32\importsfmv8.obj
c:\users\tannicarcher\documents\source\src\dmserializers\debug\win32\importvmf.obj
c:\users\tannicarcher\documents\source\src\dmserializers\debug\win32\dmebaseimporter.obj
c:\users\tannicarcher\documents\source\src\dmserializers\debug\win32\importactbusy.obj
c:\users\tannicarcher\documents\source\src\dmserializers\debug\win32\importsfmv1.obj
c:\users\tannicarcher\documents\source\src\dmserializers\debug\win32\importsfmv3.obj
c:\users\tannicarcher\documents\source\src\dmserializers\debug\win32\importsfmv5.obj
c:\users\tannicarcher\documents\source\src\dmserializers\debug\win32\importsfmv7.obj
c:\users\tannicarcher\documents\source\src\dmserializers\debug\win32\importsfmv9.obj
c:\users\tannicarcher\documents\source\src\dmserializers\debug\win32\importvmt.obj
c:\users\tannicarcher\documents\source\src\lib\public\win32\dmserializers.pdb
c:\users\tannicarcher\documents\source\src\lib\public\win32\dmserializers.lib
c:\users\tannicarcher\documents\source\src\dmserializers\debug\win32\dmserializers.tlog\cl.6212.write.1.tlog
c:\users\tannicarcher\documents\source\src\dmserializers\debug\win32\dmserializers.tlog\cl.command.1.tlog
c:\users\tannicarcher\documents\source\src\dmserializers\debug\win32\dmserializers.tlog\cl.items.tlog
c:\users\tannicarcher\documents\source\src\dmserializers\debug\win32\dmserializers.tlog\cl.read.1.tlog
c:\users\tannicarcher\documents\source\src\dmserializers\debug\win32\dmserializers.tlog\lib-link.read.1.tlog
c:\users\tannicarcher\documents\source\src\dmserializers\debug\win32\dmserializers.tlog\lib-link.write.1.tlog
c:\users\tannicarcher\documents\source\src\dmserializers\debug\win32\dmserializers.tlog\lib.command.1.tlog
