c:\users\tannicarcher\documents\source\src\engine\release\win32\client_pch.pch
c:\users\tannicarcher\documents\source\src\engine\release\win32\vc143.pdb
c:\users\tannicarcher\documents\source\src\engine\release\win32\client_pch.obj
c:\users\tannicarcher\documents\source\src\engine\release\win32\render_pch.pch
c:\users\tannicarcher\documents\source\src\engine\release\win32\render_pch.obj
c:\users\tannicarcher\documents\source\src\engine\release\win32\server_pch.pch
c:\users\tannicarcher\documents\source\src\engine\release\win32\server_pch.obj
c:\users\tannicarcher\documents\source\src\engine\release\win32\audio_pch.pch
c:\users\tannicarcher\documents\source\src\engine\release\win32\audio_pch.obj
c:\users\tannicarcher\documents\source\src\engine\release\win32\cl_rcon.obj
c:\users\tannicarcher\documents\source\src\engine\release\win32\rpt_engine.obj
c:\users\tannicarcher\documents\source\src\engine\release\win32\clientframe.obj
c:\users\tannicarcher\documents\source\src\engine\release\win32\decal_clip.obj
c:\users\tannicarcher\documents\source\src\engine\release\win32\occlusionsystem.obj
c:\users\tannicarcher\documents\source\src\engine\release\win32\view.obj
c:\users\tannicarcher\documents\source\src\engine\release\win32\sv_rcon.obj
c:\users\tannicarcher\documents\source\src\engine\release\win32\sv_uploadgamestats.obj
c:\users\tannicarcher\documents\source\src\engine\release\win32\baseserver.obj
c:\users\tannicarcher\documents\source\src\engine\release\win32\bsptreedata.obj
c:\users\tannicarcher\documents\source\src\engine\release\win32\buildnum.obj
c:\users\tannicarcher\documents\source\src\engine\release\win32\checksum_engine.obj
c:\users\tannicarcher\documents\source\src\engine\release\win32\cl_bounded_cvars.obj
c:\users\tannicarcher\documents\source\src\engine\release\win32\cmodel.obj
c:\users\tannicarcher\documents\source\src\engine\release\win32\cmodel_disp.obj
c:\users\tannicarcher\documents\source\src\engine\release\win32\common.obj
c:\users\tannicarcher\documents\source\src\engine\release\win32\cvar.obj
c:\users\tannicarcher\documents\source\src\engine\release\win32\disp_helpers.obj
c:\users\tannicarcher\documents\source\src\engine\release\win32\dispcoll_common.obj
c:\users\tannicarcher\documents\source\src\engine\release\win32\downloadthread.obj
c:\users\tannicarcher\documents\source\src\engine\release\win32\dt_common_eng.obj
c:\users\tannicarcher\documents\source\src\engine\release\win32\dt_instrumentation_server.obj
c:\users\tannicarcher\documents\source\src\engine\release\win32\dt_recv.obj
c:\users\tannicarcher\documents\source\src\engine\release\win32\dt_recv_decoder.obj
c:\users\tannicarcher\documents\source\src\engine\release\win32\dt_send.obj
c:\users\tannicarcher\documents\source\src\engine\release\win32\dt_stack.obj
c:\users\tannicarcher\documents\source\src\engine\release\win32\dt_utlvector_common.obj
c:\users\tannicarcher\documents\source\src\engine\release\win32\dt_utlvector_recv.obj
c:\users\tannicarcher\documents\source\src\engine\release\win32\enginesingleuserfilter.obj
c:\users\tannicarcher\documents\source\src\engine\release\win32\enginetrace.obj
c:\users\tannicarcher\documents\source\src\engine\release\win32\filesystem_init.obj
c:\users\tannicarcher\documents\source\src\engine\release\win32\gameeventmanagerold.obj
c:\users\tannicarcher\documents\source\src\engine\release\win32\hltvclient.obj
c:\users\tannicarcher\documents\source\src\engine\release\win32\hltvdemo.obj
c:\users\tannicarcher\documents\source\src\engine\release\win32\hltvtest.obj
c:\users\tannicarcher\documents\source\src\engine\release\win32\host.obj
c:\users\tannicarcher\documents\source\src\engine\release\win32\host_phonehome.obj
c:\users\tannicarcher\documents\source\src\engine\release\win32\initmathlib.obj
c:\users\tannicarcher\documents\source\src\engine\release\win32\language.obj
c:\users\tannicarcher\documents\source\src\engine\release\win32\loadscreenupdate.obj
c:\users\tannicarcher\documents\source\src\engine\release\win32\lumpfiles.obj
c:\users\tannicarcher\documents\source\src\engine\release\win32\matchmakinghost.obj
c:\users\tannicarcher\documents\source\src\engine\release\win32\matchmakingclient.obj
c:\users\tannicarcher\documents\source\src\engine\release\win32\matchmakingmigrate.obj
c:\users\tannicarcher\documents\source\src\engine\release\win32\mem_fgets.obj
c:\users\tannicarcher\documents\source\src\engine\release\win32\modelinfo.obj
c:\users\tannicarcher\documents\source\src\engine\release\win32\net_synctags.obj
c:\users\tannicarcher\documents\source\src\engine\release\win32\net_ws.obj
c:\users\tannicarcher\documents\source\src\engine\release\win32\netmessages.obj
c:\users\tannicarcher\documents\source\src\engine\release\win32\networkstringtableitem.obj
c:\users\tannicarcher\documents\source\src\engine\release\win32\networkstringtableserver.obj
c:\users\tannicarcher\documents\source\src\engine\release\win32\pure_server.obj
c:\users\tannicarcher\documents\source\src\engine\release\win32\precache.obj
c:\users\tannicarcher\documents\source\src\engine\release\win32\randomstream.obj
c:\users\tannicarcher\documents\source\src\engine\release\win32\registry.obj
c:\users\tannicarcher\documents\source\src\engine\release\win32\sound_shared.obj
c:\users\tannicarcher\documents\source\src\engine\release\win32\spatialpartition.obj
c:\users\tannicarcher\documents\source\src\engine\release\win32\studio.obj
c:\users\tannicarcher\documents\source\src\engine\release\win32\sys_engine.obj
c:\users\tannicarcher\documents\source\src\engine\release\win32\sys_mainwind.obj
c:\users\tannicarcher\documents\source\src\engine\release\win32\vallocator.obj
c:\users\tannicarcher\documents\source\src\engine\release\win32\vprof_engine.obj
c:\users\tannicarcher\documents\source\src\engine\release\win32\world.obj
c:\users\tannicarcher\documents\source\src\engine\release\win32\xunzip.obj
c:\users\tannicarcher\documents\source\src\engine\release\win32\bugreporter.obj
c:\users\tannicarcher\documents\source\src\engine\release\win32\host_saverestore.obj
c:\users\tannicarcher\documents\source\src\engine\release\win32\networkstringtableclient.obj
c:\users\tannicarcher\documents\source\src\engine\release\win32\saverestore_filesystem.obj
c:\users\tannicarcher\documents\source\src\engine\release\win32\servermsghandler.obj
c:\users\tannicarcher\documents\source\src\engine\release\win32\xboxsystem.obj
c:\users\tannicarcher\documents\source\src\engine\release\win32\sourceappinfo.obj
c:\users\tannicarcher\documents\source\src\engine\release\win32\enginesoundserver.obj
c:\users\tannicarcher\documents\source\src\engine\release\win32\engsoundservice.obj
c:\users\tannicarcher\documents\source\src\engine\release\win32\mpaheader.obj
c:\users\tannicarcher\documents\source\src\engine\release\win32\vgui_basebudgetpanel.obj
c:\users\tannicarcher\documents\source\src\engine\release\win32\vgui_budgethistorypanel.obj
c:\users\tannicarcher\documents\source\src\engine\release\win32\vgui_budgetpanelshared.obj
c:\users\tannicarcher\documents\source\src\engine\release\win32\toolframework.obj
c:\users\tannicarcher\documents\source\src\engine\release\win32\memoverride.obj
c:\users\tannicarcher\documents\source\src\engine\release\win32\socketcreator.obj
c:\users\tannicarcher\documents\source\src\engine\release\win32\cl_steamauth.obj
c:\users\tannicarcher\documents\source\src\engine\release\win32\demofile.obj
c:\users\tannicarcher\documents\source\src\engine\release\win32\devshotgenerator.obj
c:\users\tannicarcher\documents\source\src\engine\release\win32\tmessage.obj
c:\users\tannicarcher\documents\source\src\engine\release\win32\r_efx.obj
c:\users\tannicarcher\documents\source\src\engine\release\win32\sv_ipratelimit.obj
c:\users\tannicarcher\documents\source\src\engine\release\win32\sv_steamauth.obj
c:\users\tannicarcher\documents\source\src\engine\release\win32\sv_uploaddata.obj
c:\users\tannicarcher\documents\source\src\engine\release\win32\baseautocompletefilelist.obj
c:\users\tannicarcher\documents\source\src\engine\release\win32\bitbuf_errorhandler.obj
c:\users\tannicarcher\documents\source\src\engine\release\win32\blockingudpsocket.obj
c:\users\tannicarcher\documents\source\src\engine\release\win32\builddisp.obj
c:\users\tannicarcher\documents\source\src\engine\release\win32\changeframelist.obj
c:\users\tannicarcher\documents\source\src\engine\release\win32\clockdriftmgr.obj
c:\users\tannicarcher\documents\source\src\engine\release\win32\cmd.obj
c:\users\tannicarcher\documents\source\src\engine\release\win32\cmodel_bsp.obj
c:\users\tannicarcher\documents\source\src\engine\release\win32\collisionutils.obj
c:\users\tannicarcher\documents\source\src\engine\release\win32\crtmemdebug.obj
c:\users\tannicarcher\documents\source\src\engine\release\win32\disp_common.obj
c:\users\tannicarcher\documents\source\src\engine\release\win32\disp_defs.obj
c:\users\tannicarcher\documents\source\src\engine\release\win32\disp_powerinfo.obj
c:\users\tannicarcher\documents\source\src\engine\release\win32\downloadlistgenerator.obj
c:\users\tannicarcher\documents\source\src\engine\release\win32\dt.obj
c:\users\tannicarcher\documents\source\src\engine\release\win32\dt_encode.obj
c:\users\tannicarcher\documents\source\src\engine\release\win32\dt_instrumentation.obj
c:\users\tannicarcher\documents\source\src\engine\release\win32\dt_localtransfer.obj
c:\users\tannicarcher\documents\source\src\engine\release\win32\dt_recv_eng.obj
c:\users\tannicarcher\documents\source\src\engine\release\win32\dt_send_eng.obj
c:\users\tannicarcher\documents\source\src\engine\release\win32\dt_test.obj
c:\users\tannicarcher\documents\source\src\engine\release\win32\dt_utlvector_send.obj
c:\users\tannicarcher\documents\source\src\engine\release\win32\enginestats.obj
c:\users\tannicarcher\documents\source\src\engine\release\win32\enginethreads.obj
c:\users\tannicarcher\documents\source\src\engine\release\win32\filesystem_engine.obj
c:\users\tannicarcher\documents\source\src\engine\release\win32\filesystem_helpers.obj
c:\users\tannicarcher\documents\source\src\engine\release\win32\filetransfermgr.obj
c:\users\tannicarcher\documents\source\src\engine\release\win32\gameeventmanager.obj
c:\users\tannicarcher\documents\source\src\engine\release\win32\gametrace_engine.obj
c:\users\tannicarcher\documents\source\src\engine\release\win32\hltvclientstate.obj
c:\users\tannicarcher\documents\source\src\engine\release\win32\hltvserver.obj
c:\users\tannicarcher\documents\source\src\engine\release\win32\host_cmd.obj
c:\users\tannicarcher\documents\source\src\engine\release\win32\host_listmaps.obj
c:\users\tannicarcher\documents\source\src\engine\release\win32\host_state.obj
c:\users\tannicarcher\documents\source\src\engine\release\win32\localnetworkbackdoor.obj
c:\users\tannicarcher\documents\source\src\engine\release\win32\mapreslistgenerator.obj
c:\users\tannicarcher\documents\source\src\engine\release\win32\matchmakingqos.obj
c:\users\tannicarcher\documents\source\src\engine\release\win32\matchmakingshared.obj
c:\users\tannicarcher\documents\source\src\engine\release\win32\materialproxyfactory.obj
c:\users\tannicarcher\documents\source\src\engine\release\win32\mod_vis.obj
c:\users\tannicarcher\documents\source\src\engine\release\win32\net_chan.obj
c:\users\tannicarcher\documents\source\src\engine\release\win32\net_ws_queued_packet_sender.obj
c:\users\tannicarcher\documents\source\src\engine\release\win32\steamid.obj
c:\users\tannicarcher\documents\source\src\engine\release\win32\networkstringtable.obj
c:\users\tannicarcher\documents\source\src\engine\release\win32\networkvar.obj
c:\users\tannicarcher\documents\source\src\engine\release\win32\packed_entity.obj
c:\users\tannicarcher\documents\source\src\engine\release\win32\pr_edict.obj
c:\users\tannicarcher\documents\source\src\engine\release\win32\quakedef.obj
c:\users\tannicarcher\documents\source\src\engine\release\win32\randoverride.obj
c:\users\tannicarcher\documents\source\src\engine\release\win32\sentence.obj
c:\users\tannicarcher\documents\source\src\engine\release\win32\session.obj
c:\users\tannicarcher\documents\source\src\engine\release\win32\staticpropmgr.obj
c:\users\tannicarcher\documents\source\src\engine\release\win32\sys_dll.obj
c:\users\tannicarcher\documents\source\src\engine\release\win32\testscriptmgr.obj
c:\users\tannicarcher\documents\source\src\engine\release\win32\traceinit.obj
c:\users\tannicarcher\documents\source\src\engine\release\win32\voiceserver_impl.obj
c:\users\tannicarcher\documents\source\src\engine\release\win32\vprof_record.obj
c:\users\tannicarcher\documents\source\src\engine\release\win32\xzip.obj
c:\users\tannicarcher\documents\source\src\engine\release\win32\zone.obj
c:\users\tannicarcher\documents\source\src\engine\release\win32\cheatcodes.obj
c:\users\tannicarcher\documents\source\src\engine\release\win32\download.obj
c:\users\tannicarcher\documents\source\src\engine\release\win32\editor_sendcommand.obj
c:\users\tannicarcher\documents\source\src\engine\release\win32\keys.obj
c:\users\tannicarcher\documents\source\src\engine\release\win32\lightcache.obj
c:\users\tannicarcher\documents\source\src\engine\release\win32\scratchpad3d.obj
c:\users\tannicarcher\documents\source\src\engine\release\win32\sys_getmodes.obj
c:\users\tannicarcher\documents\source\src\engine\release\win32\vgui_askconnectpanel.obj
c:\users\tannicarcher\documents\source\src\engine\release\win32\snd_io.obj
c:\users\tannicarcher\documents\source\src\engine\release\win32\enginesoundclient.obj
c:\users\tannicarcher\documents\source\src\engine\release\win32\voice_wavefile.obj
c:\users\tannicarcher\documents\source\src\engine\release\win32\mpafile.obj
c:\users\tannicarcher\documents\source\src\engine\release\win32\circularbuffer.obj
c:\users\tannicarcher\documents\source\src\engine\release\win32\vgui_controls.obj
c:\users\tannicarcher\documents\source\src\engine\release\win32\vgui_budgetbargraphpanel.obj
c:\users\tannicarcher\documents\source\src\engine\release\win32\enginetool.obj
c:\users\tannicarcher\documents\source\src\engine\release\win32\baseclient.obj
c:\users\tannicarcher\documents\source\src\engine\release\win32\cbenchmark.obj
c:\users\tannicarcher\documents\source\src\engine\release\win32\cl_main.obj
c:\users\tannicarcher\documents\source\src\engine\release\win32\cl_demoactioneditors.obj
c:\users\tannicarcher\documents\source\src\engine\release\win32\cl_demosmootherpanel.obj
c:\users\tannicarcher\documents\source\src\engine\release\win32\cl_ents_parse.obj
c:\users\tannicarcher\documents\source\src\engine\release\win32\cl_parse_event.obj
c:\users\tannicarcher\documents\source\src\engine\release\win32\cl_pred.obj
c:\users\tannicarcher\documents\source\src\engine\release\win32\client.obj
c:\users\tannicarcher\documents\source\src\engine\release\win32\colorcorrectionpanel.obj
c:\users\tannicarcher\documents\source\src\engine\release\win32\vgui_baseui_interface.obj
c:\users\tannicarcher\documents\source\src\engine\release\win32\vgui_vprofgraphpanel.obj
c:\users\tannicarcher\documents\source\src\engine\release\win32\baseclientstate.obj
c:\users\tannicarcher\documents\source\src\engine\release\win32\cdll_engine_int.obj
c:\users\tannicarcher\documents\source\src\engine\release\win32\cl_demo.obj
c:\users\tannicarcher\documents\source\src\engine\release\win32\cl_null.obj
c:\users\tannicarcher\documents\source\src\engine\release\win32\cl_demoaction.obj
c:\users\tannicarcher\documents\source\src\engine\release\win32\cl_demoaction_types.obj
c:\users\tannicarcher\documents\source\src\engine\release\win32\cl_demoactionmanager.obj
c:\users\tannicarcher\documents\source\src\engine\release\win32\cl_demoeditorpanel.obj
c:\users\tannicarcher\documents\source\src\engine\release\win32\cl_demouipanel.obj
c:\users\tannicarcher\documents\source\src\engine\release\win32\cl_txviewpanel.obj
c:\users\tannicarcher\documents\source\src\engine\release\win32\cl_entityreport.obj
c:\users\tannicarcher\documents\source\src\engine\release\win32\cl_localnetworkbackdoor.obj
c:\users\tannicarcher\documents\source\src\engine\release\win32\cl_pluginhelpers.obj
c:\users\tannicarcher\documents\source\src\engine\release\win32\cl_texturelistpanel.obj
c:\users\tannicarcher\documents\source\src\engine\release\win32\console.obj
c:\users\tannicarcher\documents\source\src\engine\release\win32\perfuipanel.obj
c:\users\tannicarcher\documents\source\src\engine\release\win32\vgui_basepanel.obj
c:\users\tannicarcher\documents\source\src\engine\release\win32\vgui_budgetpanel.obj
c:\users\tannicarcher\documents\source\src\engine\release\win32\vgui_debugsystempanel.obj
c:\users\tannicarcher\documents\source\src\engine\release\win32\vgui_drawtreepanel.obj
c:\users\tannicarcher\documents\source\src\engine\release\win32\vgui_helpers.obj
c:\users\tannicarcher\documents\source\src\engine\release\win32\vgui_texturebudgetpanel.obj
c:\users\tannicarcher\documents\source\src\engine\release\win32\vgui_vprofpanel.obj
c:\users\tannicarcher\documents\source\src\engine\release\win32\debug_leafvis.obj
c:\users\tannicarcher\documents\source\src\engine\release\win32\debugoverlay.obj
c:\users\tannicarcher\documents\source\src\engine\release\win32\disp_interface.obj
c:\users\tannicarcher\documents\source\src\engine\release\win32\gl_rsurf.obj
c:\users\tannicarcher\documents\source\src\engine\release\win32\gl_rlight.obj
c:\users\tannicarcher\documents\source\src\engine\release\win32\gl_rmisc.obj
c:\users\tannicarcher\documents\source\src\engine\release\win32\gl_screen.obj
c:\users\tannicarcher\documents\source\src\engine\release\win32\matsys_interface.obj
c:\users\tannicarcher\documents\source\src\engine\release\win32\modelloader.obj
c:\users\tannicarcher\documents\source\src\engine\release\win32\r_areaportal.obj
c:\users\tannicarcher\documents\source\src\engine\release\win32\r_decal.obj
c:\users\tannicarcher\documents\source\src\engine\release\win32\buildcubemaps.obj
c:\users\tannicarcher\documents\source\src\engine\release\win32\decals.obj
c:\users\tannicarcher\documents\source\src\engine\release\win32\disp.obj
c:\users\tannicarcher\documents\source\src\engine\release\win32\disp_mapload.obj
c:\users\tannicarcher\documents\source\src\engine\release\win32\gl_draw.obj
c:\users\tannicarcher\documents\source\src\engine\release\win32\gl_shader.obj
c:\users\tannicarcher\documents\source\src\engine\release\win32\gl_drawlights.obj
c:\users\tannicarcher\documents\source\src\engine\release\win32\gl_lightmap.obj
c:\users\tannicarcher\documents\source\src\engine\release\win32\gl_matsysiface.obj
c:\users\tannicarcher\documents\source\src\engine\release\win32\gl_rmain.obj
c:\users\tannicarcher\documents\source\src\engine\release\win32\gl_warp.obj
c:\users\tannicarcher\documents\source\src\engine\release\win32\l_studio.obj
c:\users\tannicarcher\documents\source\src\engine\release\win32\overlay.obj
c:\users\tannicarcher\documents\source\src\engine\release\win32\r_linefile.obj
c:\users\tannicarcher\documents\source\src\engine\release\win32\shadowmgr.obj
c:\users\tannicarcher\documents\source\src\engine\release\win32\sv_main.obj
c:\users\tannicarcher\documents\source\src\engine\release\win32\sv_filter.obj
c:\users\tannicarcher\documents\source\src\engine\release\win32\sv_framesnapshot.obj
c:\users\tannicarcher\documents\source\src\engine\release\win32\sv_packedentities.obj
c:\users\tannicarcher\documents\source\src\engine\release\win32\sv_redirect.obj
c:\users\tannicarcher\documents\source\src\engine\release\win32\vengineserver_impl.obj
c:\users\tannicarcher\documents\source\src\engine\release\win32\sv_client.obj
c:\users\tannicarcher\documents\source\src\engine\release\win32\sv_ents_write.obj
c:\users\tannicarcher\documents\source\src\engine\release\win32\sv_log.obj
c:\users\tannicarcher\documents\source\src\engine\release\win32\sv_master.obj
c:\users\tannicarcher\documents\source\src\engine\release\win32\sv_plugin.obj
c:\users\tannicarcher\documents\source\src\engine\release\win32\sv_precache.obj
c:\users\tannicarcher\documents\source\src\engine\release\win32\sv_remoteaccess.obj
c:\users\tannicarcher\documents\source\src\engine\release\win32\sys_dll2.obj
c:\users\tannicarcher\documents\source\src\engine\release\win32\snd_dev_common.obj
c:\users\tannicarcher\documents\source\src\engine\release\win32\snd_dma.obj
c:\users\tannicarcher\documents\source\src\engine\release\win32\snd_sentence_mixer.obj
c:\users\tannicarcher\documents\source\src\engine\release\win32\snd_wave_data.obj
c:\users\tannicarcher\documents\source\src\engine\release\win32\snd_wave_temp.obj
c:\users\tannicarcher\documents\source\src\engine\release\win32\snd_win.obj
c:\users\tannicarcher\documents\source\src\engine\release\win32\voice_gain.obj
c:\users\tannicarcher\documents\source\src\engine\release\win32\snd_dev_direct.obj
c:\users\tannicarcher\documents\source\src\engine\release\win32\snd_mp3_source.obj
c:\users\tannicarcher\documents\source\src\engine\release\win32\snd_wave_mixer_mp3.obj
c:\users\tannicarcher\documents\source\src\engine\release\win32\voice.obj
c:\users\tannicarcher\documents\source\src\engine\release\win32\voice_sound_engine_interface.obj
c:\users\tannicarcher\documents\source\src\engine\release\win32\vox.obj
c:\users\tannicarcher\documents\source\src\engine\release\win32\snd_dsp.obj
c:\users\tannicarcher\documents\source\src\engine\release\win32\snd_mix.obj
c:\users\tannicarcher\documents\source\src\engine\release\win32\snd_wave_mixer.obj
c:\users\tannicarcher\documents\source\src\engine\release\win32\snd_wave_mixer_adpcm.obj
c:\users\tannicarcher\documents\source\src\engine\release\win32\snd_wave_source.obj
c:\users\tannicarcher\documents\source\src\engine\release\win32\snd_dev_wave.obj
c:\users\tannicarcher\documents\source\src\engine\release\win32\vbrheader.obj
c:\users\tannicarcher\documents\source\src\engine\release\win32\voice_mixer_controls.obj
c:\users\tannicarcher\documents\source\src\engine\release\win32\voice_record_dsound.obj
c:\users\tannicarcher\documents\source\game\bin\win32\engine.dll
c:\users\tannicarcher\documents\source\game\bin\win32\engine.pdb
c:\users\tannicarcher\documents\source\src\engine\release\win32\halflife.res
c:\users\tannicarcher\documents\source\src\engine\release\win32\engine.lib
c:\users\tannicarcher\documents\source\src\engine\release\win32\engine.exp
c:\users\tannicarcher\documents\source\src\engine\release\win32\engine.tlog\cl.command.1.tlog
c:\users\tannicarcher\documents\source\src\engine\release\win32\engine.tlog\cl.items.tlog
c:\users\tannicarcher\documents\source\src\engine\release\win32\engine.tlog\cl.read.1.tlog
c:\users\tannicarcher\documents\source\src\engine\release\win32\engine.tlog\cl.write.1.tlog
c:\users\tannicarcher\documents\source\src\engine\release\win32\engine.tlog\link.command.1.tlog
c:\users\tannicarcher\documents\source\src\engine\release\win32\engine.tlog\link.read.1.tlog
c:\users\tannicarcher\documents\source\src\engine\release\win32\engine.tlog\link.secondary.1.tlog
c:\users\tannicarcher\documents\source\src\engine\release\win32\engine.tlog\link.write.1.tlog
c:\users\tannicarcher\documents\source\src\engine\release\win32\engine.tlog\rc.command.1.tlog
c:\users\tannicarcher\documents\source\src\engine\release\win32\engine.tlog\rc.read.1.tlog
c:\users\tannicarcher\documents\source\src\engine\release\win32\engine.tlog\rc.write.1.tlog
