c:\users\tannicarcher\documents\source\src\engine\debug\win32\client_pch.pch
c:\users\tannicarcher\documents\source\src\engine\debug\win32\vc143.pdb
c:\users\tannicarcher\documents\source\src\engine\debug\win32\vc143.idb
c:\users\tannicarcher\documents\source\src\engine\debug\win32\client_pch.obj
c:\users\tannicarcher\documents\source\src\engine\debug\win32\render_pch.pch
c:\users\tannicarcher\documents\source\src\engine\debug\win32\render_pch.obj
c:\users\tannicarcher\documents\source\src\engine\debug\win32\server_pch.pch
c:\users\tannicarcher\documents\source\src\engine\debug\win32\server_pch.obj
c:\users\tannicarcher\documents\source\src\engine\debug\win32\audio_pch.pch
c:\users\tannicarcher\documents\source\src\engine\debug\win32\audio_pch.obj
c:\users\tannicarcher\documents\source\src\engine\debug\win32\cl_rcon.obj
c:\users\tannicarcher\documents\source\src\engine\debug\win32\rpt_engine.obj
c:\users\tannicarcher\documents\source\src\engine\debug\win32\clientframe.obj
c:\users\tannicarcher\documents\source\src\engine\debug\win32\decal_clip.obj
c:\users\tannicarcher\documents\source\src\engine\debug\win32\occlusionsystem.obj
c:\users\tannicarcher\documents\source\src\engine\debug\win32\view.obj
c:\users\tannicarcher\documents\source\src\engine\debug\win32\sv_rcon.obj
c:\users\tannicarcher\documents\source\src\engine\debug\win32\sv_uploadgamestats.obj
c:\users\tannicarcher\documents\source\src\engine\debug\win32\baseserver.obj
c:\users\tannicarcher\documents\source\src\engine\debug\win32\builddisp.obj
c:\users\tannicarcher\documents\source\src\engine\debug\win32\changeframelist.obj
c:\users\tannicarcher\documents\source\src\engine\debug\win32\checksum_engine.obj
c:\users\tannicarcher\documents\source\src\engine\debug\win32\cl_bounded_cvars.obj
c:\users\tannicarcher\documents\source\src\engine\debug\win32\cmodel.obj
c:\users\tannicarcher\documents\source\src\engine\debug\win32\cmodel_disp.obj
c:\users\tannicarcher\documents\source\src\engine\debug\win32\common.obj
c:\users\tannicarcher\documents\source\src\engine\debug\win32\disp_common.obj
c:\users\tannicarcher\documents\source\src\engine\debug\win32\disp_defs.obj
c:\users\tannicarcher\documents\source\src\engine\debug\win32\disp_powerinfo.obj
c:\users\tannicarcher\documents\source\src\engine\debug\win32\downloadlistgenerator.obj
c:\users\tannicarcher\documents\source\src\engine\debug\win32\dt.obj
c:\users\tannicarcher\documents\source\src\engine\debug\win32\dt_encode.obj
c:\users\tannicarcher\documents\source\src\engine\debug\win32\dt_instrumentation.obj
c:\users\tannicarcher\documents\source\src\engine\debug\win32\dt_localtransfer.obj
c:\users\tannicarcher\documents\source\src\engine\debug\win32\dt_recv_eng.obj
c:\users\tannicarcher\documents\source\src\engine\debug\win32\dt_send_eng.obj
c:\users\tannicarcher\documents\source\src\engine\debug\win32\dt_test.obj
c:\users\tannicarcher\documents\source\src\engine\debug\win32\dt_utlvector_send.obj
c:\users\tannicarcher\documents\source\src\engine\debug\win32\enginestats.obj
c:\users\tannicarcher\documents\source\src\engine\debug\win32\enginetrace.obj
c:\users\tannicarcher\documents\source\src\engine\debug\win32\filesystem_init.obj
c:\users\tannicarcher\documents\source\src\engine\debug\win32\gameeventmanagerold.obj
c:\users\tannicarcher\documents\source\src\engine\debug\win32\gametrace_engine.obj
c:\users\tannicarcher\documents\source\src\engine\debug\win32\hltvclientstate.obj
c:\users\tannicarcher\documents\source\src\engine\debug\win32\hltvserver.obj
c:\users\tannicarcher\documents\source\src\engine\debug\win32\host.obj
c:\users\tannicarcher\documents\source\src\engine\debug\win32\host_phonehome.obj
c:\users\tannicarcher\documents\source\src\engine\debug\win32\initmathlib.obj
c:\users\tannicarcher\documents\source\src\engine\debug\win32\localnetworkbackdoor.obj
c:\users\tannicarcher\documents\source\src\engine\debug\win32\mapreslistgenerator.obj
c:\users\tannicarcher\documents\source\src\engine\debug\win32\matchmakingqos.obj
c:\users\tannicarcher\documents\source\src\engine\debug\win32\matchmakingshared.obj
c:\users\tannicarcher\documents\source\src\engine\debug\win32\materialproxyfactory.obj
c:\users\tannicarcher\documents\source\src\engine\debug\win32\memoverride.obj
c:\users\tannicarcher\documents\source\src\engine\debug\win32\socketcreator.obj
c:\users\tannicarcher\documents\source\src\engine\debug\win32\cl_steamauth.obj
c:\users\tannicarcher\documents\source\src\engine\debug\win32\demofile.obj
c:\users\tannicarcher\documents\source\src\engine\debug\win32\devshotgenerator.obj
c:\users\tannicarcher\documents\source\src\engine\debug\win32\tmessage.obj
c:\users\tannicarcher\documents\source\src\engine\debug\win32\r_efx.obj
c:\users\tannicarcher\documents\source\src\engine\debug\win32\sv_ipratelimit.obj
c:\users\tannicarcher\documents\source\src\engine\debug\win32\sv_steamauth.obj
c:\users\tannicarcher\documents\source\src\engine\debug\win32\sv_uploaddata.obj
c:\users\tannicarcher\documents\source\src\engine\debug\win32\baseautocompletefilelist.obj
c:\users\tannicarcher\documents\source\src\engine\debug\win32\bitbuf_errorhandler.obj
c:\users\tannicarcher\documents\source\src\engine\debug\win32\blockingudpsocket.obj
c:\users\tannicarcher\documents\source\src\engine\debug\win32\bsptreedata.obj
c:\users\tannicarcher\documents\source\src\engine\debug\win32\buildnum.obj
c:\users\tannicarcher\documents\source\src\engine\debug\win32\clockdriftmgr.obj
c:\users\tannicarcher\documents\source\src\engine\debug\win32\cmd.obj
c:\users\tannicarcher\documents\source\src\engine\debug\win32\cmodel_bsp.obj
c:\users\tannicarcher\documents\source\src\engine\debug\win32\collisionutils.obj
c:\users\tannicarcher\documents\source\src\engine\debug\win32\crtmemdebug.obj
c:\users\tannicarcher\documents\source\src\engine\debug\win32\cvar.obj
c:\users\tannicarcher\documents\source\src\engine\debug\win32\disp_helpers.obj
c:\users\tannicarcher\documents\source\src\engine\debug\win32\dispcoll_common.obj
c:\users\tannicarcher\documents\source\src\engine\debug\win32\downloadthread.obj
c:\users\tannicarcher\documents\source\src\engine\debug\win32\dt_common_eng.obj
c:\users\tannicarcher\documents\source\src\engine\debug\win32\dt_instrumentation_server.obj
c:\users\tannicarcher\documents\source\src\engine\debug\win32\dt_recv.obj
c:\users\tannicarcher\documents\source\src\engine\debug\win32\dt_recv_decoder.obj
c:\users\tannicarcher\documents\source\src\engine\debug\win32\dt_send.obj
c:\users\tannicarcher\documents\source\src\engine\debug\win32\dt_stack.obj
c:\users\tannicarcher\documents\source\src\engine\debug\win32\dt_utlvector_common.obj
c:\users\tannicarcher\documents\source\src\engine\debug\win32\dt_utlvector_recv.obj
c:\users\tannicarcher\documents\source\src\engine\debug\win32\enginesingleuserfilter.obj
c:\users\tannicarcher\documents\source\src\engine\debug\win32\enginethreads.obj
c:\users\tannicarcher\documents\source\src\engine\debug\win32\filesystem_engine.obj
c:\users\tannicarcher\documents\source\src\engine\debug\win32\filesystem_helpers.obj
c:\users\tannicarcher\documents\source\src\engine\debug\win32\filetransfermgr.obj
c:\users\tannicarcher\documents\source\src\engine\debug\win32\gameeventmanager.obj
c:\users\tannicarcher\documents\source\src\engine\debug\win32\hltvclient.obj
c:\users\tannicarcher\documents\source\src\engine\debug\win32\hltvdemo.obj
c:\users\tannicarcher\documents\source\src\engine\debug\win32\hltvtest.obj
c:\users\tannicarcher\documents\source\src\engine\debug\win32\host_cmd.obj
c:\users\tannicarcher\documents\source\src\engine\debug\win32\host_listmaps.obj
c:\users\tannicarcher\documents\source\src\engine\debug\win32\host_state.obj
c:\users\tannicarcher\documents\source\src\engine\debug\win32\language.obj
c:\users\tannicarcher\documents\source\src\engine\debug\win32\loadscreenupdate.obj
c:\users\tannicarcher\documents\source\src\engine\debug\win32\lumpfiles.obj
c:\users\tannicarcher\documents\source\src\engine\debug\win32\matchmakinghost.obj
c:\users\tannicarcher\documents\source\src\engine\debug\win32\matchmakingclient.obj
c:\users\tannicarcher\documents\source\src\engine\debug\win32\matchmakingmigrate.obj
c:\users\tannicarcher\documents\source\src\engine\debug\win32\mem_fgets.obj
c:\users\tannicarcher\documents\source\src\engine\debug\win32\engine.tlog\cl.command.1.tlog
c:\users\tannicarcher\documents\source\src\engine\debug\win32\engine.tlog\cl.read.1.tlog
c:\users\tannicarcher\documents\source\src\engine\debug\win32\engine.tlog\cl.write.1.tlog
