c:\users\tannicarcher\documents\source\src\filesystem\release\win32\stdio\basefilesystem.obj
c:\users\tannicarcher\documents\source\src\filesystem\release\win32\stdio\filesystem_async.obj
c:\users\tannicarcher\documents\source\src\filesystem\release\win32\stdio\kevvaluescompiler.obj
c:\users\tannicarcher\documents\source\src\filesystem\release\win32\stdio\queuedloader.obj
c:\users\tannicarcher\documents\source\src\filesystem\release\win32\stdio\memoverride.obj
c:\users\tannicarcher\documents\source\src\filesystem\release\win32\stdio\filetracker.obj
c:\users\tannicarcher\documents\source\src\filesystem\release\win32\stdio\filesystem_stdio.obj
c:\users\tannicarcher\documents\source\src\filesystem\release\win32\stdio\zip_utils.obj
c:\users\tannicarcher\documents\source\src\filesystem\release\win32\stdio\packfile.obj
c:\users\tannicarcher\documents\source\src\filesystem\release\win32\stdio\vc143.pdb
c:\users\tannicarcher\documents\source\game\bin\win32\filesystem_stdio.dll
c:\users\tannicarcher\documents\source\game\bin\win32\filesystem_stdio.pdb
c:\users\tannicarcher\documents\source\src\filesystem\release\win32\filesystem_stdio.lib
c:\users\tannicarcher\documents\source\src\filesystem\release\win32\filesystem_stdio.exp
c:\users\tannicarcher\documents\source\src\filesystem\release\win32\stdio\filesystem_stdio.tlog\cl.6596.write.1.tlog
c:\users\tannicarcher\documents\source\src\filesystem\release\win32\stdio\filesystem_stdio.tlog\cl.command.1.tlog
c:\users\tannicarcher\documents\source\src\filesystem\release\win32\stdio\filesystem_stdio.tlog\cl.items.tlog
c:\users\tannicarcher\documents\source\src\filesystem\release\win32\stdio\filesystem_stdio.tlog\cl.read.1.tlog
c:\users\tannicarcher\documents\source\src\filesystem\release\win32\stdio\filesystem_stdio.tlog\link.command.1.tlog
c:\users\tannicarcher\documents\source\src\filesystem\release\win32\stdio\filesystem_stdio.tlog\link.read.1.tlog
c:\users\tannicarcher\documents\source\src\filesystem\release\win32\stdio\filesystem_stdio.tlog\link.secondary.1.tlog
c:\users\tannicarcher\documents\source\src\filesystem\release\win32\stdio\filesystem_stdio.tlog\link.write.1.tlog
