c:\users\tannicarcher\documents\source\src\vgui2\vlocalize\debug\win32\createtokendialog.obj
c:\users\tannicarcher\documents\source\src\vgui2\vlocalize\debug\win32\localizationdialog.obj
c:\users\tannicarcher\documents\source\src\vgui2\vlocalize\debug\win32\vgui_controls.obj
c:\users\tannicarcher\documents\source\src\vgui2\vlocalize\debug\win32\memoverride.obj
c:\users\tannicarcher\documents\source\src\vgui2\vlocalize\debug\win32\main.obj
c:\users\tannicarcher\documents\source\src\vgui2\vlocalize\debug\win32\vc143.pdb
c:\users\tannicarcher\documents\source\game\bin\win32\vlocalize.exe
c:\users\tannicarcher\documents\source\game\bin\win32\vlocalize.pdb
c:\users\tannicarcher\documents\source\src\vgui2\vlocalize\debug\win32\vlocalize.lib
c:\users\tannicarcher\documents\source\src\vgui2\vlocalize\debug\win32\vlocalize.exp
c:\users\tannicarcher\documents\source\game\bin\win32\vlocalize.ilk
c:\users\tannicarcher\documents\source\src\vgui2\vlocalize\debug\win32\vc143.idb
c:\users\tannicarcher\documents\source\src\vgui2\vlocalize\debug\win32\vlocalize.tlog\cl.5008.write.1.tlog
c:\users\tannicarcher\documents\source\src\vgui2\vlocalize\debug\win32\vlocalize.tlog\cl.command.1.tlog
c:\users\tannicarcher\documents\source\src\vgui2\vlocalize\debug\win32\vlocalize.tlog\cl.items.tlog
c:\users\tannicarcher\documents\source\src\vgui2\vlocalize\debug\win32\vlocalize.tlog\cl.read.1.tlog
c:\users\tannicarcher\documents\source\src\vgui2\vlocalize\debug\win32\vlocalize.tlog\link.command.1.tlog
c:\users\tannicarcher\documents\source\src\vgui2\vlocalize\debug\win32\vlocalize.tlog\link.read.1.tlog
c:\users\tannicarcher\documents\source\src\vgui2\vlocalize\debug\win32\vlocalize.tlog\link.secondary.1.tlog
c:\users\tannicarcher\documents\source\src\vgui2\vlocalize\debug\win32\vlocalize.tlog\link.write.1.tlog
