c:\users\tannicarcher\documents\source\src\utils\vcd_sound_check\release\vcd_sound_check.pch
c:\users\tannicarcher\documents\source\src\utils\vcd_sound_check\release\win32\vc143.pdb
c:\users\tannicarcher\documents\source\src\utils\vcd_sound_check\release\win32\stdafx.obj
c:\users\tannicarcher\documents\source\src\utils\vcd_sound_check\release\win32\cmdlib.obj
c:\users\tannicarcher\documents\source\src\utils\vcd_sound_check\release\win32\filesystem_init.obj
c:\users\tannicarcher\documents\source\src\utils\vcd_sound_check\release\win32\interval.obj
c:\users\tannicarcher\documents\source\src\utils\vcd_sound_check\release\win32\scriplib.obj
c:\users\tannicarcher\documents\source\src\utils\vcd_sound_check\release\win32\memoverride.obj
c:\users\tannicarcher\documents\source\src\utils\vcd_sound_check\release\win32\filesystem_helpers.obj
c:\users\tannicarcher\documents\source\src\utils\vcd_sound_check\release\win32\filesystem_tools.obj
c:\users\tannicarcher\documents\source\src\utils\vcd_sound_check\release\win32\interpolatortypes.obj
c:\users\tannicarcher\documents\source\src\utils\vcd_sound_check\release\win32\vcd_sound_check.obj
c:\users\tannicarcher\documents\source\game\bin\win32\vcd_sound_check.exe
c:\users\tannicarcher\documents\source\game\bin\win32\vcd_sound_check.pdb
c:\users\tannicarcher\documents\source\src\utils\vcd_sound_check\release\win32\vcd_sound_check.lib
c:\users\tannicarcher\documents\source\src\utils\vcd_sound_check\release\win32\vcd_sound_check.exp
c:\users\tannicarcher\documents\source\src\utils\vcd_sound_check\release\win32\vcd_sound_check.tlog\cl.command.1.tlog
c:\users\tannicarcher\documents\source\src\utils\vcd_sound_check\release\win32\vcd_sound_check.tlog\cl.items.tlog
c:\users\tannicarcher\documents\source\src\utils\vcd_sound_check\release\win32\vcd_sound_check.tlog\cl.read.1.tlog
c:\users\tannicarcher\documents\source\src\utils\vcd_sound_check\release\win32\vcd_sound_check.tlog\cl.write.1.tlog
c:\users\tannicarcher\documents\source\src\utils\vcd_sound_check\release\win32\vcd_sound_check.tlog\link.command.1.tlog
c:\users\tannicarcher\documents\source\src\utils\vcd_sound_check\release\win32\vcd_sound_check.tlog\link.read.1.tlog
c:\users\tannicarcher\documents\source\src\utils\vcd_sound_check\release\win32\vcd_sound_check.tlog\link.secondary.1.tlog
c:\users\tannicarcher\documents\source\src\utils\vcd_sound_check\release\win32\vcd_sound_check.tlog\link.write.1.tlog
