c:\users\tannicarcher\documents\source\src\utils\hlfaceposer\release\win32\vc143.pdb
c:\users\tannicarcher\documents\source\src\utils\hlfaceposer\release\win32\studio_utils.obj
c:\users\tannicarcher\documents\source\src\utils\hlfaceposer\release\win32\memoverride.obj
c:\users\tannicarcher\documents\source\src\utils\hlfaceposer\release\win32\addsoundentry.obj
c:\users\tannicarcher\documents\source\src\utils\hlfaceposer\release\win32\basedialogparams.obj
c:\users\tannicarcher\documents\source\src\utils\hlfaceposer\release\win32\channelproperties.obj
c:\users\tannicarcher\documents\source\src\utils\hlfaceposer\release\win32\choreoview.obj
c:\users\tannicarcher\documents\source\src\utils\hlfaceposer\release\win32\debugdrawmodel.obj
c:\users\tannicarcher\documents\source\src\utils\hlfaceposer\release\win32\editphrase.obj
c:\users\tannicarcher\documents\source\src\utils\hlfaceposer\release\win32\eventproperties.obj
c:\users\tannicarcher\documents\source\src\utils\hlfaceposer\release\win32\eventproperties_face.obj
c:\users\tannicarcher\documents\source\src\utils\hlfaceposer\release\win32\eventproperties_flexanimation.obj
c:\users\tannicarcher\documents\source\src\utils\hlfaceposer\release\win32\eventproperties_gesture.obj
c:\users\tannicarcher\documents\source\src\utils\hlfaceposer\release\win32\eventproperties_moveto.obj
c:\users\tannicarcher\documents\source\src\utils\hlfaceposer\release\win32\eventproperties_sequence.obj
c:\users\tannicarcher\documents\source\src\utils\hlfaceposer\release\win32\eventproperties_subscene.obj
c:\users\tannicarcher\documents\source\src\utils\hlfaceposer\release\win32\expression.obj
c:\users\tannicarcher\documents\source\src\utils\hlfaceposer\release\win32\expressions.obj
c:\users\tannicarcher\documents\source\src\utils\hlfaceposer\release\win32\faceposer_models.obj
c:\users\tannicarcher\documents\source\src\utils\hlfaceposer\release\win32\faceposertoolwindow.obj
c:\users\tannicarcher\documents\source\src\utils\hlfaceposer\release\win32\flexpanel.obj
c:\users\tannicarcher\documents\source\src\utils\hlfaceposer\release\win32\globaleventproperties.obj
c:\users\tannicarcher\documents\source\src\utils\hlfaceposer\release\win32\inputproperties.obj
c:\users\tannicarcher\documents\source\src\utils\hlfaceposer\release\win32\interpolatortypes.obj
c:\users\tannicarcher\documents\source\src\utils\hlfaceposer\release\win32\matsyswin.obj
c:\users\tannicarcher\documents\source\src\utils\hlfaceposer\release\win32\mxbitmapbutton.obj
c:\users\tannicarcher\documents\source\src\utils\hlfaceposer\release\win32\mxbitmapwindow.obj
c:\users\tannicarcher\documents\source\src\utils\hlfaceposer\release\win32\mxexpressiontab.obj
c:\users\tannicarcher\documents\source\src\utils\hlfaceposer\release\win32\mxexpressiontray.obj
c:\users\tannicarcher\documents\source\src\utils\hlfaceposer\release\win32\phonemeeditor.obj
c:\users\tannicarcher\documents\source\src\utils\hlfaceposer\release\win32\sceneramptool.obj
c:\users\tannicarcher\documents\source\src\utils\hlfaceposer\release\win32\soundlookup.obj
c:\users\tannicarcher\documents\source\src\utils\hlfaceposer\release\win32\tabwindow.obj
c:\users\tannicarcher\documents\source\src\utils\hlfaceposer\release\win32\vcdbrowser.obj
c:\users\tannicarcher\documents\source\src\utils\hlfaceposer\release\win32\wavefile.obj
c:\users\tannicarcher\documents\source\src\utils\hlfaceposer\release\win32\choreoactorwidget.obj
c:\users\tannicarcher\documents\source\src\utils\hlfaceposer\release\win32\choreoeventwidget.obj
c:\users\tannicarcher\documents\source\src\utils\hlfaceposer\release\win32\choreowidget.obj
c:\users\tannicarcher\documents\source\src\utils\hlfaceposer\release\win32\faceposer_vgui.obj
c:\users\tannicarcher\documents\source\src\utils\hlfaceposer\release\win32\vgui_controls.obj
c:\users\tannicarcher\documents\source\src\utils\hlfaceposer\release\win32\collisionutils.obj
c:\users\tannicarcher\documents\source\src\utils\hlfaceposer\release\win32\filesystem_init.obj
c:\users\tannicarcher\documents\source\src\utils\hlfaceposer\release\win32\scriplib.obj
c:\users\tannicarcher\documents\source\src\utils\hlfaceposer\release\win32\soundcombiner.obj
c:\users\tannicarcher\documents\source\src\utils\hlfaceposer\release\win32\studio_render.obj
c:\users\tannicarcher\documents\source\src\utils\hlfaceposer\release\win32\viewersettings.obj
c:\users\tannicarcher\documents\source\src\utils\hlfaceposer\release\win32\snd_wave_mixer_adpcm.obj
c:\users\tannicarcher\documents\source\src\utils\hlfaceposer\release\win32\sound.obj
c:\users\tannicarcher\documents\source\src\utils\hlfaceposer\release\win32\actorproperties.obj
c:\users\tannicarcher\documents\source\src\utils\hlfaceposer\release\win32\animationbrowser.obj
c:\users\tannicarcher\documents\source\src\utils\hlfaceposer\release\win32\cclookup.obj
c:\users\tannicarcher\documents\source\src\utils\hlfaceposer\release\win32\choiceproperties.obj
c:\users\tannicarcher\documents\source\src\utils\hlfaceposer\release\win32\closecaptiontool.obj
c:\users\tannicarcher\documents\source\src\utils\hlfaceposer\release\win32\controlpanel.obj
c:\users\tannicarcher\documents\source\src\utils\hlfaceposer\release\win32\edgeproperties.obj
c:\users\tannicarcher\documents\source\src\utils\hlfaceposer\release\win32\eventproperties_expression.obj
c:\users\tannicarcher\documents\source\src\utils\hlfaceposer\release\win32\eventproperties_firetrigger.obj
c:\users\tannicarcher\documents\source\src\utils\hlfaceposer\release\win32\eventproperties_generic.obj
c:\users\tannicarcher\documents\source\src\utils\hlfaceposer\release\win32\eventproperties_interrupt.obj
c:\users\tannicarcher\documents\source\src\utils\hlfaceposer\release\win32\eventproperties_lookat.obj
c:\users\tannicarcher\documents\source\src\utils\hlfaceposer\release\win32\eventproperties_permitresponses.obj
c:\users\tannicarcher\documents\source\src\utils\hlfaceposer\release\win32\eventproperties_speak.obj
c:\users\tannicarcher\documents\source\src\utils\hlfaceposer\release\win32\expclass.obj
c:\users\tannicarcher\documents\source\src\utils\hlfaceposer\release\win32\expressionproperties.obj
c:\users\tannicarcher\documents\source\src\utils\hlfaceposer\release\win32\expressiontool.obj
c:\users\tannicarcher\documents\source\src\utils\hlfaceposer\release\win32\faceposerworkspace.obj
c:\users\tannicarcher\documents\source\src\utils\hlfaceposer\release\win32\fileloaderthread.obj
c:\users\tannicarcher\documents\source\src\utils\hlfaceposer\release\win32\gesturetool.obj
c:\users\tannicarcher\documents\source\src\utils\hlfaceposer\release\win32\hlfaceposer.obj
c:\users\tannicarcher\documents\source\src\utils\hlfaceposer\release\win32\interval.obj
c:\users\tannicarcher\documents\source\src\utils\hlfaceposer\release\win32\mdlviewer.obj
c:\users\tannicarcher\documents\source\src\utils\hlfaceposer\release\win32\mxbitmaptools.obj
c:\users\tannicarcher\documents\source\src\utils\hlfaceposer\release\win32\mxexpressionslider.obj
c:\users\tannicarcher\documents\source\src\utils\hlfaceposer\release\win32\mxstatuswindow.obj
c:\users\tannicarcher\documents\source\src\utils\hlfaceposer\release\win32\phonemeconverter.obj
c:\users\tannicarcher\documents\source\src\utils\hlfaceposer\release\win32\phonemeproperties.obj
c:\users\tannicarcher\documents\source\src\utils\hlfaceposer\release\win32\progressdialog.obj
c:\users\tannicarcher\documents\source\src\utils\hlfaceposer\release\win32\ramptool.obj
c:\users\tannicarcher\documents\source\src\utils\hlfaceposer\release\win32\sentence.obj
c:\users\tannicarcher\documents\source\src\utils\hlfaceposer\release\win32\soundparametersinternal.obj
c:\users\tannicarcher\documents\source\src\utils\hlfaceposer\release\win32\timelineitem.obj
c:\users\tannicarcher\documents\source\src\utils\hlfaceposer\release\win32\wavebrowser.obj
c:\users\tannicarcher\documents\source\src\utils\hlfaceposer\release\win32\choreochannelwidget.obj
c:\users\tannicarcher\documents\source\src\utils\hlfaceposer\release\win32\choreoglobaleventwidget.obj
c:\users\tannicarcher\documents\source\src\utils\hlfaceposer\release\win32\choreowidgetdrawhelper.obj
c:\users\tannicarcher\documents\source\src\utils\hlfaceposer\release\win32\vguiwnd.obj
c:\users\tannicarcher\documents\source\src\utils\hlfaceposer\release\win32\bone_setup.obj
c:\users\tannicarcher\documents\source\src\utils\hlfaceposer\release\win32\filesystem_helpers.obj
c:\users\tannicarcher\documents\source\src\utils\hlfaceposer\release\win32\jigglebones.obj
c:\users\tannicarcher\documents\source\src\utils\hlfaceposer\release\win32\physmesh.obj
c:\users\tannicarcher\documents\source\src\utils\hlfaceposer\release\win32\studio.obj
c:\users\tannicarcher\documents\source\src\utils\hlfaceposer\release\win32\studio_flex.obj
c:\users\tannicarcher\documents\source\src\utils\hlfaceposer\release\win32\snd_audio_source.obj
c:\users\tannicarcher\documents\source\src\utils\hlfaceposer\release\win32\snd_wave_mixer.obj
c:\users\tannicarcher\documents\source\src\utils\hlfaceposer\release\win32\snd_wave_source.obj
c:\users\tannicarcher\documents\source\game\bin\win32\hlfaceposer.exe
c:\users\tannicarcher\documents\source\game\bin\win32\hlfaceposer.pdb
c:\users\tannicarcher\documents\source\src\utils\hlfaceposer\release\win32\hlfaceposer.res
c:\users\tannicarcher\documents\source\src\utils\hlfaceposer\release\win32\hlfaceposer.lib
c:\users\tannicarcher\documents\source\src\utils\hlfaceposer\release\win32\hlfaceposer.exp
c:\users\tannicarcher\documents\source\src\utils\hlfaceposer\release\win32\hlfaceposer.tlog\cl.command.1.tlog
c:\users\tannicarcher\documents\source\src\utils\hlfaceposer\release\win32\hlfaceposer.tlog\cl.items.tlog
c:\users\tannicarcher\documents\source\src\utils\hlfaceposer\release\win32\hlfaceposer.tlog\cl.read.1.tlog
c:\users\tannicarcher\documents\source\src\utils\hlfaceposer\release\win32\hlfaceposer.tlog\cl.write.1.tlog
c:\users\tannicarcher\documents\source\src\utils\hlfaceposer\release\win32\hlfaceposer.tlog\link.command.1.tlog
c:\users\tannicarcher\documents\source\src\utils\hlfaceposer\release\win32\hlfaceposer.tlog\link.read.1.tlog
c:\users\tannicarcher\documents\source\src\utils\hlfaceposer\release\win32\hlfaceposer.tlog\link.secondary.1.tlog
c:\users\tannicarcher\documents\source\src\utils\hlfaceposer\release\win32\hlfaceposer.tlog\link.write.1.tlog
c:\users\tannicarcher\documents\source\src\utils\hlfaceposer\release\win32\hlfaceposer.tlog\rc.command.1.tlog
c:\users\tannicarcher\documents\source\src\utils\hlfaceposer\release\win32\hlfaceposer.tlog\rc.read.1.tlog
c:\users\tannicarcher\documents\source\src\utils\hlfaceposer\release\win32\hlfaceposer.tlog\rc.write.1.tlog
