c:\users\tannicarcher\documents\source\src\utils\scenemanager\release\scenemanager.pch
c:\users\tannicarcher\documents\source\src\utils\scenemanager\release\win32\vc143.pdb
c:\users\tannicarcher\documents\source\src\utils\scenemanager\release\win32\cbase.obj
c:\users\tannicarcher\documents\source\src\utils\scenemanager\release\win32\cmdlib.obj
c:\users\tannicarcher\documents\source\src\utils\scenemanager\release\win32\filesystem_init.obj
c:\users\tannicarcher\documents\source\src\utils\scenemanager\release\win32\interpolatortypes.obj
c:\users\tannicarcher\documents\source\src\utils\scenemanager\release\win32\scriplib.obj
c:\users\tannicarcher\documents\source\src\utils\scenemanager\release\win32\sentence.obj
c:\users\tannicarcher\documents\source\src\utils\scenemanager\release\win32\memoverride.obj
c:\users\tannicarcher\documents\source\src\utils\scenemanager\release\win32\filesystem_helpers.obj
c:\users\tannicarcher\documents\source\src\utils\scenemanager\release\win32\filesystem_tools.obj
c:\users\tannicarcher\documents\source\src\utils\scenemanager\release\win32\interval.obj
c:\users\tannicarcher\documents\source\src\utils\scenemanager\release\win32\itreeitem.obj
c:\users\tannicarcher\documents\source\src\utils\scenemanager\release\win32\drawhelper.obj
c:\users\tannicarcher\documents\source\src\utils\scenemanager\release\win32\inputproperties.obj
c:\users\tannicarcher\documents\source\src\utils\scenemanager\release\win32\multiplerequest.obj
c:\users\tannicarcher\documents\source\src\utils\scenemanager\release\win32\scene.obj
c:\users\tannicarcher\documents\source\src\utils\scenemanager\release\win32\scenemanager.obj
c:\users\tannicarcher\documents\source\src\utils\scenemanager\release\win32\soundbrowser.obj
c:\users\tannicarcher\documents\source\src\utils\scenemanager\release\win32\soundproperties.obj
c:\users\tannicarcher\documents\source\src\utils\scenemanager\release\win32\tabwindow.obj
c:\users\tannicarcher\documents\source\src\utils\scenemanager\release\win32\vssproperties.obj
c:\users\tannicarcher\documents\source\src\utils\scenemanager\release\win32\wavebrowser.obj
c:\users\tannicarcher\documents\source\src\utils\scenemanager\release\win32\workspace.obj
c:\users\tannicarcher\documents\source\src\utils\scenemanager\release\win32\workspacemanager.obj
c:\users\tannicarcher\documents\source\src\utils\scenemanager\release\win32\basedialogparams.obj
c:\users\tannicarcher\documents\source\src\utils\scenemanager\release\win32\fileloaderthread.obj
c:\users\tannicarcher\documents\source\src\utils\scenemanager\release\win32\project.obj
c:\users\tannicarcher\documents\source\src\utils\scenemanager\release\win32\scenemanager_tools.obj
c:\users\tannicarcher\documents\source\src\utils\scenemanager\release\win32\soundentry.obj
c:\users\tannicarcher\documents\source\src\utils\scenemanager\release\win32\soundparametersinternal.obj
c:\users\tannicarcher\documents\source\src\utils\scenemanager\release\win32\soundproperties_multiple.obj
c:\users\tannicarcher\documents\source\src\utils\scenemanager\release\win32\statuswindow.obj
c:\users\tannicarcher\documents\source\src\utils\scenemanager\release\win32\vcdfile.obj
c:\users\tannicarcher\documents\source\src\utils\scenemanager\release\win32\wavefile.obj
c:\users\tannicarcher\documents\source\src\utils\scenemanager\release\win32\waveproperties.obj
c:\users\tannicarcher\documents\source\src\utils\scenemanager\release\win32\workspacebrowser.obj
c:\users\tannicarcher\documents\source\src\utils\scenemanager\release\win32\snd_audio_source.obj
c:\users\tannicarcher\documents\source\src\utils\scenemanager\release\win32\snd_wave_mixer.obj
c:\users\tannicarcher\documents\source\src\utils\scenemanager\release\win32\snd_wave_mixer_adpcm.obj
c:\users\tannicarcher\documents\source\src\utils\scenemanager\release\win32\snd_wave_source.obj
c:\users\tannicarcher\documents\source\src\utils\scenemanager\release\win32\sound.obj
c:\users\tannicarcher\documents\source\game\bin\win32\scenemanager.exe
c:\users\tannicarcher\documents\source\game\bin\win32\scenemanager.pdb
c:\users\tannicarcher\documents\source\src\utils\scenemanager\release\win32\scenemanager.res
c:\users\tannicarcher\documents\source\src\utils\scenemanager\release\win32\scenemanager.lib
c:\users\tannicarcher\documents\source\src\utils\scenemanager\release\win32\scenemanager.exp
c:\users\tannicarcher\documents\source\src\utils\scenemanager\release\win32\scenemanager.tlog\cl.command.1.tlog
c:\users\tannicarcher\documents\source\src\utils\scenemanager\release\win32\scenemanager.tlog\cl.items.tlog
c:\users\tannicarcher\documents\source\src\utils\scenemanager\release\win32\scenemanager.tlog\cl.read.1.tlog
c:\users\tannicarcher\documents\source\src\utils\scenemanager\release\win32\scenemanager.tlog\cl.write.1.tlog
c:\users\tannicarcher\documents\source\src\utils\scenemanager\release\win32\scenemanager.tlog\link.command.1.tlog
c:\users\tannicarcher\documents\source\src\utils\scenemanager\release\win32\scenemanager.tlog\link.read.1.tlog
c:\users\tannicarcher\documents\source\src\utils\scenemanager\release\win32\scenemanager.tlog\link.secondary.1.tlog
c:\users\tannicarcher\documents\source\src\utils\scenemanager\release\win32\scenemanager.tlog\link.write.1.tlog
c:\users\tannicarcher\documents\source\src\utils\scenemanager\release\win32\scenemanager.tlog\rc.command.1.tlog
c:\users\tannicarcher\documents\source\src\utils\scenemanager\release\win32\scenemanager.tlog\rc.read.1.tlog
c:\users\tannicarcher\documents\source\src\utils\scenemanager\release\win32\scenemanager.tlog\rc.write.1.tlog
