c:\users\tannicarcher\documents\source\src\tier0\debug\win32\tier0.pch
c:\users\tannicarcher\documents\source\src\tier0\debug\win32\vc143.pdb
c:\users\tannicarcher\documents\source\src\tier0\debug\win32\vc143.idb
c:\users\tannicarcher\documents\source\src\tier0\debug\win32\pch_tier0.obj
c:\users\tannicarcher\documents\source\src\tier0\debug\win32\threadtools.obj
c:\users\tannicarcher\documents\source\src\tier0\debug\win32\assert_dialog.obj
c:\users\tannicarcher\documents\source\src\tier0\debug\win32\fasttimer.obj
c:\users\tannicarcher\documents\source\src\tier0\debug\win32\mem.obj
c:\users\tannicarcher\documents\source\src\tier0\debug\win32\mem_helpers.obj
c:\users\tannicarcher\documents\source\src\tier0\debug\win32\memstd.obj
c:\users\tannicarcher\documents\source\src\tier0\debug\win32\memvalidate.obj
c:\users\tannicarcher\documents\source\src\tier0\debug\win32\platform.obj
c:\users\tannicarcher\documents\source\src\tier0\debug\win32\progressbar.obj
c:\users\tannicarcher\documents\source\src\tier0\debug\win32\thread.obj
c:\users\tannicarcher\documents\source\src\tier0\debug\win32\vcrmode.obj
c:\users\tannicarcher\documents\source\src\tier0\debug\win32\win32consoleio.obj
c:\users\tannicarcher\documents\source\src\tier0\debug\win32\commandline.obj
c:\users\tannicarcher\documents\source\src\tier0\debug\win32\dbg.obj
c:\users\tannicarcher\documents\source\src\tier0\debug\win32\memdbg.obj
c:\users\tannicarcher\documents\source\src\tier0\debug\win32\pme.obj
c:\users\tannicarcher\documents\source\src\tier0\debug\win32\security.obj
c:\users\tannicarcher\documents\source\src\tier0\debug\win32\systeminformation.obj
c:\users\tannicarcher\documents\source\src\tier0\debug\win32\tslist.obj
c:\users\tannicarcher\documents\source\src\tier0\debug\win32\vprof.obj
c:\users\tannicarcher\documents\source\src\tier0\debug\win32\minidump.obj
c:\users\tannicarcher\documents\source\src\tier0\debug\win32\cpu.obj
c:\users\tannicarcher\documents\source\src\tier0\debug\win32\pmelib.obj
c:\users\tannicarcher\documents\source\game\bin\win32\tier0.dll
c:\users\tannicarcher\documents\source\game\bin\win32\tier0.pdb
c:\users\tannicarcher\documents\source\src\tier0\debug\win32\assert_dialog.res
c:\users\tannicarcher\documents\source\src\lib\public\win32\tier0.lib
c:\users\tannicarcher\documents\source\src\lib\public\win32\tier0.exp
c:\users\tannicarcher\documents\source\game\bin\win32\tier0.ilk
c:\users\tannicarcher\documents\source\src\tier0\debug\win32\tier0.tlog\cl.command.1.tlog
c:\users\tannicarcher\documents\source\src\tier0\debug\win32\tier0.tlog\cl.items.tlog
c:\users\tannicarcher\documents\source\src\tier0\debug\win32\tier0.tlog\cl.read.1.tlog
c:\users\tannicarcher\documents\source\src\tier0\debug\win32\tier0.tlog\cl.write.1.tlog
c:\users\tannicarcher\documents\source\src\tier0\debug\win32\tier0.tlog\link.command.1.tlog
c:\users\tannicarcher\documents\source\src\tier0\debug\win32\tier0.tlog\link.read.1.tlog
c:\users\tannicarcher\documents\source\src\tier0\debug\win32\tier0.tlog\link.secondary.1.tlog
c:\users\tannicarcher\documents\source\src\tier0\debug\win32\tier0.tlog\link.write.1.tlog
c:\users\tannicarcher\documents\source\src\tier0\debug\win32\tier0.tlog\rc.command.1.tlog
c:\users\tannicarcher\documents\source\src\tier0\debug\win32\tier0.tlog\rc.read.1.tlog
c:\users\tannicarcher\documents\source\src\tier0\debug\win32\tier0.tlog\rc.write.1.tlog
