c:\users\tannicarcher\documents\source\src\tier1\debug\win32\newbitbuf.obj
c:\users\tannicarcher\documents\source\src\tier1\debug\win32\byteswap.obj
c:\users\tannicarcher\documents\source\src\tier1\debug\win32\checksum_md5.obj
c:\users\tannicarcher\documents\source\src\tier1\debug\win32\convar.obj
c:\users\tannicarcher\documents\source\src\tier1\debug\win32\diff.obj
c:\users\tannicarcher\documents\source\src\tier1\debug\win32\generichash.obj
c:\users\tannicarcher\documents\source\src\tier1\debug\win32\interface.obj
c:\users\tannicarcher\documents\source\src\tier1\debug\win32\kvpacker.obj
c:\users\tannicarcher\documents\source\src\tier1\debug\win32\lzmadecoder.obj
c:\users\tannicarcher\documents\source\src\tier1\debug\win32\lzss.obj
c:\users\tannicarcher\documents\source\src\tier1\debug\win32\memstack.obj
c:\users\tannicarcher\documents\source\src\tier1\debug\win32\splitstring.obj
c:\users\tannicarcher\documents\source\src\tier1\debug\win32\reliabletimer.obj
c:\users\tannicarcher\documents\source\src\tier1\debug\win32\strtools.obj
c:\users\tannicarcher\documents\source\src\tier1\debug\win32\tokenreader.obj
c:\users\tannicarcher\documents\source\src\tier1\debug\win32\uniqueid.obj
c:\users\tannicarcher\documents\source\src\tier1\debug\win32\utlstring.obj
c:\users\tannicarcher\documents\source\src\tier1\debug\win32\utlbinaryblock.obj
c:\users\tannicarcher\documents\source\src\tier1\debug\win32\snappy-sinksource.obj
c:\users\tannicarcher\documents\source\src\tier1\debug\win32\snappy-stubs-internal.obj
c:\users\tannicarcher\documents\source\src\tier1\debug\win32\bitbuf.obj
c:\users\tannicarcher\documents\source\src\tier1\debug\win32\characterset.obj
c:\users\tannicarcher\documents\source\src\tier1\debug\win32\checksum_crc.obj
c:\users\tannicarcher\documents\source\src\tier1\debug\win32\checksum_sha1.obj
c:\users\tannicarcher\documents\source\src\tier1\debug\win32\commandbuffer.obj
c:\users\tannicarcher\documents\source\src\tier1\debug\win32\datamanager.obj
c:\users\tannicarcher\documents\source\src\tier1\debug\win32\ilocalize.obj
c:\users\tannicarcher\documents\source\src\tier1\debug\win32\keyvalues.obj
c:\users\tannicarcher\documents\source\src\tier1\debug\win32\mempool.obj
c:\users\tannicarcher\documents\source\src\tier1\debug\win32\netadr.obj
c:\users\tannicarcher\documents\source\src\tier1\debug\win32\processor_detect.obj
c:\users\tannicarcher\documents\source\src\tier1\debug\win32\rangecheckedvar.obj
c:\users\tannicarcher\documents\source\src\tier1\debug\win32\stringpool.obj
c:\users\tannicarcher\documents\source\src\tier1\debug\win32\strtools_unicode.obj
c:\users\tannicarcher\documents\source\src\tier1\debug\win32\tier1.obj
c:\users\tannicarcher\documents\source\src\tier1\debug\win32\sparsematrix.obj
c:\users\tannicarcher\documents\source\src\tier1\debug\win32\utlbuffer.obj
c:\users\tannicarcher\documents\source\src\tier1\debug\win32\utlbufferutil.obj
c:\users\tannicarcher\documents\source\src\tier1\debug\win32\utlsymbol.obj
c:\users\tannicarcher\documents\source\src\tier1\debug\win32\snappy.obj
c:\users\tannicarcher\documents\source\src\tier1\debug\win32\lzmadec.obj
c:\users\tannicarcher\documents\source\src\lib\public\win32\tier1.pdb
c:\users\tannicarcher\documents\source\src\lib\public\win32\tier1.lib
c:\users\tannicarcher\documents\source\src\tier1\debug\win32\tier1.tlog\cl.6264.write.1.tlog
c:\users\tannicarcher\documents\source\src\tier1\debug\win32\tier1.tlog\cl.command.1.tlog
c:\users\tannicarcher\documents\source\src\tier1\debug\win32\tier1.tlog\cl.items.tlog
c:\users\tannicarcher\documents\source\src\tier1\debug\win32\tier1.tlog\cl.read.1.tlog
c:\users\tannicarcher\documents\source\src\tier1\debug\win32\tier1.tlog\lib-link.read.1.tlog
c:\users\tannicarcher\documents\source\src\tier1\debug\win32\tier1.tlog\lib-link.write.1.tlog
c:\users\tannicarcher\documents\source\src\tier1\debug\win32\tier1.tlog\lib.command.1.tlog
