c:\users\tannicarcher\documents\source\src\utils\sdklauncher\release\win32\configmanager.obj
c:\users\tannicarcher\documents\source\src\utils\sdklauncher\release\win32\createmodwizard.obj
c:\users\tannicarcher\documents\source\src\utils\sdklauncher\release\win32\registry.obj
c:\users\tannicarcher\documents\source\src\utils\sdklauncher\release\win32\main.obj
c:\users\tannicarcher\documents\source\src\utils\sdklauncher\release\win32\modwizard_copyfiles.obj
c:\users\tannicarcher\documents\source\src\utils\sdklauncher\release\win32\modwizard_finished.obj
c:\users\tannicarcher\documents\source\src\utils\sdklauncher\release\win32\modwizard_intro.obj
c:\users\tannicarcher\documents\source\src\utils\sdklauncher\release\win32\vgui_controls.obj
c:\users\tannicarcher\documents\source\src\utils\sdklauncher\release\win32\memoverride.obj
c:\users\tannicarcher\documents\source\src\utils\sdklauncher\release\win32\sourceappinfo.obj
c:\users\tannicarcher\documents\source\src\utils\sdklauncher\release\win32\configs.obj
c:\users\tannicarcher\documents\source\src\utils\sdklauncher\release\win32\filesystem_init.obj
c:\users\tannicarcher\documents\source\src\utils\sdklauncher\release\win32\min_footprint_files.obj
c:\users\tannicarcher\documents\source\src\utils\sdklauncher\release\win32\modconfigshelper.obj
c:\users\tannicarcher\documents\source\src\utils\sdklauncher\release\win32\modwizard_getmodinfo.obj
c:\users\tannicarcher\documents\source\src\utils\sdklauncher\release\win32\sdklauncherdialog.obj
c:\users\tannicarcher\documents\source\src\utils\sdklauncher\release\win32\vc143.pdb
c:\users\tannicarcher\documents\source\game\bin\win32\sdklauncher.exe
c:\users\tannicarcher\documents\source\game\bin\win32\sdklauncher.pdb
c:\users\tannicarcher\documents\source\src\utils\sdklauncher\release\win32\script1.res
c:\users\tannicarcher\documents\source\src\utils\sdklauncher\release\win32\sdklauncher.lib
c:\users\tannicarcher\documents\source\src\utils\sdklauncher\release\win32\sdklauncher.exp
c:\users\tannicarcher\documents\source\src\utils\sdklauncher\release\win32\sdklauncher.tlog\cl.5908.write.1.tlog
c:\users\tannicarcher\documents\source\src\utils\sdklauncher\release\win32\sdklauncher.tlog\cl.command.1.tlog
c:\users\tannicarcher\documents\source\src\utils\sdklauncher\release\win32\sdklauncher.tlog\cl.items.tlog
c:\users\tannicarcher\documents\source\src\utils\sdklauncher\release\win32\sdklauncher.tlog\cl.read.1.tlog
c:\users\tannicarcher\documents\source\src\utils\sdklauncher\release\win32\sdklauncher.tlog\link.command.1.tlog
c:\users\tannicarcher\documents\source\src\utils\sdklauncher\release\win32\sdklauncher.tlog\link.read.1.tlog
c:\users\tannicarcher\documents\source\src\utils\sdklauncher\release\win32\sdklauncher.tlog\link.secondary.1.tlog
c:\users\tannicarcher\documents\source\src\utils\sdklauncher\release\win32\sdklauncher.tlog\link.write.1.tlog
c:\users\tannicarcher\documents\source\src\utils\sdklauncher\release\win32\sdklauncher.tlog\rc.command.1.tlog
c:\users\tannicarcher\documents\source\src\utils\sdklauncher\release\win32\sdklauncher.tlog\rc.read.1.tlog
c:\users\tannicarcher\documents\source\src\utils\sdklauncher\release\win32\sdklauncher.tlog\rc.write.1.tlog
