c:\users\tannicarcher\documents\source\src\vguimatsurface\release\win32\memoverride.obj
c:\users\tannicarcher\documents\source\src\vguimatsurface\release\win32\filesystem_helpers.obj
c:\users\tannicarcher\documents\source\src\vguimatsurface\release\win32\fonttexturecache.obj
c:\users\tannicarcher\documents\source\src\vguimatsurface\release\win32\matsystemsurface.obj
c:\users\tannicarcher\documents\source\src\vguimatsurface\release\win32\vgui_controls.obj
c:\users\tannicarcher\documents\source\src\vguimatsurface\release\win32\clip2d.obj
c:\users\tannicarcher\documents\source\src\vguimatsurface\release\win32\cursor.obj
c:\users\tannicarcher\documents\source\src\vguimatsurface\release\win32\input.obj
c:\users\tannicarcher\documents\source\src\vguimatsurface\release\win32\memorybitmap.obj
c:\users\tannicarcher\documents\source\src\vguimatsurface\release\win32\texturedictionary.obj
c:\users\tannicarcher\documents\source\src\vguimatsurface\release\win32\vgui_key_translation.obj
c:\users\tannicarcher\documents\source\src\vguimatsurface\release\win32\vc143.pdb
c:\users\tannicarcher\documents\source\game\bin\win32\vguimatsurface.dll
c:\users\tannicarcher\documents\source\game\bin\win32\vguimatsurface.pdb
c:\users\tannicarcher\documents\source\src\vguimatsurface\release\win32\vguimatsurface.lib
c:\users\tannicarcher\documents\source\src\vguimatsurface\release\win32\vguimatsurface.exp
c:\users\tannicarcher\documents\source\src\vguimatsurface\release\win32\vguimatsurface.tlog\cl.4228.write.1.tlog
c:\users\tannicarcher\documents\source\src\vguimatsurface\release\win32\vguimatsurface.tlog\cl.command.1.tlog
c:\users\tannicarcher\documents\source\src\vguimatsurface\release\win32\vguimatsurface.tlog\cl.items.tlog
c:\users\tannicarcher\documents\source\src\vguimatsurface\release\win32\vguimatsurface.tlog\cl.read.1.tlog
c:\users\tannicarcher\documents\source\src\vguimatsurface\release\win32\vguimatsurface.tlog\link.command.1.tlog
c:\users\tannicarcher\documents\source\src\vguimatsurface\release\win32\vguimatsurface.tlog\link.read.1.tlog
c:\users\tannicarcher\documents\source\src\vguimatsurface\release\win32\vguimatsurface.tlog\link.secondary.1.tlog
c:\users\tannicarcher\documents\source\src\vguimatsurface\release\win32\vguimatsurface.tlog\link.write.1.tlog
