c:\users\tannicarcher\documents\source\src\utils\studiomdl\release\win32\bone_setup.obj
c:\users\tannicarcher\documents\source\src\utils\studiomdl\release\win32\collisionmodel.obj
c:\users\tannicarcher\documents\source\src\utils\studiomdl\release\win32\collisionutils.obj
c:\users\tannicarcher\documents\source\src\utils\studiomdl\release\win32\filesystem_helpers.obj
c:\users\tannicarcher\documents\source\src\utils\studiomdl\release\win32\filesystem_init.obj
c:\users\tannicarcher\documents\source\src\utils\studiomdl\release\win32\hardwarevertexcache.obj
c:\users\tannicarcher\documents\source\src\utils\studiomdl\release\win32\interpolatortypes.obj
c:\users\tannicarcher\documents\source\src\utils\studiomdl\release\win32\movieobjects_compiletools.obj
c:\users\tannicarcher\documents\source\src\utils\studiomdl\release\win32\optimize.obj
c:\users\tannicarcher\documents\source\src\utils\studiomdl\release\win32\physdll.obj
c:\users\tannicarcher\documents\source\src\utils\studiomdl\release\win32\simplify.obj
c:\users\tannicarcher\documents\source\src\utils\studiomdl\release\win32\studiomdl.obj
c:\users\tannicarcher\documents\source\src\utils\studiomdl\release\win32\unifylods.obj
c:\users\tannicarcher\documents\source\src\utils\studiomdl\release\win32\v1support.obj
c:\users\tannicarcher\documents\source\src\utils\studiomdl\release\win32\write.obj
c:\users\tannicarcher\documents\source\src\utils\studiomdl\release\win32\memoverride.obj
c:\users\tannicarcher\documents\source\src\utils\studiomdl\release\win32\cmdlib.obj
c:\users\tannicarcher\documents\source\src\utils\studiomdl\release\win32\dmxsupport.obj
c:\users\tannicarcher\documents\source\src\utils\studiomdl\release\win32\filesystem_tools.obj
c:\users\tannicarcher\documents\source\src\utils\studiomdl\release\win32\hardwarematrixstate.obj
c:\users\tannicarcher\documents\source\src\utils\studiomdl\release\win32\mrmsupport.obj
c:\users\tannicarcher\documents\source\src\utils\studiomdl\release\win32\objsupport.obj
c:\users\tannicarcher\documents\source\src\utils\studiomdl\release\win32\perfstats.obj
c:\users\tannicarcher\documents\source\src\utils\studiomdl\release\win32\scriplib.obj
c:\users\tannicarcher\documents\source\src\utils\studiomdl\release\win32\studio.obj
c:\users\tannicarcher\documents\source\src\utils\studiomdl\release\win32\studiobyteswap.obj
c:\users\tannicarcher\documents\source\src\utils\studiomdl\release\win32\vc143.pdb
c:\users\tannicarcher\documents\source\game\bin\win32\studiomdl.exe
c:\users\tannicarcher\documents\source\game\bin\win32\studiomdl.pdb
c:\users\tannicarcher\documents\source\src\utils\studiomdl\release\win32\studiomdl.lib
c:\users\tannicarcher\documents\source\src\utils\studiomdl\release\win32\studiomdl.exp
c:\users\tannicarcher\documents\source\src\utils\studiomdl\release\win32\studiomdl.tlog\cl.2144.write.1.tlog
c:\users\tannicarcher\documents\source\src\utils\studiomdl\release\win32\studiomdl.tlog\cl.command.1.tlog
c:\users\tannicarcher\documents\source\src\utils\studiomdl\release\win32\studiomdl.tlog\cl.items.tlog
c:\users\tannicarcher\documents\source\src\utils\studiomdl\release\win32\studiomdl.tlog\cl.read.1.tlog
c:\users\tannicarcher\documents\source\src\utils\studiomdl\release\win32\studiomdl.tlog\link.command.1.tlog
c:\users\tannicarcher\documents\source\src\utils\studiomdl\release\win32\studiomdl.tlog\link.read.1.tlog
c:\users\tannicarcher\documents\source\src\utils\studiomdl\release\win32\studiomdl.tlog\link.secondary.1.tlog
c:\users\tannicarcher\documents\source\src\utils\studiomdl\release\win32\studiomdl.tlog\link.write.1.tlog
