c:\users\tannicarcher\documents\source\src\mdllib\debug\win32\memoverride.obj
c:\users\tannicarcher\documents\source\src\mdllib\debug\win32\mdllib_stripmodel.obj
c:\users\tannicarcher\documents\source\src\mdllib\debug\win32\mdllib.obj
c:\users\tannicarcher\documents\source\src\mdllib\debug\win32\mdllib_stripinfo.obj
c:\users\tannicarcher\documents\source\src\mdllib\debug\win32\mdllib_utils.obj
c:\users\tannicarcher\documents\source\src\mdllib\debug\win32\vc143.pdb
c:\users\tannicarcher\documents\source\game\bin\win32\mdllib.dll
c:\users\tannicarcher\documents\source\game\bin\win32\mdllib.pdb
c:\users\tannicarcher\documents\source\src\mdllib\debug\win32\mdllib.lib
c:\users\tannicarcher\documents\source\src\mdllib\debug\win32\mdllib.exp
c:\users\tannicarcher\documents\source\game\bin\win32\mdllib.ilk
c:\users\tannicarcher\documents\source\src\mdllib\debug\win32\vc143.idb
c:\users\tannicarcher\documents\source\src\mdllib\debug\win32\mdllib.tlog\cl.3124.write.1.tlog
c:\users\tannicarcher\documents\source\src\mdllib\debug\win32\mdllib.tlog\cl.command.1.tlog
c:\users\tannicarcher\documents\source\src\mdllib\debug\win32\mdllib.tlog\cl.items.tlog
c:\users\tannicarcher\documents\source\src\mdllib\debug\win32\mdllib.tlog\cl.read.1.tlog
c:\users\tannicarcher\documents\source\src\mdllib\debug\win32\mdllib.tlog\link.command.1.tlog
c:\users\tannicarcher\documents\source\src\mdllib\debug\win32\mdllib.tlog\link.read.1.tlog
c:\users\tannicarcher\documents\source\src\mdllib\debug\win32\mdllib.tlog\link.secondary.1.tlog
c:\users\tannicarcher\documents\source\src\mdllib\debug\win32\mdllib.tlog\link.write.1.tlog
