c:\users\tannicarcher\documents\source\src\utils\vbsp\release\win32\memoverride.obj
c:\users\tannicarcher\documents\source\src\utils\vbsp\release\win32\brushbsp.obj
c:\users\tannicarcher\documents\source\src\utils\vbsp\release\win32\collisionutils.obj
c:\users\tannicarcher\documents\source\src\utils\vbsp\release\win32\csg.obj
c:\users\tannicarcher\documents\source\src\utils\vbsp\release\win32\detail.obj
c:\users\tannicarcher\documents\source\src\utils\vbsp\release\win32\disp_common.obj
c:\users\tannicarcher\documents\source\src\utils\vbsp\release\win32\disp_ivp.obj
c:\users\tannicarcher\documents\source\src\utils\vbsp\release\win32\faces.obj
c:\users\tannicarcher\documents\source\src\utils\vbsp\release\win32\ivp.obj
c:\users\tannicarcher\documents\source\src\utils\vbsp\release\win32\loadcmdline.obj
c:\users\tannicarcher\documents\source\src\utils\vbsp\release\win32\lumpfiles.obj
c:\users\tannicarcher\documents\source\src\utils\vbsp\release\win32\materialpatch.obj
c:\users\tannicarcher\documents\source\src\utils\vbsp\release\win32\mstristrip.obj
c:\users\tannicarcher\documents\source\src\utils\vbsp\release\win32\nodraw.obj
c:\users\tannicarcher\documents\source\src\utils\vbsp\release\win32\overlay.obj
c:\users\tannicarcher\documents\source\src\utils\vbsp\release\win32\prtfile.obj
c:\users\tannicarcher\documents\source\src\utils\vbsp\release\win32\scratchpad_helpers.obj
c:\users\tannicarcher\documents\source\src\utils\vbsp\release\win32\textures.obj
c:\users\tannicarcher\documents\source\src\utils\vbsp\release\win32\tree.obj
c:\users\tannicarcher\documents\source\src\utils\vbsp\release\win32\vbsp.obj
c:\users\tannicarcher\documents\source\src\utils\vbsp\release\win32\zip_utils.obj
c:\users\tannicarcher\documents\source\src\utils\vbsp\release\win32\builddisp.obj
c:\users\tannicarcher\documents\source\src\utils\vbsp\release\win32\chunkfile.obj
c:\users\tannicarcher\documents\source\src\utils\vbsp\release\win32\cmdlib.obj
c:\users\tannicarcher\documents\source\src\utils\vbsp\release\win32\filesystem_tools.obj
c:\users\tannicarcher\documents\source\src\utils\vbsp\release\win32\pacifier.obj
c:\users\tannicarcher\documents\source\src\utils\vbsp\release\win32\scriplib.obj
c:\users\tannicarcher\documents\source\src\utils\vbsp\release\win32\tools_minidump.obj
c:\users\tannicarcher\documents\source\src\utils\vbsp\release\win32\boundbox.obj
c:\users\tannicarcher\documents\source\src\utils\vbsp\release\win32\cubemap.obj
c:\users\tannicarcher\documents\source\src\utils\vbsp\release\win32\detailobjects.obj
c:\users\tannicarcher\documents\source\src\utils\vbsp\release\win32\disp_powerinfo.obj
c:\users\tannicarcher\documents\source\src\utils\vbsp\release\win32\disp_vbsp.obj
c:\users\tannicarcher\documents\source\src\utils\vbsp\release\win32\glfile.obj
c:\users\tannicarcher\documents\source\src\utils\vbsp\release\win32\leakfile.obj
c:\users\tannicarcher\documents\source\src\utils\vbsp\release\win32\map.obj
c:\users\tannicarcher\documents\source\src\utils\vbsp\release\win32\materialsub.obj
c:\users\tannicarcher\documents\source\src\utils\vbsp\release\win32\normals.obj
c:\users\tannicarcher\documents\source\src\utils\vbsp\release\win32\physdll.obj
c:\users\tannicarcher\documents\source\src\utils\vbsp\release\win32\portals.obj
c:\users\tannicarcher\documents\source\src\utils\vbsp\release\win32\scratchpad3d.obj
c:\users\tannicarcher\documents\source\src\utils\vbsp\release\win32\staticprop.obj
c:\users\tannicarcher\documents\source\src\utils\vbsp\release\win32\utilmatlib.obj
c:\users\tannicarcher\documents\source\src\utils\vbsp\release\win32\worldvertextransitionfixup.obj
c:\users\tannicarcher\documents\source\src\utils\vbsp\release\win32\writebsp.obj
c:\users\tannicarcher\documents\source\src\utils\vbsp\release\win32\bsplib.obj
c:\users\tannicarcher\documents\source\src\utils\vbsp\release\win32\filesystem_helpers.obj
c:\users\tannicarcher\documents\source\src\utils\vbsp\release\win32\filesystem_init.obj
c:\users\tannicarcher\documents\source\src\utils\vbsp\release\win32\map_shared.obj
c:\users\tannicarcher\documents\source\src\utils\vbsp\release\win32\polylib.obj
c:\users\tannicarcher\documents\source\src\utils\vbsp\release\win32\threads.obj
c:\users\tannicarcher\documents\source\src\utils\vbsp\release\win32\vc143.pdb
c:\users\tannicarcher\documents\source\game\bin\win32\vbsp.exe
c:\users\tannicarcher\documents\source\game\bin\win32\vbsp.pdb
c:\users\tannicarcher\documents\source\src\utils\vbsp\release\win32\vbsp.lib
c:\users\tannicarcher\documents\source\src\utils\vbsp\release\win32\vbsp.exp
c:\users\tannicarcher\documents\source\src\utils\vbsp\release\win32\vbsp.tlog\cl.3580.write.1.tlog
c:\users\tannicarcher\documents\source\src\utils\vbsp\release\win32\vbsp.tlog\cl.command.1.tlog
c:\users\tannicarcher\documents\source\src\utils\vbsp\release\win32\vbsp.tlog\cl.items.tlog
c:\users\tannicarcher\documents\source\src\utils\vbsp\release\win32\vbsp.tlog\cl.read.1.tlog
c:\users\tannicarcher\documents\source\src\utils\vbsp\release\win32\vbsp.tlog\link.command.1.tlog
c:\users\tannicarcher\documents\source\src\utils\vbsp\release\win32\vbsp.tlog\link.read.1.tlog
c:\users\tannicarcher\documents\source\src\utils\vbsp\release\win32\vbsp.tlog\link.secondary.1.tlog
c:\users\tannicarcher\documents\source\src\utils\vbsp\release\win32\vbsp.tlog\link.write.1.tlog
