c:\users\tannicarcher\documents\source\src\utils\bspzip\release\win32\memoverride.obj
c:\users\tannicarcher\documents\source\src\utils\bspzip\release\win32\bspzip.obj
c:\users\tannicarcher\documents\source\src\utils\bspzip\release\win32\cmdlib.obj
c:\users\tannicarcher\documents\source\src\utils\bspzip\release\win32\filesystem_tools.obj
c:\users\tannicarcher\documents\source\src\utils\bspzip\release\win32\zip_utils.obj
c:\users\tannicarcher\documents\source\src\utils\bspzip\release\win32\bsplib.obj
c:\users\tannicarcher\documents\source\src\utils\bspzip\release\win32\filesystem_helpers.obj
c:\users\tannicarcher\documents\source\src\utils\bspzip\release\win32\filesystem_init.obj
c:\users\tannicarcher\documents\source\src\utils\bspzip\release\win32\lumpfiles.obj
c:\users\tannicarcher\documents\source\src\utils\bspzip\release\win32\scriplib.obj
c:\users\tannicarcher\documents\source\src\utils\bspzip\release\win32\vc143.pdb
c:\users\tannicarcher\documents\source\game\bin\win32\bspzip.exe
c:\users\tannicarcher\documents\source\game\bin\win32\bspzip.pdb
c:\users\tannicarcher\documents\source\src\utils\bspzip\release\win32\bspzip.lib
c:\users\tannicarcher\documents\source\src\utils\bspzip\release\win32\bspzip.exp
c:\users\tannicarcher\documents\source\src\utils\bspzip\release\win32\bspzip.tlog\cl.1176.write.1.tlog
c:\users\tannicarcher\documents\source\src\utils\bspzip\release\win32\bspzip.tlog\cl.command.1.tlog
c:\users\tannicarcher\documents\source\src\utils\bspzip\release\win32\bspzip.tlog\cl.items.tlog
c:\users\tannicarcher\documents\source\src\utils\bspzip\release\win32\bspzip.tlog\cl.read.1.tlog
c:\users\tannicarcher\documents\source\src\utils\bspzip\release\win32\bspzip.tlog\link.command.1.tlog
c:\users\tannicarcher\documents\source\src\utils\bspzip\release\win32\bspzip.tlog\link.read.1.tlog
c:\users\tannicarcher\documents\source\src\utils\bspzip\release\win32\bspzip.tlog\link.secondary.1.tlog
c:\users\tannicarcher\documents\source\src\utils\bspzip\release\win32\bspzip.tlog\link.write.1.tlog
