c:\users\tannicarcher\documents\source\src\game\gameui\release\win32\mod_hl2mp\gameui.pch
c:\users\tannicarcher\documents\source\src\game\gameui\release\win32\mod_hl2mp\vc143.pdb
c:\users\tannicarcher\documents\source\src\game\gameui\release\win32\mod_hl2mp\stdafx.obj
c:\users\tannicarcher\documents\source\src\game\gameui\release\win32\mod_hl2mp\memoverride.obj
c:\users\tannicarcher\documents\source\src\game\gameui\release\win32\mod_hl2mp\bitmapimagepanel.obj
c:\users\tannicarcher\documents\source\src\game\gameui\release\win32\mod_hl2mp\contentcontroldialog.obj
c:\users\tannicarcher\documents\source\src\game\gameui\release\win32\mod_hl2mp\createmultiplayergamegameplaypage.obj
c:\users\tannicarcher\documents\source\src\game\gameui\release\win32\mod_hl2mp\customtabexplanationdialog.obj
c:\users\tannicarcher\documents\source\src\game\gameui\release\win32\mod_hl2mp\cvarslider.obj
c:\users\tannicarcher\documents\source\src\game\gameui\release\win32\mod_hl2mp\cvartextentry.obj
c:\users\tannicarcher\documents\source\src\game\gameui\release\win32\mod_hl2mp\gameconsoledialog.obj
c:\users\tannicarcher\documents\source\src\game\gameui\release\win32\mod_hl2mp\gameui_util.obj
c:\users\tannicarcher\documents\source\src\game\gameui\release\win32\mod_hl2mp\keytogglecheckbutton.obj
c:\users\tannicarcher\documents\source\src\game\gameui\release\win32\mod_hl2mp\labeledcommandcombobox.obj
c:\users\tannicarcher\documents\source\src\game\gameui\release\win32\mod_hl2mp\loadingdialog.obj
c:\users\tannicarcher\documents\source\src\game\gameui\release\win32\mod_hl2mp\logofile.obj
c:\users\tannicarcher\documents\source\src\game\gameui\release\win32\mod_hl2mp\multiplayeradvanceddialog.obj
c:\users\tannicarcher\documents\source\src\game\gameui\release\win32\mod_hl2mp\playerlistdialog.obj
c:\users\tannicarcher\documents\source\src\game\gameui\release\win32\mod_hl2mp\sys_utils.obj
c:\users\tannicarcher\documents\source\src\game\gameui\release\win32\mod_hl2mp\urlbutton.obj
c:\users\tannicarcher\documents\source\src\game\gameui\release\win32\mod_hl2mp\vguisystemmoduleloader.obj
c:\users\tannicarcher\documents\source\src\game\gameui\release\win32\mod_hl2mp\crtmemdebug.obj
c:\users\tannicarcher\documents\source\src\game\gameui\release\win32\mod_hl2mp\randoverride.obj
c:\users\tannicarcher\documents\source\src\game\gameui\release\win32\mod_hl2mp\vaudio.obj
c:\users\tannicarcher\documents\source\src\game\gameui\release\win32\mod_hl2mp\vgameplaysettings.obj
c:\users\tannicarcher\documents\source\src\game\gameui\release\win32\mod_hl2mp\vkeyboardmouse.obj
c:\users\tannicarcher\documents\source\src\game\gameui\release\win32\mod_hl2mp\voptions.obj
c:\users\tannicarcher\documents\source\src\game\gameui\release\win32\mod_hl2mp\optionsdialog.obj
c:\users\tannicarcher\documents\source\src\game\gameui\release\win32\mod_hl2mp\optionssubaudio.obj
c:\users\tannicarcher\documents\source\src\game\gameui\release\win32\mod_hl2mp\optionssubdifficulty.obj
c:\users\tannicarcher\documents\source\src\game\gameui\release\win32\mod_hl2mp\optionssubkeyboard.obj
c:\users\tannicarcher\documents\source\src\game\gameui\release\win32\mod_hl2mp\optionssubvideo.obj
c:\users\tannicarcher\documents\source\src\game\gameui\release\win32\mod_hl2mp\backgroundmenubutton.obj
c:\users\tannicarcher\documents\source\src\game\gameui\release\win32\mod_hl2mp\basesavegamedialog.obj
c:\users\tannicarcher\documents\source\src\game\gameui\release\win32\mod_hl2mp\commandcheckbutton.obj
c:\users\tannicarcher\documents\source\src\game\gameui\release\win32\mod_hl2mp\createmultiplayergamebotpage.obj
c:\users\tannicarcher\documents\source\src\game\gameui\release\win32\mod_hl2mp\createmultiplayergamedialog.obj
c:\users\tannicarcher\documents\source\src\game\gameui\release\win32\mod_hl2mp\createmultiplayergameserverpage.obj
c:\users\tannicarcher\documents\source\src\game\gameui\release\win32\mod_hl2mp\cvarnegatecheckbutton.obj
c:\users\tannicarcher\documents\source\src\game\gameui\release\win32\mod_hl2mp\cvartogglecheckbutton.obj
c:\users\tannicarcher\documents\source\src\game\gameui\release\win32\mod_hl2mp\gameconsole.obj
c:\users\tannicarcher\documents\source\src\game\gameui\release\win32\mod_hl2mp\gameui_interface.obj
c:\users\tannicarcher\documents\source\src\game\gameui\release\win32\mod_hl2mp\loadingtippanel.obj
c:\users\tannicarcher\documents\source\src\game\gameui\release\win32\mod_hl2mp\modinfo.obj
c:\users\tannicarcher\documents\source\src\game\gameui\release\win32\mod_hl2mp\mousemessageforwardingpanel.obj
c:\users\tannicarcher\documents\source\src\game\gameui\release\win32\mod_hl2mp\panellistpanel.obj
c:\users\tannicarcher\documents\source\src\game\gameui\release\win32\mod_hl2mp\rungameengine.obj
c:\users\tannicarcher\documents\source\src\game\gameui\release\win32\mod_hl2mp\scriptobject.obj
c:\users\tannicarcher\documents\source\src\game\gameui\release\win32\mod_hl2mp\textentrybox.obj
c:\users\tannicarcher\documents\source\src\game\gameui\release\win32\mod_hl2mp\vcontrolslistpanel.obj
c:\users\tannicarcher\documents\source\src\game\gameui\release\win32\mod_hl2mp\language.obj
c:\users\tannicarcher\documents\source\src\game\gameui\release\win32\mod_hl2mp\filesystem_helpers.obj
c:\users\tannicarcher\documents\source\src\game\gameui\release\win32\mod_hl2mp\vgui_controls.obj
c:\users\tannicarcher\documents\source\src\game\gameui\release\win32\mod_hl2mp\vaudiovideo.obj
c:\users\tannicarcher\documents\source\src\game\gameui\release\win32\mod_hl2mp\vkeyboard.obj
c:\users\tannicarcher\documents\source\src\game\gameui\release\win32\mod_hl2mp\vmouse.obj
c:\users\tannicarcher\documents\source\src\game\gameui\release\win32\mod_hl2mp\vvideo.obj
c:\users\tannicarcher\documents\source\src\game\gameui\release\win32\mod_hl2mp\optionsmousedialog.obj
c:\users\tannicarcher\documents\source\src\game\gameui\release\win32\mod_hl2mp\optionssubgame.obj
c:\users\tannicarcher\documents\source\src\game\gameui\release\win32\mod_hl2mp\optionssubmouse.obj
c:\users\tannicarcher\documents\source\src\game\gameui\release\win32\mod_hl2mp\optionssubportal.obj
c:\users\tannicarcher\documents\source\src\game\gameui\release\win32\mod_hl2mp\optionssubvoice.obj
c:\users\tannicarcher\documents\source\src\game\gameui\release\win32\mod_hl2mp\bonusmapsdatabase.obj
c:\users\tannicarcher\documents\source\src\game\gameui\release\win32\mod_hl2mp\commentaryexplanationdialog.obj
c:\users\tannicarcher\documents\source\src\game\gameui\release\win32\mod_hl2mp\loadgamedialog.obj
c:\users\tannicarcher\documents\source\src\game\gameui\release\win32\mod_hl2mp\savegamebrowserdialog.obj
c:\users\tannicarcher\documents\source\src\game\gameui\release\win32\mod_hl2mp\nb_button.obj
c:\users\tannicarcher\documents\source\src\game\gameui\release\win32\mod_hl2mp\basemodpanel.obj
c:\users\tannicarcher\documents\source\src\game\gameui\release\win32\mod_hl2mp\vaddons.obj
c:\users\tannicarcher\documents\source\src\game\gameui\release\win32\mod_hl2mp\vcampaigns.obj
c:\users\tannicarcher\documents\source\src\game\gameui\release\win32\mod_hl2mp\vcustomcampaigns.obj
c:\users\tannicarcher\documents\source\src\game\gameui\release\win32\mod_hl2mp\vfooterpanel.obj
c:\users\tannicarcher\documents\source\src\game\gameui\release\win32\mod_hl2mp\vgenericpanellist.obj
c:\users\tannicarcher\documents\source\src\game\gameui\release\win32\mod_hl2mp\vhybridbutton.obj
c:\users\tannicarcher\documents\source\src\game\gameui\release\win32\mod_hl2mp\vingamemainmenu.obj
c:\users\tannicarcher\documents\source\src\game\gameui\release\win32\mod_hl2mp\vloadingprogress.obj
c:\users\tannicarcher\documents\source\src\game\gameui\release\win32\mod_hl2mp\vmenubackground.obj
c:\users\tannicarcher\documents\source\src\game\gameui\release\win32\mod_hl2mp\vtransitionscreen.obj
c:\users\tannicarcher\documents\source\src\game\gameui\release\win32\mod_hl2mp\bonusmapsdialog.obj
c:\users\tannicarcher\documents\source\src\game\gameui\release\win32\mod_hl2mp\controllerdialog.obj
c:\users\tannicarcher\documents\source\src\game\gameui\release\win32\mod_hl2mp\newgamedialog.obj
c:\users\tannicarcher\documents\source\src\game\gameui\release\win32\mod_hl2mp\savegamedialog.obj
c:\users\tannicarcher\documents\source\src\game\gameui\release\win32\mod_hl2mp\tgaimagepanel.obj
c:\users\tannicarcher\documents\source\src\game\gameui\release\win32\mod_hl2mp\basemodframe.obj
c:\users\tannicarcher\documents\source\src\game\gameui\release\win32\mod_hl2mp\gamemodes.obj
c:\users\tannicarcher\documents\source\src\game\gameui\release\win32\mod_hl2mp\vaddonassociation.obj
c:\users\tannicarcher\documents\source\src\game\gameui\release\win32\mod_hl2mp\vattractscreen.obj
c:\users\tannicarcher\documents\source\src\game\gameui\release\win32\mod_hl2mp\vdropdownmenu.obj
c:\users\tannicarcher\documents\source\src\game\gameui\release\win32\mod_hl2mp\vflyoutmenu.obj
c:\users\tannicarcher\documents\source\src\game\gameui\release\win32\mod_hl2mp\vgenericconfirmation.obj
c:\users\tannicarcher\documents\source\src\game\gameui\release\win32\mod_hl2mp\vgetlegacydata.obj
c:\users\tannicarcher\documents\source\src\game\gameui\release\win32\mod_hl2mp\vmainmenu.obj
c:\users\tannicarcher\documents\source\src\game\gameui\release\win32\mod_hl2mp\vslidercontrol.obj
c:\users\tannicarcher\documents\source\src\game\gameui\release\win32\mod_hl2mp\uigamedata.obj
c:\users\tannicarcher\documents\source\game\mod_hl2mp\bin\win32\gameui.dll
c:\users\tannicarcher\documents\source\game\mod_hl2mp\bin\win32\gameui.pdb
c:\users\tannicarcher\documents\source\src\game\gameui\release\win32\mod_hl2mp\gameui.lib
c:\users\tannicarcher\documents\source\src\game\gameui\release\win32\mod_hl2mp\gameui.exp
c:\users\tannicarcher\documents\source\src\game\gameui\release\win32\mod_hl2mp\gameui (hl2mp).tlog\cl.command.1.tlog
c:\users\tannicarcher\documents\source\src\game\gameui\release\win32\mod_hl2mp\gameui (hl2mp).tlog\cl.items.tlog
c:\users\tannicarcher\documents\source\src\game\gameui\release\win32\mod_hl2mp\gameui (hl2mp).tlog\cl.read.1.tlog
c:\users\tannicarcher\documents\source\src\game\gameui\release\win32\mod_hl2mp\gameui (hl2mp).tlog\cl.write.1.tlog
c:\users\tannicarcher\documents\source\src\game\gameui\release\win32\mod_hl2mp\gameui (hl2mp).tlog\link.command.1.tlog
c:\users\tannicarcher\documents\source\src\game\gameui\release\win32\mod_hl2mp\gameui (hl2mp).tlog\link.read.1.tlog
c:\users\tannicarcher\documents\source\src\game\gameui\release\win32\mod_hl2mp\gameui (hl2mp).tlog\link.secondary.1.tlog
c:\users\tannicarcher\documents\source\src\game\gameui\release\win32\mod_hl2mp\gameui (hl2mp).tlog\link.write.1.tlog
