c:\users\tannicarcher\documents\source\src\tools\toolutils\debug\win32\basepropertiescontainer.obj
c:\users\tannicarcher\documents\source\src\tools\toolutils\debug\win32\basetoolsystem.obj
c:\users\tannicarcher\documents\source\src\tools\toolutils\debug\win32\miniviewport.obj
c:\users\tannicarcher\documents\source\src\tools\toolutils\debug\win32\tool_main.obj
c:\users\tannicarcher\documents\source\src\tools\toolutils\debug\win32\toolfilemenubutton.obj
c:\users\tannicarcher\documents\source\src\tools\toolutils\debug\win32\toolmenubar.obj
c:\users\tannicarcher\documents\source\src\tools\toolutils\debug\win32\toolswitchmenubutton.obj
c:\users\tannicarcher\documents\source\src\tools\toolutils\debug\win32\vgui_tools.obj
c:\users\tannicarcher\documents\source\src\tools\toolutils\debug\win32\attributeelementchoicelist.obj
c:\users\tannicarcher\documents\source\src\tools\toolutils\debug\win32\basestatusbar.obj
c:\users\tannicarcher\documents\source\src\tools\toolutils\debug\win32\consolepage.obj
c:\users\tannicarcher\documents\source\src\tools\toolutils\debug\win32\recentfilelist.obj
c:\users\tannicarcher\documents\source\src\tools\toolutils\debug\win32\savewindowpositions.obj
c:\users\tannicarcher\documents\source\src\tools\toolutils\debug\win32\tooleditmenubutton.obj
c:\users\tannicarcher\documents\source\src\tools\toolutils\debug\win32\toolhelpmenubutton.obj
c:\users\tannicarcher\documents\source\src\tools\toolutils\debug\win32\toolmenubutton.obj
c:\users\tannicarcher\documents\source\src\tools\toolutils\debug\win32\toolui.obj
c:\users\tannicarcher\documents\source\src\lib\public\win32\toolutils.pdb
c:\users\tannicarcher\documents\source\src\lib\public\win32\toolutils.lib
c:\users\tannicarcher\documents\source\src\tools\toolutils\debug\win32\toolutils.tlog\cl.3612.write.1.tlog
c:\users\tannicarcher\documents\source\src\tools\toolutils\debug\win32\toolutils.tlog\cl.command.1.tlog
c:\users\tannicarcher\documents\source\src\tools\toolutils\debug\win32\toolutils.tlog\cl.items.tlog
c:\users\tannicarcher\documents\source\src\tools\toolutils\debug\win32\toolutils.tlog\cl.read.1.tlog
c:\users\tannicarcher\documents\source\src\tools\toolutils\debug\win32\toolutils.tlog\lib-link.read.1.tlog
c:\users\tannicarcher\documents\source\src\tools\toolutils\debug\win32\toolutils.tlog\lib-link.write.1.tlog
c:\users\tannicarcher\documents\source\src\tools\toolutils\debug\win32\toolutils.tlog\lib.command.1.tlog
