c:\users\tannicarcher\documents\source\src\gameui\release\win32\backgroundmenubutton.obj
c:\users\tannicarcher\documents\source\src\gameui\release\win32\basepanel.obj
c:\users\tannicarcher\documents\source\src\gameui\release\win32\logofile.obj
c:\users\tannicarcher\documents\source\src\gameui\release\win32\mousemessageforwardingpanel.obj
c:\users\tannicarcher\documents\source\src\gameui\release\win32\netapi.obj
c:\users\tannicarcher\documents\source\src\gameui\release\win32\rungameengine.obj
c:\users\tannicarcher\documents\source\src\gameui\release\win32\socket.obj
c:\users\tannicarcher\documents\source\src\gameui\release\win32\textentrybox.obj
c:\users\tannicarcher\documents\source\src\gameui\release\win32\vgui_controls.obj
c:\users\tannicarcher\documents\source\src\gameui\release\win32\bonusmapsdatabase.obj
c:\users\tannicarcher\documents\source\src\gameui\release\win32\bitmapimagepanel.obj
c:\users\tannicarcher\documents\source\src\gameui\release\win32\commandcheckbutton.obj
c:\users\tannicarcher\documents\source\src\gameui\release\win32\cvarslider.obj
c:\users\tannicarcher\documents\source\src\gameui\release\win32\cvartogglecheckbutton.obj
c:\users\tannicarcher\documents\source\src\gameui\release\win32\labeledcommandcombobox.obj
c:\users\tannicarcher\documents\source\src\gameui\release\win32\vcontrolslistpanel.obj
c:\users\tannicarcher\documents\source\src\gameui\release\win32\bonusmapsdialog.obj
c:\users\tannicarcher\documents\source\src\gameui\release\win32\commentaryexplanationdialog.obj
c:\users\tannicarcher\documents\source\src\gameui\release\win32\gameconsoledialog.obj
c:\users\tannicarcher\documents\source\src\gameui\release\win32\loadgamedialog.obj
c:\users\tannicarcher\documents\source\src\gameui\release\win32\multiplayeradvanceddialog.obj
c:\users\tannicarcher\documents\source\src\gameui\release\win32\playerlistdialog.obj
c:\users\tannicarcher\documents\source\src\gameui\release\win32\savegamedialog.obj
c:\users\tannicarcher\documents\source\src\gameui\release\win32\loadcommentarydialog.obj
c:\users\tannicarcher\documents\source\src\gameui\release\win32\basesavegamedialog.obj
c:\users\tannicarcher\documents\source\src\gameui\release\win32\createmultiplayergamebotpage.obj
c:\users\tannicarcher\documents\source\src\gameui\release\win32\createmultiplayergamegameplaypage.obj
c:\users\tannicarcher\documents\source\src\gameui\release\win32\optionsdialog_xbox.obj
c:\users\tannicarcher\documents\source\src\gameui\release\win32\basedialog.obj
c:\users\tannicarcher\documents\source\src\gameui\release\win32\dialogmenu.obj
c:\users\tannicarcher\documents\source\src\gameui\release\win32\pausedialog.obj
c:\users\tannicarcher\documents\source\src\gameui\release\win32\sessionlobbydialog.obj
c:\users\tannicarcher\documents\source\src\gameui\release\win32\sessionbrowserdialog.obj
c:\users\tannicarcher\documents\source\src\gameui\release\win32\optionssubaudio.obj
c:\users\tannicarcher\documents\source\src\gameui\release\win32\optionssubgame.obj
c:\users\tannicarcher\documents\source\src\gameui\release\win32\optionssubkeyboard.obj
c:\users\tannicarcher\documents\source\src\gameui\release\win32\optionssubportal.obj
c:\users\tannicarcher\documents\source\src\gameui\release\win32\optionssubvideo.obj
c:\users\tannicarcher\documents\source\src\gameui\release\win32\memoverride.obj
c:\users\tannicarcher\documents\source\src\gameui\release\win32\gameconsole.obj
c:\users\tannicarcher\documents\source\src\gameui\release\win32\gameui_interface.obj
c:\users\tannicarcher\documents\source\src\gameui\release\win32\modinfo.obj
c:\users\tannicarcher\documents\source\src\gameui\release\win32\msgbuffer.obj
c:\users\tannicarcher\documents\source\src\gameui\release\win32\objectlist.obj
c:\users\tannicarcher\documents\source\src\gameui\release\win32\panellistpanel.obj
c:\users\tannicarcher\documents\source\src\gameui\release\win32\scriptobject.obj
c:\users\tannicarcher\documents\source\src\gameui\release\win32\sys_utils.obj
c:\users\tannicarcher\documents\source\src\gameui\release\win32\tgaimagepanel.obj
c:\users\tannicarcher\documents\source\src\gameui\release\win32\vguisystemmoduleloader.obj
c:\users\tannicarcher\documents\source\src\gameui\release\win32\language.obj
c:\users\tannicarcher\documents\source\src\gameui\release\win32\savegamebrowserdialog.obj
c:\users\tannicarcher\documents\source\src\gameui\release\win32\cvarnegatecheckbutton.obj
c:\users\tannicarcher\documents\source\src\gameui\release\win32\cvartextentry.obj
c:\users\tannicarcher\documents\source\src\gameui\release\win32\keytogglecheckbutton.obj
c:\users\tannicarcher\documents\source\src\gameui\release\win32\urlbutton.obj
c:\users\tannicarcher\documents\source\src\gameui\release\win32\benchmarkdialog.obj
c:\users\tannicarcher\documents\source\src\gameui\release\win32\commentarydialog.obj
c:\users\tannicarcher\documents\source\src\gameui\release\win32\contentcontroldialog.obj
c:\users\tannicarcher\documents\source\src\gameui\release\win32\loadgamedialog_xbox.obj
c:\users\tannicarcher\documents\source\src\gameui\release\win32\newgamedialog.obj
c:\users\tannicarcher\documents\source\src\gameui\release\win32\savegamedialog_xbox.obj
c:\users\tannicarcher\documents\source\src\gameui\release\win32\loadingdialog.obj
c:\users\tannicarcher\documents\source\src\gameui\release\win32\changegamedialog.obj
c:\users\tannicarcher\documents\source\src\gameui\release\win32\createmultiplayergamedialog.obj
c:\users\tannicarcher\documents\source\src\gameui\release\win32\createmultiplayergameserverpage.obj
c:\users\tannicarcher\documents\source\src\gameui\release\win32\controllerdialog.obj
c:\users\tannicarcher\documents\source\src\gameui\release\win32\achievementsdialog.obj
c:\users\tannicarcher\documents\source\src\gameui\release\win32\leaderboarddialog.obj
c:\users\tannicarcher\documents\source\src\gameui\release\win32\matchmakingbasepanel.obj
c:\users\tannicarcher\documents\source\src\gameui\release\win32\sessionoptionsdialog.obj
c:\users\tannicarcher\documents\source\src\gameui\release\win32\welcomedialog.obj
c:\users\tannicarcher\documents\source\src\gameui\release\win32\optionsdialog.obj
c:\users\tannicarcher\documents\source\src\gameui\release\win32\optionssubdifficulty.obj
c:\users\tannicarcher\documents\source\src\gameui\release\win32\optionssubmouse.obj
c:\users\tannicarcher\documents\source\src\gameui\release\win32\optionssubmultiplayer.obj
c:\users\tannicarcher\documents\source\src\gameui\release\win32\optionssubvoice.obj
c:\users\tannicarcher\documents\source\src\gameui\release\win32\vc143.pdb
c:\users\tannicarcher\documents\source\game\bin\win32\gameui.dll
c:\users\tannicarcher\documents\source\game\bin\win32\gameui.pdb
c:\users\tannicarcher\documents\source\src\gameui\release\win32\gameui.lib
c:\users\tannicarcher\documents\source\src\gameui\release\win32\gameui.exp
c:\users\tannicarcher\documents\source\src\gameui\release\win32\gameui.tlog\cl.2720.write.1.tlog
c:\users\tannicarcher\documents\source\src\gameui\release\win32\gameui.tlog\cl.command.1.tlog
c:\users\tannicarcher\documents\source\src\gameui\release\win32\gameui.tlog\cl.items.tlog
c:\users\tannicarcher\documents\source\src\gameui\release\win32\gameui.tlog\cl.read.1.tlog
c:\users\tannicarcher\documents\source\src\gameui\release\win32\gameui.tlog\link.command.1.tlog
c:\users\tannicarcher\documents\source\src\gameui\release\win32\gameui.tlog\link.read.1.tlog
c:\users\tannicarcher\documents\source\src\gameui\release\win32\gameui.tlog\link.secondary.1.tlog
c:\users\tannicarcher\documents\source\src\gameui\release\win32\gameui.tlog\link.write.1.tlog
