c:\users\tannicarcher\documents\source\src\vphysics\release\win32\memoverride.obj
c:\users\tannicarcher\documents\source\src\vphysics\release\win32\miscmath.obj
c:\users\tannicarcher\documents\source\src\vphysics\release\win32\physics_collision.obj
c:\users\tannicarcher\documents\source\src\vphysics\release\win32\physics_constraint.obj
c:\users\tannicarcher\documents\source\src\vphysics\release\win32\physics_fluidcontroller.obj
c:\users\tannicarcher\documents\source\src\vphysics\release\win32\physics_frictionsnapshot.obj
c:\users\tannicarcher\documents\source\src\vphysics\release\win32\physics_motioncontroller.obj
c:\users\tannicarcher\documents\source\src\vphysics\release\win32\physics_objectpairhash.obj
c:\users\tannicarcher\documents\source\src\vphysics\release\win32\physics_shadowcontroller.obj
c:\users\tannicarcher\documents\source\src\vphysics\release\win32\physics_surfaceprops.obj
c:\users\tannicarcher\documents\source\src\vphysics\release\win32\physics_vehiclecontroller.obj
c:\users\tannicarcher\documents\source\src\vphysics\release\win32\stdafx.obj
c:\users\tannicarcher\documents\source\src\vphysics\release\win32\debugdrawer.obj
c:\users\tannicarcher\documents\source\src\vphysics\release\win32\physics.obj
c:\users\tannicarcher\documents\source\src\vphysics\release\win32\physics_collisionset.obj
c:\users\tannicarcher\documents\source\src\vphysics\release\win32\physics_dragcontroller.obj
c:\users\tannicarcher\documents\source\src\vphysics\release\win32\physics_environment.obj
c:\users\tannicarcher\documents\source\src\vphysics\release\win32\physics_keyparser.obj
c:\users\tannicarcher\documents\source\src\vphysics\release\win32\physics_object.obj
c:\users\tannicarcher\documents\source\src\vphysics\release\win32\physics_playercontroller.obj
c:\users\tannicarcher\documents\source\src\vphysics\release\win32\physics_softbody.obj
c:\users\tannicarcher\documents\source\src\vphysics\release\win32\physics_vehicleairboat.obj
c:\users\tannicarcher\documents\source\src\vphysics\release\win32\physics_vehiclecontrollercustom.obj
c:\users\tannicarcher\documents\source\src\vphysics\release\win32\vc143.pdb
c:\users\tannicarcher\documents\source\game\bin\win32\vphysics.dll
c:\users\tannicarcher\documents\source\game\bin\win32\vphysics.pdb
c:\users\tannicarcher\documents\source\src\vphysics\release\win32\vphysics.lib
c:\users\tannicarcher\documents\source\src\vphysics\release\win32\vphysics.exp
c:\users\tannicarcher\documents\source\src\vphysics\release\win32\vphysics.tlog\cl.5468.write.1.tlog
c:\users\tannicarcher\documents\source\src\vphysics\release\win32\vphysics.tlog\cl.command.1.tlog
c:\users\tannicarcher\documents\source\src\vphysics\release\win32\vphysics.tlog\cl.items.tlog
c:\users\tannicarcher\documents\source\src\vphysics\release\win32\vphysics.tlog\cl.read.1.tlog
c:\users\tannicarcher\documents\source\src\vphysics\release\win32\vphysics.tlog\link.command.1.tlog
c:\users\tannicarcher\documents\source\src\vphysics\release\win32\vphysics.tlog\link.read.1.tlog
c:\users\tannicarcher\documents\source\src\vphysics\release\win32\vphysics.tlog\link.secondary.1.tlog
c:\users\tannicarcher\documents\source\src\vphysics\release\win32\vphysics.tlog\link.write.1.tlog
