c:\users\tannicarcher\documents\source\src\utils\vmpi\vmpi_services_watch\release\win32\idle_dialog.obj
c:\users\tannicarcher\documents\source\src\utils\vmpi\vmpi_services_watch\release\win32\servicesdlg.obj
c:\users\tannicarcher\documents\source\src\utils\vmpi\vmpi_services_watch\release\win32\vmpi_browser_helpers.obj
c:\users\tannicarcher\documents\source\src\utils\vmpi\vmpi_services_watch\release\win32\vmpi_browser_services.obj
c:\users\tannicarcher\documents\source\src\utils\vmpi\vmpi_services_watch\release\win32\window_anchor_mgr.obj
c:\users\tannicarcher\documents\source\src\utils\vmpi\vmpi_services_watch\release\win32\net_view_thread.obj
c:\users\tannicarcher\documents\source\src\utils\vmpi\vmpi_services_watch\release\win32\patchtimeout.obj
c:\users\tannicarcher\documents\source\src\utils\vmpi\vmpi_services_watch\release\win32\setpassworddlg.obj
c:\users\tannicarcher\documents\source\src\utils\vmpi\vmpi_services_watch\release\win32\win_idle.obj
c:\users\tannicarcher\documents\source\src\utils\vmpi\vmpi_services_watch\release\win32\stdafx.obj
c:\users\tannicarcher\documents\source\src\utils\vmpi\vmpi_services_watch\release\win32\vc143.pdb
c:\users\tannicarcher\documents\source\game\bin\win32\vmpi_services_watch.exe
c:\users\tannicarcher\documents\source\game\bin\win32\vmpi_services_watch.pdb
c:\users\tannicarcher\documents\source\src\utils\vmpi\vmpi_services_watch\release\win32\vmpi_browser_services.res
c:\users\tannicarcher\documents\source\src\utils\vmpi\vmpi_services_watch\release\win32\vmpi_ser.7128fa01.tlog\cl.7312.write.1.tlog
c:\users\tannicarcher\documents\source\src\utils\vmpi\vmpi_services_watch\release\win32\vmpi_ser.7128fa01.tlog\cl.command.1.tlog
c:\users\tannicarcher\documents\source\src\utils\vmpi\vmpi_services_watch\release\win32\vmpi_ser.7128fa01.tlog\cl.items.tlog
c:\users\tannicarcher\documents\source\src\utils\vmpi\vmpi_services_watch\release\win32\vmpi_ser.7128fa01.tlog\cl.read.1.tlog
c:\users\tannicarcher\documents\source\src\utils\vmpi\vmpi_services_watch\release\win32\vmpi_ser.7128fa01.tlog\link.command.1.tlog
c:\users\tannicarcher\documents\source\src\utils\vmpi\vmpi_services_watch\release\win32\vmpi_ser.7128fa01.tlog\link.read.1.tlog
c:\users\tannicarcher\documents\source\src\utils\vmpi\vmpi_services_watch\release\win32\vmpi_ser.7128fa01.tlog\link.secondary.1.tlog
c:\users\tannicarcher\documents\source\src\utils\vmpi\vmpi_services_watch\release\win32\vmpi_ser.7128fa01.tlog\link.write.1.tlog
c:\users\tannicarcher\documents\source\src\utils\vmpi\vmpi_services_watch\release\win32\vmpi_ser.7128fa01.tlog\rc.command.1.tlog
c:\users\tannicarcher\documents\source\src\utils\vmpi\vmpi_services_watch\release\win32\vmpi_ser.7128fa01.tlog\rc.read.1.tlog
c:\users\tannicarcher\documents\source\src\utils\vmpi\vmpi_services_watch\release\win32\vmpi_ser.7128fa01.tlog\rc.write.1.tlog
