c:\users\tannicarcher\documents\source\src\materialsystem\shaderapiempty\release\win32\memoverride.obj
c:\users\tannicarcher\documents\source\src\materialsystem\shaderapiempty\release\win32\devicemanager.obj
c:\users\tannicarcher\documents\source\src\materialsystem\shaderapiempty\release\win32\shadershadow.obj
c:\users\tannicarcher\documents\source\src\materialsystem\shaderapiempty\release\win32\shaderapiempty.obj
c:\users\tannicarcher\documents\source\src\materialsystem\shaderapiempty\release\win32\mesh.obj
c:\users\tannicarcher\documents\source\src\materialsystem\shaderapiempty\release\win32\shaderdevice.obj
c:\users\tannicarcher\documents\source\src\materialsystem\shaderapiempty\release\win32\shaderapi.obj
c:\users\tannicarcher\documents\source\src\materialsystem\shaderapiempty\release\win32\vc143.pdb
c:\users\tannicarcher\documents\source\game\bin\win32\shaderapiempty.dll
c:\users\tannicarcher\documents\source\game\bin\win32\shaderapiempty.pdb
c:\users\tannicarcher\documents\source\src\materialsystem\shaderapiempty\release\win32\shaderapiempty.lib
c:\users\tannicarcher\documents\source\src\materialsystem\shaderapiempty\release\win32\shaderapiempty.exp
c:\users\tannicarcher\documents\source\src\materialsystem\shaderapiempty\release\win32\shaderapiempty.tlog\cl.3252.write.1.tlog
c:\users\tannicarcher\documents\source\src\materialsystem\shaderapiempty\release\win32\shaderapiempty.tlog\cl.command.1.tlog
c:\users\tannicarcher\documents\source\src\materialsystem\shaderapiempty\release\win32\shaderapiempty.tlog\cl.items.tlog
c:\users\tannicarcher\documents\source\src\materialsystem\shaderapiempty\release\win32\shaderapiempty.tlog\cl.read.1.tlog
c:\users\tannicarcher\documents\source\src\materialsystem\shaderapiempty\release\win32\shaderapiempty.tlog\link.command.1.tlog
c:\users\tannicarcher\documents\source\src\materialsystem\shaderapiempty\release\win32\shaderapiempty.tlog\link.read.1.tlog
c:\users\tannicarcher\documents\source\src\materialsystem\shaderapiempty\release\win32\shaderapiempty.tlog\link.secondary.1.tlog
c:\users\tannicarcher\documents\source\src\materialsystem\shaderapiempty\release\win32\shaderapiempty.tlog\link.write.1.tlog
