c:\users\tannicarcher\documents\source\src\vstdlib\release\win32\cvar.obj
c:\users\tannicarcher\documents\source\src\vstdlib\release\win32\jobthread.obj
c:\users\tannicarcher\documents\source\src\vstdlib\release\win32\random.obj
c:\users\tannicarcher\documents\source\src\vstdlib\release\win32\vcover.obj
c:\users\tannicarcher\documents\source\src\vstdlib\release\win32\memoverride.obj
c:\users\tannicarcher\documents\source\src\vstdlib\release\win32\keyvaluessystem.obj
c:\users\tannicarcher\documents\source\src\vstdlib\release\win32\processutils.obj
c:\users\tannicarcher\documents\source\src\vstdlib\release\win32\vc143.pdb
c:\users\tannicarcher\documents\source\game\bin\win32\vstdlib.dll
c:\users\tannicarcher\documents\source\game\bin\win32\vstdlib.pdb
c:\users\tannicarcher\documents\source\src\lib\public\win32\vstdlib.lib
c:\users\tannicarcher\documents\source\src\lib\public\win32\vstdlib.exp
c:\users\tannicarcher\documents\source\src\vstdlib\release\win32\vstdlib.tlog\cl.6036.write.1.tlog
c:\users\tannicarcher\documents\source\src\vstdlib\release\win32\vstdlib.tlog\cl.command.1.tlog
c:\users\tannicarcher\documents\source\src\vstdlib\release\win32\vstdlib.tlog\cl.items.tlog
c:\users\tannicarcher\documents\source\src\vstdlib\release\win32\vstdlib.tlog\cl.read.1.tlog
c:\users\tannicarcher\documents\source\src\vstdlib\release\win32\vstdlib.tlog\link.command.1.tlog
c:\users\tannicarcher\documents\source\src\vstdlib\release\win32\vstdlib.tlog\link.read.1.tlog
c:\users\tannicarcher\documents\source\src\vstdlib\release\win32\vstdlib.tlog\link.secondary.1.tlog
c:\users\tannicarcher\documents\source\src\vstdlib\release\win32\vstdlib.tlog\link.write.1.tlog
