c:\users\tannicarcher\documents\source\src\utils\vmpi\vmpi_service_ui\release\win32\memoverride.obj
c:\users\tannicarcher\documents\source\src\utils\vmpi\vmpi_service_ui\release\win32\shell_icon_mgr.obj
c:\users\tannicarcher\documents\source\src\utils\vmpi\vmpi_service_ui\release\win32\stdafx.obj
c:\users\tannicarcher\documents\source\src\utils\vmpi\vmpi_service_ui\release\win32\threadedtcpsocket.obj
c:\users\tannicarcher\documents\source\src\utils\vmpi\vmpi_service_ui\release\win32\service_conn_mgr.obj
c:\users\tannicarcher\documents\source\src\utils\vmpi\vmpi_service_ui\release\win32\threadhelpers.obj
c:\users\tannicarcher\documents\source\src\utils\vmpi\vmpi_service_ui\release\win32\iphelpers.obj
c:\users\tannicarcher\documents\source\src\utils\vmpi\vmpi_service_ui\release\win32\vmpi_service_ui.obj
c:\users\tannicarcher\documents\source\src\utils\vmpi\vmpi_service_ui\release\win32\tcpsocket_helpers.obj
c:\users\tannicarcher\documents\source\src\utils\vmpi\vmpi_service_ui\release\win32\consolewnd.obj
c:\users\tannicarcher\documents\source\src\utils\vmpi\vmpi_service_ui\release\win32\threadedtcpsocketemu.obj
c:\users\tannicarcher\documents\source\src\utils\vmpi\vmpi_service_ui\release\win32\vc143.pdb
c:\users\tannicarcher\documents\source\game\bin\win32\vmpi_service_ui.exe
c:\users\tannicarcher\documents\source\game\bin\win32\vmpi_service_ui.pdb
c:\users\tannicarcher\documents\source\src\utils\vmpi\vmpi_service_ui\release\win32\vmpi_service_ui.res
c:\users\tannicarcher\documents\source\src\utils\vmpi\vmpi_service_ui\release\win32\vmpi_service_ui.tlog\cl.7928.write.1.tlog
c:\users\tannicarcher\documents\source\src\utils\vmpi\vmpi_service_ui\release\win32\vmpi_service_ui.tlog\cl.command.1.tlog
c:\users\tannicarcher\documents\source\src\utils\vmpi\vmpi_service_ui\release\win32\vmpi_service_ui.tlog\cl.items.tlog
c:\users\tannicarcher\documents\source\src\utils\vmpi\vmpi_service_ui\release\win32\vmpi_service_ui.tlog\cl.read.1.tlog
c:\users\tannicarcher\documents\source\src\utils\vmpi\vmpi_service_ui\release\win32\vmpi_service_ui.tlog\link.command.1.tlog
c:\users\tannicarcher\documents\source\src\utils\vmpi\vmpi_service_ui\release\win32\vmpi_service_ui.tlog\link.read.1.tlog
c:\users\tannicarcher\documents\source\src\utils\vmpi\vmpi_service_ui\release\win32\vmpi_service_ui.tlog\link.secondary.1.tlog
c:\users\tannicarcher\documents\source\src\utils\vmpi\vmpi_service_ui\release\win32\vmpi_service_ui.tlog\link.write.1.tlog
c:\users\tannicarcher\documents\source\src\utils\vmpi\vmpi_service_ui\release\win32\vmpi_service_ui.tlog\rc.command.1.tlog
c:\users\tannicarcher\documents\source\src\utils\vmpi\vmpi_service_ui\release\win32\vmpi_service_ui.tlog\rc.read.1.tlog
c:\users\tannicarcher\documents\source\src\utils\vmpi\vmpi_service_ui\release\win32\vmpi_service_ui.tlog\rc.write.1.tlog
