c:\users\tannicarcher\documents\source\src\tracker\adminserver\debug\win32\adminserver.obj
c:\users\tannicarcher\documents\source\src\tracker\adminserver\debug\win32\bancontextmenu.obj
c:\users\tannicarcher\documents\source\src\tracker\adminserver\debug\win32\gamepanelinfo.obj
c:\users\tannicarcher\documents\source\src\tracker\adminserver\debug\win32\playerlistcompare.obj
c:\users\tannicarcher\documents\source\src\tracker\adminserver\debug\win32\vareditdialog.obj
c:\users\tannicarcher\documents\source\src\tracker\adminserver\debug\win32\vgui_basebudgetpanel.obj
c:\users\tannicarcher\documents\source\src\tracker\adminserver\debug\win32\vgui_budgethistorypanel.obj
c:\users\tannicarcher\documents\source\src\tracker\adminserver\debug\win32\vgui_controls.obj
c:\users\tannicarcher\documents\source\src\tracker\adminserver\debug\win32\dialogcvarchange.obj
c:\users\tannicarcher\documents\source\src\tracker\adminserver\debug\win32\budgetpanelcontainer.obj
c:\users\tannicarcher\documents\source\src\tracker\adminserver\debug\win32\graphpanel.obj
c:\users\tannicarcher\documents\source\src\tracker\adminserver\debug\win32\rawlogpanel.obj
c:\users\tannicarcher\documents\source\src\tracker\adminserver\debug\win32\serverinfopanel.obj
c:\users\tannicarcher\documents\source\src\tracker\adminserver\debug\win32\memoverride.obj
c:\users\tannicarcher\documents\source\src\tracker\adminserver\debug\win32\configpanel.obj
c:\users\tannicarcher\documents\source\src\tracker\adminserver\debug\win32\mapcycleeditdialog.obj
c:\users\tannicarcher\documents\source\src\tracker\adminserver\debug\win32\msgbuffer.obj
c:\users\tannicarcher\documents\source\src\tracker\adminserver\debug\win32\playercontextmenu.obj
c:\users\tannicarcher\documents\source\src\tracker\adminserver\debug\win32\remoteserver.obj
c:\users\tannicarcher\documents\source\src\tracker\adminserver\debug\win32\varlistpropertypage.obj
c:\users\tannicarcher\documents\source\src\tracker\adminserver\debug\win32\vgui_budgetbargraphpanel.obj
c:\users\tannicarcher\documents\source\src\tracker\adminserver\debug\win32\vgui_budgetpanelshared.obj
c:\users\tannicarcher\documents\source\src\tracker\adminserver\debug\win32\tokenline.obj
c:\users\tannicarcher\documents\source\src\tracker\adminserver\debug\win32\dialogaddban.obj
c:\users\tannicarcher\documents\source\src\tracker\adminserver\debug\win32\banpanel.obj
c:\users\tannicarcher\documents\source\src\tracker\adminserver\debug\win32\chatpanel.obj
c:\users\tannicarcher\documents\source\src\tracker\adminserver\debug\win32\playerpanel.obj
c:\users\tannicarcher\documents\source\src\tracker\adminserver\debug\win32\serverconfigpanel.obj
c:\users\tannicarcher\documents\source\src\tracker\adminserver\debug\win32\vc143.pdb
c:\users\tannicarcher\documents\source\game\bin\win32\adminserver.dll
c:\users\tannicarcher\documents\source\game\bin\win32\adminserver.pdb
c:\users\tannicarcher\documents\source\src\tracker\adminserver\debug\win32\adminserver.lib
c:\users\tannicarcher\documents\source\src\tracker\adminserver\debug\win32\adminserver.exp
c:\users\tannicarcher\documents\source\game\bin\win32\adminserver.ilk
c:\users\tannicarcher\documents\source\src\tracker\adminserver\debug\win32\vc143.idb
c:\users\tannicarcher\documents\source\src\tracker\adminserver\debug\win32\adminserver.tlog\cl.2464.write.1.tlog
c:\users\tannicarcher\documents\source\src\tracker\adminserver\debug\win32\adminserver.tlog\cl.command.1.tlog
c:\users\tannicarcher\documents\source\src\tracker\adminserver\debug\win32\adminserver.tlog\cl.items.tlog
c:\users\tannicarcher\documents\source\src\tracker\adminserver\debug\win32\adminserver.tlog\cl.read.1.tlog
c:\users\tannicarcher\documents\source\src\tracker\adminserver\debug\win32\adminserver.tlog\link.command.1.tlog
c:\users\tannicarcher\documents\source\src\tracker\adminserver\debug\win32\adminserver.tlog\link.read.1.tlog
c:\users\tannicarcher\documents\source\src\tracker\adminserver\debug\win32\adminserver.tlog\link.secondary.1.tlog
c:\users\tannicarcher\documents\source\src\tracker\adminserver\debug\win32\adminserver.tlog\link.write.1.tlog
