c:\users\tannicarcher\documents\source\src\utils\vmpi\vmpi_service\release\win32\iphelpers.obj
c:\users\tannicarcher\documents\source\src\utils\vmpi\vmpi_service\release\win32\service_helpers.obj
c:\users\tannicarcher\documents\source\src\utils\vmpi\vmpi_service\release\win32\stdafx.obj
c:\users\tannicarcher\documents\source\src\utils\vmpi\vmpi_service\release\win32\tcpsocket_helpers.obj
c:\users\tannicarcher\documents\source\src\utils\vmpi\vmpi_service\release\win32\threadedtcpsocketemu.obj
c:\users\tannicarcher\documents\source\src\utils\vmpi\vmpi_service\release\win32\vmpi_service.obj
c:\users\tannicarcher\documents\source\src\utils\vmpi\vmpi_service\release\win32\memoverride.obj
c:\users\tannicarcher\documents\source\src\utils\vmpi\vmpi_service\release\win32\service_conn_mgr.obj
c:\users\tannicarcher\documents\source\src\utils\vmpi\vmpi_service\release\win32\perf_counters.obj
c:\users\tannicarcher\documents\source\src\utils\vmpi\vmpi_service\release\win32\threadedtcpsocket.obj
c:\users\tannicarcher\documents\source\src\utils\vmpi\vmpi_service\release\win32\threadhelpers.obj
c:\users\tannicarcher\documents\source\src\utils\vmpi\vmpi_service\release\win32\vc143.pdb
c:\users\tannicarcher\documents\source\game\bin\win32\vmpi_service.exe
c:\users\tannicarcher\documents\source\game\bin\win32\vmpi_service.pdb
c:\users\tannicarcher\documents\source\src\utils\vmpi\vmpi_service\release\win32\vmpi_service.res
c:\users\tannicarcher\documents\source\src\utils\vmpi\vmpi_service\release\win32\vmpi_service.lib
c:\users\tannicarcher\documents\source\src\utils\vmpi\vmpi_service\release\win32\vmpi_service.exp
c:\users\tannicarcher\documents\source\src\utils\vmpi\vmpi_service\release\win32\vmpi_service.tlog\cl.4500.write.1.tlog
c:\users\tannicarcher\documents\source\src\utils\vmpi\vmpi_service\release\win32\vmpi_service.tlog\cl.command.1.tlog
c:\users\tannicarcher\documents\source\src\utils\vmpi\vmpi_service\release\win32\vmpi_service.tlog\cl.items.tlog
c:\users\tannicarcher\documents\source\src\utils\vmpi\vmpi_service\release\win32\vmpi_service.tlog\cl.read.1.tlog
c:\users\tannicarcher\documents\source\src\utils\vmpi\vmpi_service\release\win32\vmpi_service.tlog\link.command.1.tlog
c:\users\tannicarcher\documents\source\src\utils\vmpi\vmpi_service\release\win32\vmpi_service.tlog\link.read.1.tlog
c:\users\tannicarcher\documents\source\src\utils\vmpi\vmpi_service\release\win32\vmpi_service.tlog\link.secondary.1.tlog
c:\users\tannicarcher\documents\source\src\utils\vmpi\vmpi_service\release\win32\vmpi_service.tlog\link.write.1.tlog
c:\users\tannicarcher\documents\source\src\utils\vmpi\vmpi_service\release\win32\vmpi_service.tlog\rc.command.1.tlog
c:\users\tannicarcher\documents\source\src\utils\vmpi\vmpi_service\release\win32\vmpi_service.tlog\rc.read.1.tlog
c:\users\tannicarcher\documents\source\src\utils\vmpi\vmpi_service\release\win32\vmpi_service.tlog\rc.write.1.tlog
