c:\users\tannicarcher\documents\source\src\utils\hammer\release\win32\hammer.pch
c:\users\tannicarcher\documents\source\src\utils\hammer\release\win32\vc143.pdb
c:\users\tannicarcher\documents\source\src\utils\hammer\release\win32\stdafx.obj
c:\users\tannicarcher\documents\source\src\utils\hammer\release\win32\memoverride.obj
c:\users\tannicarcher\documents\source\src\utils\hammer\release\win32\bone_setup.obj
c:\users\tannicarcher\documents\source\src\utils\hammer\release\win32\chunkfile.obj
c:\users\tannicarcher\documents\source\src\utils\hammer\release\win32\collisionutils.obj
c:\users\tannicarcher\documents\source\src\utils\hammer\release\win32\sourceappinfo.obj
c:\users\tannicarcher\documents\source\src\utils\hammer\release\win32\disp_common.obj
c:\users\tannicarcher\documents\source\src\utils\hammer\release\win32\filesystem_helpers.obj
c:\users\tannicarcher\documents\source\src\utils\hammer\release\win32\hammer_mathlib.obj
c:\users\tannicarcher\documents\source\src\utils\hammer\release\win32\rope_physics.obj
c:\users\tannicarcher\documents\source\src\utils\hammer\release\win32\simple_physics.obj
c:\users\tannicarcher\documents\source\src\utils\hammer\release\win32\studio.obj
c:\users\tannicarcher\documents\source\src\utils\hammer\release\win32\viewersettings.obj
c:\users\tannicarcher\documents\source\src\utils\hammer\release\win32\scriplib.obj
c:\users\tannicarcher\documents\source\src\utils\hammer\release\win32\builddisp.obj
c:\users\tannicarcher\documents\source\src\utils\hammer\release\win32\buildnum.obj
c:\users\tannicarcher\documents\source\src\utils\hammer\release\win32\camera.obj
c:\users\tannicarcher\documents\source\src\utils\hammer\release\win32\configmanager.obj
c:\users\tannicarcher\documents\source\src\utils\hammer\release\win32\disp_powerinfo.obj
c:\users\tannicarcher\documents\source\src\utils\hammer\release\win32\filesystem_init.obj
c:\users\tannicarcher\documents\source\src\utils\hammer\release\win32\keyframe.obj
c:\users\tannicarcher\documents\source\src\utils\hammer\release\win32\saveinfo.obj
c:\users\tannicarcher\documents\source\src\utils\hammer\release\win32\vgui_controls.obj
c:\users\tannicarcher\documents\source\src\utils\hammer\release\win32\interpolatortypes.obj
c:\users\tannicarcher\documents\source\src\utils\hammer\release\win32\afxmem_override.obj
c:\users\tannicarcher\documents\source\src\utils\hammer\release\win32\anglebox.obj
c:\users\tannicarcher\documents\source\src\utils\hammer\release\win32\boundbox.obj
c:\users\tannicarcher\documents\source\src\utils\hammer\release\win32\bsplighting.obj
c:\users\tannicarcher\documents\source\src\utils\hammer\release\win32\childfrm.obj
c:\users\tannicarcher\documents\source\src\utils\hammer\release\win32\culltreenode.obj
c:\users\tannicarcher\documents\source\src\utils\hammer\release\win32\detailobjects.obj
c:\users\tannicarcher\documents\source\src\utils\hammer\release\win32\dispmapimagefilter.obj
c:\users\tannicarcher\documents\source\src\utils\hammer\release\win32\dispshore.obj
c:\users\tannicarcher\documents\source\src\utils\hammer\release\win32\dynamicdialogwnd.obj
c:\users\tannicarcher\documents\source\src\utils\hammer\release\win32\editgameclass.obj
c:\users\tannicarcher\documents\source\src\utils\hammer\release\win32\entityconnection.obj
c:\users\tannicarcher\documents\source\src\utils\hammer\release\win32\filteredcombobox.obj
c:\users\tannicarcher\documents\source\src\utils\hammer\release\win32\gamepalette.obj
c:\users\tannicarcher\documents\source\src\utils\hammer\release\win32\gizmo.obj
c:\users\tannicarcher\documents\source\src\utils\hammer\release\win32\hammer.obj
c:\users\tannicarcher\documents\source\src\utils\hammer\release\win32\history.obj
c:\users\tannicarcher\documents\source\src\utils\hammer\release\win32\keyboard.obj
c:\users\tannicarcher\documents\source\src\utils\hammer\release\win32\loadsave_map.obj
c:\users\tannicarcher\documents\source\src\utils\hammer\release\win32\lpreview_thread.obj
c:\users\tannicarcher\documents\source\src\utils\hammer\release\win32\mainfrm.obj
c:\users\tannicarcher\documents\source\src\utils\hammer\release\win32\mappath.obj
c:\users\tannicarcher\documents\source\src\utils\hammer\release\win32\mapview.obj
c:\users\tannicarcher\documents\source\src\utils\hammer\release\win32\mapview2dbase.obj
c:\users\tannicarcher\documents\source\src\utils\hammer\release\win32\mapviewlogical.obj
c:\users\tannicarcher\documents\source\src\utils\hammer\release\win32\mdiclientwnd.obj
c:\users\tannicarcher\documents\source\src\utils\hammer\release\win32\messagewnd.obj
c:\users\tannicarcher\documents\source\src\utils\hammer\release\win32\modelbrowser.obj
c:\users\tannicarcher\documents\source\src\utils\hammer\release\win32\options.obj
c:\users\tannicarcher\documents\source\src\utils\hammer\release\win32\prefabs.obj
c:\users\tannicarcher\documents\source\src\utils\hammer\release\win32\processwnd.obj
c:\users\tannicarcher\documents\source\src\utils\hammer\release\win32\render2d.obj
c:\users\tannicarcher\documents\source\src\utils\hammer\release\win32\renderutils.obj
c:\users\tannicarcher\documents\source\src\utils\hammer\release\win32\richeditctrlex.obj
c:\users\tannicarcher\documents\source\src\utils\hammer\release\win32\runcommands.obj
c:\users\tannicarcher\documents\source\src\utils\hammer\release\win32\runmap.obj
c:\users\tannicarcher\documents\source\src\utils\hammer\release\win32\selection.obj
c:\users\tannicarcher\documents\source\src\utils\hammer\release\win32\sprite.obj
c:\users\tannicarcher\documents\source\src\utils\hammer\release\win32\stocksolids.obj
c:\users\tannicarcher\documents\source\src\utils\hammer\release\win32\targetnamecombo.obj
c:\users\tannicarcher\documents\source\src\utils\hammer\release\win32\texturebox.obj
c:\users\tannicarcher\documents\source\src\utils\hammer\release\win32\texturewindow.obj
c:\users\tannicarcher\documents\source\src\utils\hammer\release\win32\vguiwnd.obj
c:\users\tannicarcher\documents\source\src\utils\hammer\release\win32\mapalignedbox.obj
c:\users\tannicarcher\documents\source\src\utils\hammer\release\win32\mapaxishandle.obj
c:\users\tannicarcher\documents\source\src\utils\hammer\release\win32\mapcylinder.obj
c:\users\tannicarcher\documents\source\src\utils\hammer\release\win32\mapdisp.obj
c:\users\tannicarcher\documents\source\src\utils\hammer\release\win32\mapfrustum.obj
c:\users\tannicarcher\documents\source\src\utils\hammer\release\win32\mapkeyframe.obj
c:\users\tannicarcher\documents\source\src\utils\hammer\release\win32\maplightcone.obj
c:\users\tannicarcher\documents\source\src\utils\hammer\release\win32\mapoverlay.obj
c:\users\tannicarcher\documents\source\src\utils\hammer\release\win32\mappoint.obj
c:\users\tannicarcher\documents\source\src\utils\hammer\release\win32\mappointhandle.obj
c:\users\tannicarcher\documents\source\src\utils\hammer\release\win32\mapsidelist.obj
c:\users\tannicarcher\documents\source\src\utils\hammer\release\win32\mapsphere.obj
c:\users\tannicarcher\documents\source\src\utils\hammer\release\win32\mapstudiomodel.obj
c:\users\tannicarcher\documents\source\src\utils\hammer\release\win32\mapworld.obj
c:\users\tannicarcher\documents\source\src\utils\hammer\release\win32\tool3d.obj
c:\users\tannicarcher\documents\source\src\utils\hammer\release\win32\toolbase.obj
c:\users\tannicarcher\documents\source\src\utils\hammer\release\win32\toolcamera.obj
c:\users\tannicarcher\documents\source\src\utils\hammer\release\win32\toolcordon.obj
c:\users\tannicarcher\documents\source\src\utils\hammer\release\win32\tooldisplace.obj
c:\users\tannicarcher\documents\source\src\utils\hammer\release\win32\toolmagnify.obj
c:\users\tannicarcher\documents\source\src\utils\hammer\release\win32\toolmaterial.obj
c:\users\tannicarcher\documents\source\src\utils\hammer\release\win32\tooloverlay.obj
c:\users\tannicarcher\documents\source\src\utils\hammer\release\win32\toolpickentity.obj
c:\users\tannicarcher\documents\source\src\utils\hammer\release\win32\toolpointhandle.obj
c:\users\tannicarcher\documents\source\src\utils\hammer\release\win32\toolsphere.obj
c:\users\tannicarcher\documents\source\src\utils\hammer\release\win32\dummytexture.obj
c:\users\tannicarcher\documents\source\src\utils\hammer\release\win32\material.obj
c:\users\tannicarcher\documents\source\src\utils\hammer\release\win32\wadtexture.obj
c:\users\tannicarcher\documents\source\src\utils\hammer\release\win32\shellmessagewnd.obj
c:\users\tannicarcher\documents\source\src\utils\hammer\release\win32\archdlg.obj
c:\users\tannicarcher\documents\source\src\utils\hammer\release\win32\dispdlg.obj
c:\users\tannicarcher\documents\source\src\utils\hammer\release\win32\editpathdlg.obj
c:\users\tannicarcher\documents\source\src\utils\hammer\release\win32\editpathnodedlg.obj
c:\users\tannicarcher\documents\source\src\utils\hammer\release\win32\entityhelpdlg.obj
c:\users\tannicarcher\documents\source\src\utils\hammer\release\win32\faceedit_disppage.obj
c:\users\tannicarcher\documents\source\src\utils\hammer\release\win32\faceeditsheet.obj
c:\users\tannicarcher\documents\source\src\utils\hammer\release\win32\filtercontrol.obj
c:\users\tannicarcher\documents\source\src\utils\hammer\release\win32\mapcheckdlg.obj
c:\users\tannicarcher\documents\source\src\utils\hammer\release\win32\maperrorsdlg.obj
c:\users\tannicarcher\documents\source\src\utils\hammer\release\win32\mapinfodlg.obj
c:\users\tannicarcher\documents\source\src\utils\hammer\release\win32\newdoctype.obj
c:\users\tannicarcher\documents\source\src\utils\hammer\release\win32\newkeyvalue.obj
c:\users\tannicarcher\documents\source\src\utils\hammer\release\win32\newvisgroupdlg.obj
c:\users\tannicarcher\documents\source\src\utils\hammer\release\win32\objectpage.obj
c:\users\tannicarcher\documents\source\src\utils\hammer\release\win32\op_flags.obj
c:\users\tannicarcher\documents\source\src\utils\hammer\release\win32\op_groups.obj
c:\users\tannicarcher\documents\source\src\utils\hammer\release\win32\op_model.obj
c:\users\tannicarcher\documents\source\src\utils\hammer\release\win32\optbuild.obj
c:\users\tannicarcher\documents\source\src\utils\hammer\release\win32\optconfigs.obj
c:\users\tannicarcher\documents\source\src\utils\hammer\release\win32\optgeneral.obj
c:\users\tannicarcher\documents\source\src\utils\hammer\release\win32\optview2d.obj
c:\users\tannicarcher\documents\source\src\utils\hammer\release\win32\optview3d.obj
c:\users\tannicarcher\documents\source\src\utils\hammer\release\win32\progdlg.obj
c:\users\tannicarcher\documents\source\src\utils\hammer\release\win32\replacetexdlg.obj
c:\users\tannicarcher\documents\source\src\utils\hammer\release\win32\searchreplacedlg.obj
c:\users\tannicarcher\documents\source\src\utils\hammer\release\win32\selectmodedlgbar.obj
c:\users\tannicarcher\documents\source\src\utils\hammer\release\win32\strdlg.obj
c:\users\tannicarcher\documents\source\src\utils\hammer\release\win32\texturebrowser.obj
c:\users\tannicarcher\documents\source\src\utils\hammer\release\win32\transformdlg.obj
c:\users\tannicarcher\documents\source\src\utils\hammer\release\win32\anchormgr.obj
c:\users\tannicarcher\documents\source\src\utils\hammer\release\win32\autoselcombo.obj
c:\users\tannicarcher\documents\source\src\utils\hammer\release\win32\axes2.obj
c:\users\tannicarcher\documents\source\src\utils\hammer\release\win32\brushops.obj
c:\users\tannicarcher\documents\source\src\utils\hammer\release\win32\bsplightingthread.obj
c:\users\tannicarcher\documents\source\src\utils\hammer\release\win32\clipcode.obj
c:\users\tannicarcher\documents\source\src\utils\hammer\release\win32\clock.obj
c:\users\tannicarcher\documents\source\src\utils\hammer\release\win32\createarch.obj
c:\users\tannicarcher\documents\source\src\utils\hammer\release\win32\dispmanager.obj
c:\users\tannicarcher\documents\source\src\utils\hammer\release\win32\disppaint.obj
c:\users\tannicarcher\documents\source\src\utils\hammer\release\win32\dispsew.obj
c:\users\tannicarcher\documents\source\src\utils\hammer\release\win32\dispsubdiv.obj
c:\users\tannicarcher\documents\source\src\utils\hammer\release\win32\editgameconfigs.obj
c:\users\tannicarcher\documents\source\src\utils\hammer\release\win32\events.obj
c:\users\tannicarcher\documents\source\src\utils\hammer\release\win32\filechangewatcher.obj
c:\users\tannicarcher\documents\source\src\utils\hammer\release\win32\gameconfig.obj
c:\users\tannicarcher\documents\source\src\utils\hammer\release\win32\grouplist.obj
c:\users\tannicarcher\documents\source\src\utils\hammer\release\win32\hammerscene.obj
c:\users\tannicarcher\documents\source\src\utils\hammer\release\win32\hammervgui.obj
c:\users\tannicarcher\documents\source\src\utils\hammer\release\win32\helperfactory.obj
c:\users\tannicarcher\documents\source\src\utils\hammer\release\win32\iconcombobox.obj
c:\users\tannicarcher\documents\source\src\utils\hammer\release\win32\listboxex.obj
c:\users\tannicarcher\documents\source\src\utils\hammer\release\win32\loadsave_rmf.obj
c:\users\tannicarcher\documents\source\src\utils\hammer\release\win32\lprvwindow.obj
c:\users\tannicarcher\documents\source\src\utils\hammer\release\win32\makeprefablibrary.obj
c:\users\tannicarcher\documents\source\src\utils\hammer\release\win32\mapdoc.obj
c:\users\tannicarcher\documents\source\src\utils\hammer\release\win32\mapview2d.obj
c:\users\tannicarcher\documents\source\src\utils\hammer\release\win32\mapview3d.obj
c:\users\tannicarcher\documents\source\src\utils\hammer\release\win32\materialproxyfactory_wc.obj
c:\users\tannicarcher\documents\source\src\utils\hammer\release\win32\misc.obj
c:\users\tannicarcher\documents\source\src\utils\hammer\release\win32\noise.obj
c:\users\tannicarcher\documents\source\src\utils\hammer\release\win32\objectbar.obj
c:\users\tannicarcher\documents\source\src\utils\hammer\release\win32\osver.obj
c:\users\tannicarcher\documents\source\src\utils\hammer\release\win32\prefab3d.obj
c:\users\tannicarcher\documents\source\src\utils\hammer\release\win32\render.obj
c:\users\tannicarcher\documents\source\src\utils\hammer\release\win32\render3dms.obj
c:\users\tannicarcher\documents\source\src\utils\hammer\release\win32\scenepreviewdlg.obj
c:\users\tannicarcher\documents\source\src\utils\hammer\release\win32\soundbrowser.obj
c:\users\tannicarcher\documents\source\src\utils\hammer\release\win32\soundsystem.obj
c:\users\tannicarcher\documents\source\src\utils\hammer\release\win32\splash.obj
c:\users\tannicarcher\documents\source\src\utils\hammer\release\win32\ssolid.obj
c:\users\tannicarcher\documents\source\src\utils\hammer\release\win32\studiomodel.obj
c:\users\tannicarcher\documents\source\src\utils\hammer\release\win32\textureconverter.obj
c:\users\tannicarcher\documents\source\src\utils\hammer\release\win32\titlewnd.obj
c:\users\tannicarcher\documents\source\src\utils\hammer\release\win32\visgroup.obj
c:\users\tannicarcher\documents\source\src\utils\hammer\release\win32\mapanimator.obj
c:\users\tannicarcher\documents\source\src\utils\hammer\release\win32\mapclass.obj
c:\users\tannicarcher\documents\source\src\utils\hammer\release\win32\mapdecal.obj
c:\users\tannicarcher\documents\source\src\utils\hammer\release\win32\mapentity.obj
c:\users\tannicarcher\documents\source\src\utils\hammer\release\win32\mapface.obj
c:\users\tannicarcher\documents\source\src\utils\hammer\release\win32\mapgroup.obj
c:\users\tannicarcher\documents\source\src\utils\hammer\release\win32\maphelper.obj
c:\users\tannicarcher\documents\source\src\utils\hammer\release\win32\maplight.obj
c:\users\tannicarcher\documents\source\src\utils\hammer\release\win32\mapline.obj
c:\users\tannicarcher\documents\source\src\utils\hammer\release\win32\mapoverlaytrans.obj
c:\users\tannicarcher\documents\source\src\utils\hammer\release\win32\mapplayerhullhandle.obj
c:\users\tannicarcher\documents\source\src\utils\hammer\release\win32\mapquadbounds.obj
c:\users\tannicarcher\documents\source\src\utils\hammer\release\win32\mapsolid.obj
c:\users\tannicarcher\documents\source\src\utils\hammer\release\win32\mapsprite.obj
c:\users\tannicarcher\documents\source\src\utils\hammer\release\win32\mapsweptplayerhull.obj
c:\users\tannicarcher\documents\source\src\utils\hammer\release\win32\box3d.obj
c:\users\tannicarcher\documents\source\src\utils\hammer\release\win32\toolaxishandle.obj
c:\users\tannicarcher\documents\source\src\utils\hammer\release\win32\toolblock.obj
c:\users\tannicarcher\documents\source\src\utils\hammer\release\win32\toolclipper.obj
c:\users\tannicarcher\documents\source\src\utils\hammer\release\win32\tooldecal.obj
c:\users\tannicarcher\documents\source\src\utils\hammer\release\win32\toolentity.obj
c:\users\tannicarcher\documents\source\src\utils\hammer\release\win32\toolmanager.obj
c:\users\tannicarcher\documents\source\src\utils\hammer\release\win32\toolmorph.obj
c:\users\tannicarcher\documents\source\src\utils\hammer\release\win32\toolpickangles.obj
c:\users\tannicarcher\documents\source\src\utils\hammer\release\win32\toolpickface.obj
c:\users\tannicarcher\documents\source\src\utils\hammer\release\win32\toolselection.obj
c:\users\tannicarcher\documents\source\src\utils\hammer\release\win32\toolswepthull.obj
c:\users\tannicarcher\documents\source\src\utils\hammer\release\win32\texture.obj
c:\users\tannicarcher\documents\source\src\utils\hammer\release\win32\texturesystem.obj
c:\users\tannicarcher\documents\source\src\utils\hammer\release\win32\shell.obj
c:\users\tannicarcher\documents\source\src\utils\hammer\release\win32\editgroups.obj
c:\users\tannicarcher\documents\source\src\utils\hammer\release\win32\editprefabdlg.obj
c:\users\tannicarcher\documents\source\src\utils\hammer\release\win32\entityreportdlg.obj
c:\users\tannicarcher\documents\source\src\utils\hammer\release\win32\faceedit_materialpage.obj
c:\users\tannicarcher\documents\source\src\utils\hammer\release\win32\gotobrushdlg.obj
c:\users\tannicarcher\documents\source\src\utils\hammer\release\win32\hammerbar.obj
c:\users\tannicarcher\documents\source\src\utils\hammer\release\win32\mapanimationdlg.obj
c:\users\tannicarcher\documents\source\src\utils\hammer\release\win32\mapdiffdlg.obj
c:\users\tannicarcher\documents\source\src\utils\hammer\release\win32\materialdlg.obj
c:\users\tannicarcher\documents\source\src\utils\hammer\release\win32\objectproperties.obj
c:\users\tannicarcher\documents\source\src\utils\hammer\release\win32\op_entity.obj
c:\users\tannicarcher\documents\source\src\utils\hammer\release\win32\op_input.obj
c:\users\tannicarcher\documents\source\src\utils\hammer\release\win32\op_output.obj
c:\users\tannicarcher\documents\source\src\utils\hammer\release\win32\optionproperties.obj
c:\users\tannicarcher\documents\source\src\utils\hammer\release\win32\opttextures.obj
c:\users\tannicarcher\documents\source\src\utils\hammer\release\win32\pastespecialdlg.obj
c:\users\tannicarcher\documents\source\src\utils\hammer\release\win32\prefabsdlg.obj
c:\users\tannicarcher\documents\source\src\utils\hammer\release\win32\runmapcfgdlg.obj
c:\users\tannicarcher\documents\source\src\utils\hammer\release\win32\runmapexpertdlg.obj
c:\users\tannicarcher\documents\source\src\utils\hammer\release\win32\scaleverticesdlg.obj
c:\users\tannicarcher\documents\source\src\utils\hammer\release\win32\selectentitydlg.obj
c:\users\tannicarcher\documents\source\src\utils\hammer\release\win32\texturebar.obj
c:\users\tannicarcher\documents\source\src\utils\hammer\release\win32\torusdlg.obj
c:\users\tannicarcher\documents\source\src\utils\hammer\release\win32\undowarningdlg.obj
c:\users\tannicarcher\documents\source\game\bin\win32\hammer_dll.dll
c:\users\tannicarcher\documents\source\game\bin\win32\hammer_dll.pdb
c:\users\tannicarcher\documents\source\src\utils\hammer\release\win32\hammer.res
c:\users\tannicarcher\documents\source\src\utils\hammer\release\win32\hammer_dll.lib
c:\users\tannicarcher\documents\source\src\utils\hammer\release\win32\hammer_dll.exp
c:\users\tannicarcher\documents\source\src\utils\hammer\release\win32\hammer_dll.tlog\cl.command.1.tlog
c:\users\tannicarcher\documents\source\src\utils\hammer\release\win32\hammer_dll.tlog\cl.items.tlog
c:\users\tannicarcher\documents\source\src\utils\hammer\release\win32\hammer_dll.tlog\cl.read.1.tlog
c:\users\tannicarcher\documents\source\src\utils\hammer\release\win32\hammer_dll.tlog\cl.write.1.tlog
c:\users\tannicarcher\documents\source\src\utils\hammer\release\win32\hammer_dll.tlog\link.command.1.tlog
c:\users\tannicarcher\documents\source\src\utils\hammer\release\win32\hammer_dll.tlog\link.read.1.tlog
c:\users\tannicarcher\documents\source\src\utils\hammer\release\win32\hammer_dll.tlog\link.secondary.1.tlog
c:\users\tannicarcher\documents\source\src\utils\hammer\release\win32\hammer_dll.tlog\link.write.1.tlog
c:\users\tannicarcher\documents\source\src\utils\hammer\release\win32\hammer_dll.tlog\rc.command.1.tlog
c:\users\tannicarcher\documents\source\src\utils\hammer\release\win32\hammer_dll.tlog\rc.read.1.tlog
c:\users\tannicarcher\documents\source\src\utils\hammer\release\win32\hammer_dll.tlog\rc.write.1.tlog
