c:\users\tannicarcher\documents\source\src\networksystem\release\win32\memoverride.obj
c:\users\tannicarcher\documents\source\src\networksystem\release\win32\networkserver.obj
c:\users\tannicarcher\documents\source\src\networksystem\release\win32\udp_process.obj
c:\users\tannicarcher\documents\source\src\networksystem\release\win32\udp_socket.obj
c:\users\tannicarcher\documents\source\src\networksystem\release\win32\netchannel.obj
c:\users\tannicarcher\documents\source\src\networksystem\release\win32\networkclient.obj
c:\users\tannicarcher\documents\source\src\networksystem\release\win32\networksystem.obj
c:\users\tannicarcher\documents\source\src\networksystem\release\win32\vc143.pdb
c:\users\tannicarcher\documents\source\game\bin\win32\networksystem.dll
c:\users\tannicarcher\documents\source\game\bin\win32\networksystem.pdb
c:\users\tannicarcher\documents\source\src\networksystem\release\win32\networksystem.lib
c:\users\tannicarcher\documents\source\src\networksystem\release\win32\networksystem.exp
c:\users\tannicarcher\documents\source\src\networksystem\release\win32\networksystem.tlog\cl.4148.write.1.tlog
c:\users\tannicarcher\documents\source\src\networksystem\release\win32\networksystem.tlog\cl.command.1.tlog
c:\users\tannicarcher\documents\source\src\networksystem\release\win32\networksystem.tlog\cl.items.tlog
c:\users\tannicarcher\documents\source\src\networksystem\release\win32\networksystem.tlog\cl.read.1.tlog
c:\users\tannicarcher\documents\source\src\networksystem\release\win32\networksystem.tlog\link.command.1.tlog
c:\users\tannicarcher\documents\source\src\networksystem\release\win32\networksystem.tlog\link.read.1.tlog
c:\users\tannicarcher\documents\source\src\networksystem\release\win32\networksystem.tlog\link.secondary.1.tlog
c:\users\tannicarcher\documents\source\src\networksystem\release\win32\networksystem.tlog\link.write.1.tlog
