c:\users\tannicarcher\documents\source\src\utils\vmpi\vmpi_job_search\release\vmpi_browser_job_search.pch
c:\users\tannicarcher\documents\source\src\utils\vmpi\vmpi_job_search\release\win32\vc143.pdb
c:\users\tannicarcher\documents\source\src\utils\vmpi\vmpi_job_search\release\win32\stdafx.obj
c:\users\tannicarcher\documents\source\src\utils\vmpi\vmpi_job_search\release\win32\net_view_thread.obj
c:\users\tannicarcher\documents\source\src\utils\vmpi\vmpi_job_search\release\win32\vmpi_browser_job_search.obj
c:\users\tannicarcher\documents\source\src\utils\vmpi\vmpi_job_search\release\win32\window_anchor_mgr.obj
c:\users\tannicarcher\documents\source\src\utils\vmpi\vmpi_job_search\release\win32\vmpi_browser_helpers.obj
c:\users\tannicarcher\documents\source\src\utils\vmpi\vmpi_job_search\release\win32\jobsearchdlg.obj
c:\users\tannicarcher\documents\source\game\bin\win32\vmpi_job_search.exe
c:\users\tannicarcher\documents\source\game\bin\win32\vmpi_job_search.pdb
c:\users\tannicarcher\documents\source\src\utils\vmpi\vmpi_job_search\release\win32\vmpi_browser_job_search.res
c:\users\tannicarcher\documents\source\src\utils\vmpi\vmpi_job_search\release\win32\vmpi_job_search.lib
c:\users\tannicarcher\documents\source\src\utils\vmpi\vmpi_job_search\release\win32\vmpi_job_search.exp
c:\users\tannicarcher\documents\source\src\utils\vmpi\vmpi_job_search\release\win32\vmpi_job_search.tlog\cl.command.1.tlog
c:\users\tannicarcher\documents\source\src\utils\vmpi\vmpi_job_search\release\win32\vmpi_job_search.tlog\cl.items.tlog
c:\users\tannicarcher\documents\source\src\utils\vmpi\vmpi_job_search\release\win32\vmpi_job_search.tlog\cl.read.1.tlog
c:\users\tannicarcher\documents\source\src\utils\vmpi\vmpi_job_search\release\win32\vmpi_job_search.tlog\cl.write.1.tlog
c:\users\tannicarcher\documents\source\src\utils\vmpi\vmpi_job_search\release\win32\vmpi_job_search.tlog\link.command.1.tlog
c:\users\tannicarcher\documents\source\src\utils\vmpi\vmpi_job_search\release\win32\vmpi_job_search.tlog\link.read.1.tlog
c:\users\tannicarcher\documents\source\src\utils\vmpi\vmpi_job_search\release\win32\vmpi_job_search.tlog\link.secondary.1.tlog
c:\users\tannicarcher\documents\source\src\utils\vmpi\vmpi_job_search\release\win32\vmpi_job_search.tlog\link.write.1.tlog
c:\users\tannicarcher\documents\source\src\utils\vmpi\vmpi_job_search\release\win32\vmpi_job_search.tlog\rc.command.1.tlog
c:\users\tannicarcher\documents\source\src\utils\vmpi\vmpi_job_search\release\win32\vmpi_job_search.tlog\rc.read.1.tlog
c:\users\tannicarcher\documents\source\src\utils\vmpi\vmpi_job_search\release\win32\vmpi_job_search.tlog\rc.write.1.tlog
