c:\users\tannicarcher\documents\source\src\materialsystem\stdshaders\release\win32\dx9\vc143.pdb
c:\users\tannicarcher\documents\source\src\materialsystem\stdshaders\release\win32\dx9\floatcombine.obj
c:\users\tannicarcher\documents\source\src\materialsystem\stdshaders\release\win32\dx9\aftershock.obj
c:\users\tannicarcher\documents\source\src\materialsystem\stdshaders\release\win32\dx9\aftershock_helper.obj
c:\users\tannicarcher\documents\source\src\materialsystem\stdshaders\release\win32\dx9\accumbuff5sample.obj
c:\users\tannicarcher\documents\source\src\materialsystem\stdshaders\release\win32\dx9\bik_dx90.obj
c:\users\tannicarcher\documents\source\src\materialsystem\stdshaders\release\win32\dx9\blurfilterx.obj
c:\users\tannicarcher\documents\source\src\materialsystem\stdshaders\release\win32\dx9\bufferclearobeystencil_dx9.obj
c:\users\tannicarcher\documents\source\src\materialsystem\stdshaders\release\win32\dx9\cloak.obj
c:\users\tannicarcher\documents\source\src\materialsystem\stdshaders\release\win32\dx9\cloak_dx9_helper.obj
c:\users\tannicarcher\documents\source\src\materialsystem\stdshaders\release\win32\dx9\debugmrttexture.obj
c:\users\tannicarcher\documents\source\src\materialsystem\stdshaders\release\win32\dx9\debugtextureview.obj
c:\users\tannicarcher\documents\source\src\materialsystem\stdshaders\release\win32\dx9\decalmodulate_dx9.obj
c:\users\tannicarcher\documents\source\src\materialsystem\stdshaders\release\win32\dx9\downsample.obj
c:\users\tannicarcher\documents\source\src\materialsystem\stdshaders\release\win32\dx9\engine_post_dx9.obj
c:\users\tannicarcher\documents\source\src\materialsystem\stdshaders\release\win32\dx9\eye_refract.obj
c:\users\tannicarcher\documents\source\src\materialsystem\stdshaders\release\win32\dx9\eyes_dx8_dx9_helper.obj
c:\users\tannicarcher\documents\source\src\materialsystem\stdshaders\release\win32\dx9\eyeglint_dx9.obj
c:\users\tannicarcher\documents\source\src\materialsystem\stdshaders\release\win32\dx9\floattoscreen.obj
c:\users\tannicarcher\documents\source\src\materialsystem\stdshaders\release\win32\dx9\hdrcombineto16bit.obj
c:\users\tannicarcher\documents\source\src\materialsystem\stdshaders\release\win32\dx9\hsl_filmgrain_pass1.obj
c:\users\tannicarcher\documents\source\src\materialsystem\stdshaders\release\win32\dx9\hsv.obj
c:\users\tannicarcher\documents\source\src\materialsystem\stdshaders\release\win32\dx9\memoverride.obj
c:\users\tannicarcher\documents\source\src\materialsystem\stdshaders\release\win32\dx9\accumbuff4sample.obj
c:\users\tannicarcher\documents\source\src\materialsystem\stdshaders\release\win32\dx9\basevsshader.obj
c:\users\tannicarcher\documents\source\src\materialsystem\stdshaders\release\win32\dx9\bloom.obj
c:\users\tannicarcher\documents\source\src\materialsystem\stdshaders\release\win32\dx9\blurfiltery.obj
c:\users\tannicarcher\documents\source\src\materialsystem\stdshaders\release\win32\dx9\cable_dx9.obj
c:\users\tannicarcher\documents\source\src\materialsystem\stdshaders\release\win32\dx9\cloak_blended_pass_helper.obj
c:\users\tannicarcher\documents\source\src\materialsystem\stdshaders\release\win32\dx9\colorcorrection.obj
c:\users\tannicarcher\documents\source\src\materialsystem\stdshaders\release\win32\dx9\core_dx9.obj
c:\users\tannicarcher\documents\source\src\materialsystem\stdshaders\release\win32\dx9\debugmorphaccumulator_dx9.obj
c:\users\tannicarcher\documents\source\src\materialsystem\stdshaders\release\win32\dx9\decalbasetimeslightmapalphablendselfillum_dx9.obj
c:\users\tannicarcher\documents\source\src\materialsystem\stdshaders\release\win32\dx9\depthwrite.obj
c:\users\tannicarcher\documents\source\src\materialsystem\stdshaders\release\win32\dx9\downsample_nohdr.obj
c:\users\tannicarcher\documents\source\src\materialsystem\stdshaders\release\win32\dx9\emissive_scroll_blended_pass_helper.obj
c:\users\tannicarcher\documents\source\src\materialsystem\stdshaders\release\win32\dx9\eye_refract_helper.obj
c:\users\tannicarcher\documents\source\src\materialsystem\stdshaders\release\win32\dx9\eyes_dx9.obj
c:\users\tannicarcher\documents\source\src\materialsystem\stdshaders\release\win32\dx9\flesh_interior_blended_pass_helper.obj
c:\users\tannicarcher\documents\source\src\materialsystem\stdshaders\release\win32\dx9\floatcombine_autoexpose.obj
c:\users\tannicarcher\documents\source\src\materialsystem\stdshaders\release\win32\dx9\floattoscreen_vanilla.obj
c:\users\tannicarcher\documents\source\src\materialsystem\stdshaders\release\win32\dx9\hdrselectrange.obj
c:\users\tannicarcher\documents\source\src\materialsystem\stdshaders\release\win32\dx9\hsl_filmgrain_pass2.obj
c:\users\tannicarcher\documents\source\src\materialsystem\stdshaders\release\win32\dx9\introscreenspaceeffect.obj
c:\users\tannicarcher\documents\source\src\materialsystem\stdshaders\release\win32\dx9\lightmappedgeneric_dx9_helper.obj
c:\users\tannicarcher\documents\source\src\materialsystem\stdshaders\release\win32\dx9\morphaccumulate_dx9.obj
c:\users\tannicarcher\documents\source\src\materialsystem\stdshaders\release\win32\dx9\motion_blur_dx9.obj
c:\users\tannicarcher\documents\source\src\materialsystem\stdshaders\release\win32\dx9\particlelitgeneric_dx9.obj
c:\users\tannicarcher\documents\source\src\materialsystem\stdshaders\release\win32\dx9\portal.obj
c:\users\tannicarcher\documents\source\src\materialsystem\stdshaders\release\win32\dx9\portal_refract_helper.obj
c:\users\tannicarcher\documents\source\src\materialsystem\stdshaders\release\win32\dx9\refract.obj
c:\users\tannicarcher\documents\source\src\materialsystem\stdshaders\release\win32\dx9\sample4x4.obj
c:\users\tannicarcher\documents\source\src\materialsystem\stdshaders\release\win32\dx9\screenspace_general.obj
c:\users\tannicarcher\documents\source\src\materialsystem\stdshaders\release\win32\dx9\sfm_blurfiltery.obj
c:\users\tannicarcher\documents\source\src\materialsystem\stdshaders\release\win32\dx9\sfm_integercombine.obj
c:\users\tannicarcher\documents\source\src\materialsystem\stdshaders\release\win32\dx9\shadowbuild_dx9.obj
c:\users\tannicarcher\documents\source\src\materialsystem\stdshaders\release\win32\dx9\showz.obj
c:\users\tannicarcher\documents\source\src\materialsystem\stdshaders\release\win32\dx9\sky_dx9.obj
c:\users\tannicarcher\documents\source\src\materialsystem\stdshaders\release\win32\dx9\sky_hdr_dx9.obj
c:\users\tannicarcher\documents\source\src\materialsystem\stdshaders\release\win32\dx9\spritecard.obj
c:\users\tannicarcher\documents\source\src\materialsystem\stdshaders\release\win32\dx9\unlitgeneric_dx9.obj
c:\users\tannicarcher\documents\source\src\materialsystem\stdshaders\release\win32\dx9\vertexlitgeneric_dx9.obj
c:\users\tannicarcher\documents\source\src\materialsystem\stdshaders\release\win32\dx9\volume_clouds.obj
c:\users\tannicarcher\documents\source\src\materialsystem\stdshaders\release\win32\dx9\volume_clouds_helper.obj
c:\users\tannicarcher\documents\source\src\materialsystem\stdshaders\release\win32\dx9\water.obj
c:\users\tannicarcher\documents\source\src\materialsystem\stdshaders\release\win32\dx9\wireframe_dx9.obj
c:\users\tannicarcher\documents\source\src\materialsystem\stdshaders\release\win32\dx9\worldvertextransition.obj
c:\users\tannicarcher\documents\source\src\materialsystem\stdshaders\release\win32\dx9\writez_dx9.obj
c:\users\tannicarcher\documents\source\src\materialsystem\stdshaders\release\win32\dx9\monitorscreen_dx9.obj
c:\users\tannicarcher\documents\source\src\materialsystem\stdshaders\release\win32\dx9\treeleaf.obj
c:\users\tannicarcher\documents\source\src\materialsystem\stdshaders\release\win32\dx9\lightmappedgeneric_dx9.obj
c:\users\tannicarcher\documents\source\src\materialsystem\stdshaders\release\win32\dx9\lightmappedreflective.obj
c:\users\tannicarcher\documents\source\src\materialsystem\stdshaders\release\win32\dx9\modulate_dx9.obj
c:\users\tannicarcher\documents\source\src\materialsystem\stdshaders\release\win32\dx9\morphweight_dx9.obj
c:\users\tannicarcher\documents\source\src\materialsystem\stdshaders\release\win32\dx9\occlusion_dx9.obj
c:\users\tannicarcher\documents\source\src\materialsystem\stdshaders\release\win32\dx9\particlelitgeneric_dx9_helper.obj
c:\users\tannicarcher\documents\source\src\materialsystem\stdshaders\release\win32\dx9\particlesphere_dx9.obj
c:\users\tannicarcher\documents\source\src\materialsystem\stdshaders\release\win32\dx9\portal_refract.obj
c:\users\tannicarcher\documents\source\src\materialsystem\stdshaders\release\win32\dx9\portalstaticoverlay.obj
c:\users\tannicarcher\documents\source\src\materialsystem\stdshaders\release\win32\dx9\refract_dx9_helper.obj
c:\users\tannicarcher\documents\source\src\materialsystem\stdshaders\release\win32\dx9\sample4x4_blend.obj
c:\users\tannicarcher\documents\source\src\materialsystem\stdshaders\release\win32\dx9\sfm_blurfilterx.obj
c:\users\tannicarcher\documents\source\src\materialsystem\stdshaders\release\win32\dx9\sfm_downsample.obj
c:\users\tannicarcher\documents\source\src\materialsystem\stdshaders\release\win32\dx9\shadow.obj
c:\users\tannicarcher\documents\source\src\materialsystem\stdshaders\release\win32\dx9\shatteredglass.obj
c:\users\tannicarcher\documents\source\src\materialsystem\stdshaders\release\win32\dx9\skin_dx9_helper.obj
c:\users\tannicarcher\documents\source\src\materialsystem\stdshaders\release\win32\dx9\sprite_dx9.obj
c:\users\tannicarcher\documents\source\src\materialsystem\stdshaders\release\win32\dx9\teeth.obj
c:\users\tannicarcher\documents\source\src\materialsystem\stdshaders\release\win32\dx9\unlittwotexture_dx9.obj
c:\users\tannicarcher\documents\source\src\materialsystem\stdshaders\release\win32\dx9\vertexlitgeneric_dx9_helper.obj
c:\users\tannicarcher\documents\source\src\materialsystem\stdshaders\release\win32\dx9\vortwarp_dx9.obj
c:\users\tannicarcher\documents\source\src\materialsystem\stdshaders\release\win32\dx9\windowimposter_dx90.obj
c:\users\tannicarcher\documents\source\src\materialsystem\stdshaders\release\win32\dx9\worldtwotextureblend.obj
c:\users\tannicarcher\documents\source\src\materialsystem\stdshaders\release\win32\dx9\writestencil_dx9.obj
c:\users\tannicarcher\documents\source\game\bin\win32\stdshader_dx9.dll
c:\users\tannicarcher\documents\source\game\bin\win32\stdshader_dx9.pdb
c:\users\tannicarcher\documents\source\src\materialsystem\stdshaders\release\win32\stdshader_dx9.lib
c:\users\tannicarcher\documents\source\src\materialsystem\stdshaders\release\win32\stdshader_dx9.exp
c:\users\tannicarcher\documents\source\src\materialsystem\stdshaders\release\win32\dx9\stdshader_dx9.tlog\cl.command.1.tlog
c:\users\tannicarcher\documents\source\src\materialsystem\stdshaders\release\win32\dx9\stdshader_dx9.tlog\cl.items.tlog
c:\users\tannicarcher\documents\source\src\materialsystem\stdshaders\release\win32\dx9\stdshader_dx9.tlog\cl.read.1.tlog
c:\users\tannicarcher\documents\source\src\materialsystem\stdshaders\release\win32\dx9\stdshader_dx9.tlog\cl.write.1.tlog
c:\users\tannicarcher\documents\source\src\materialsystem\stdshaders\release\win32\dx9\stdshader_dx9.tlog\link.command.1.tlog
c:\users\tannicarcher\documents\source\src\materialsystem\stdshaders\release\win32\dx9\stdshader_dx9.tlog\link.read.1.tlog
c:\users\tannicarcher\documents\source\src\materialsystem\stdshaders\release\win32\dx9\stdshader_dx9.tlog\link.secondary.1.tlog
c:\users\tannicarcher\documents\source\src\materialsystem\stdshaders\release\win32\dx9\stdshader_dx9.tlog\link.write.1.tlog
