c:\users\tannicarcher\documents\source\src\materialsystem\release\win32\materialsystem.pch
c:\users\tannicarcher\documents\source\src\materialsystem\release\win32\vc143.pdb
c:\users\tannicarcher\documents\source\src\materialsystem\release\win32\pch_materialsystem.obj
c:\users\tannicarcher\documents\source\src\materialsystem\release\win32\ccolorcorrection.obj
c:\users\tannicarcher\documents\source\src\materialsystem\release\win32\cmaterial_queuefriendly.obj
c:\users\tannicarcher\documents\source\src\materialsystem\release\win32\cmaterialvar.obj
c:\users\tannicarcher\documents\source\src\materialsystem\release\win32\colorspace.obj
c:\users\tannicarcher\documents\source\src\materialsystem\release\win32\ctexture.obj
c:\users\tannicarcher\documents\source\src\materialsystem\release\win32\materialsystem_global.obj
c:\users\tannicarcher\documents\source\src\materialsystem\release\win32\occlusionquerymgr.obj
c:\users\tannicarcher\documents\source\src\materialsystem\release\win32\shadersystem.obj
c:\users\tannicarcher\documents\source\src\materialsystem\release\win32\wireframe.obj
c:\users\tannicarcher\documents\source\src\materialsystem\release\win32\memoverride.obj
c:\users\tannicarcher\documents\source\src\materialsystem\release\win32\cmaterial.obj
c:\users\tannicarcher\documents\source\src\materialsystem\release\win32\cmaterialsubrect.obj
c:\users\tannicarcher\documents\source\src\materialsystem\release\win32\cmatnullrendercontext.obj
c:\users\tannicarcher\documents\source\src\materialsystem\release\win32\filesystem_helpers.obj
c:\users\tannicarcher\documents\source\src\materialsystem\release\win32\imagepacker.obj
c:\users\tannicarcher\documents\source\src\materialsystem\release\win32\mat_stub.obj
c:\users\tannicarcher\documents\source\src\materialsystem\release\win32\morph.obj
c:\users\tannicarcher\documents\source\src\materialsystem\release\win32\texturemanager.obj
c:\users\tannicarcher\documents\source\src\materialsystem\release\win32\cmaterialdict.obj
c:\users\tannicarcher\documents\source\src\materialsystem\release\win32\cmatlightmaps.obj
c:\users\tannicarcher\documents\source\src\materialsystem\release\win32\cmatrendercontext.obj
c:\users\tannicarcher\documents\source\src\materialsystem\release\win32\cmaterialsystem.obj
c:\users\tannicarcher\documents\source\src\materialsystem\release\win32\cmatqueuedrendercontext.obj
c:\users\tannicarcher\documents\source\game\bin\win32\materialsystem.dll
c:\users\tannicarcher\documents\source\game\bin\win32\materialsystem.pdb
c:\users\tannicarcher\documents\source\src\materialsystem\release\win32\materialsystem.lib
c:\users\tannicarcher\documents\source\src\materialsystem\release\win32\materialsystem.exp
c:\users\tannicarcher\documents\source\src\materialsystem\release\win32\materialsystem.tlog\cl.command.1.tlog
c:\users\tannicarcher\documents\source\src\materialsystem\release\win32\materialsystem.tlog\cl.items.tlog
c:\users\tannicarcher\documents\source\src\materialsystem\release\win32\materialsystem.tlog\cl.read.1.tlog
c:\users\tannicarcher\documents\source\src\materialsystem\release\win32\materialsystem.tlog\cl.write.1.tlog
c:\users\tannicarcher\documents\source\src\materialsystem\release\win32\materialsystem.tlog\link.command.1.tlog
c:\users\tannicarcher\documents\source\src\materialsystem\release\win32\materialsystem.tlog\link.read.1.tlog
c:\users\tannicarcher\documents\source\src\materialsystem\release\win32\materialsystem.tlog\link.secondary.1.tlog
c:\users\tannicarcher\documents\source\src\materialsystem\release\win32\materialsystem.tlog\link.write.1.tlog
