c:\users\tannicarcher\documents\source\src\utils\sceneviewer\release\win32\memoverride.obj
c:\users\tannicarcher\documents\source\src\utils\sceneviewer\release\win32\sceneviewerpanel.obj
c:\users\tannicarcher\documents\source\src\utils\sceneviewer\release\win32\movieobjects.obj
c:\users\tannicarcher\documents\source\src\utils\sceneviewer\release\win32\clipviewpanel.obj
c:\users\tannicarcher\documents\source\src\utils\sceneviewer\release\win32\sceneviewer.obj
c:\users\tannicarcher\documents\source\src\utils\sceneviewer\release\win32\interpolatortypes.obj
c:\users\tannicarcher\documents\source\src\utils\sceneviewer\release\win32\vgui_controls.obj
c:\users\tannicarcher\documents\source\src\utils\sceneviewer\release\win32\vc143.pdb
c:\users\tannicarcher\documents\source\game\bin\win32\sceneviewer.exe
c:\users\tannicarcher\documents\source\game\bin\win32\sceneviewer.pdb
c:\users\tannicarcher\documents\source\src\utils\sceneviewer\release\win32\sceneviewer.lib
c:\users\tannicarcher\documents\source\src\utils\sceneviewer\release\win32\sceneviewer.exp
c:\users\tannicarcher\documents\source\src\utils\sceneviewer\release\win32\sceneviewer.tlog\cl.4420.write.1.tlog
c:\users\tannicarcher\documents\source\src\utils\sceneviewer\release\win32\sceneviewer.tlog\cl.command.1.tlog
c:\users\tannicarcher\documents\source\src\utils\sceneviewer\release\win32\sceneviewer.tlog\cl.items.tlog
c:\users\tannicarcher\documents\source\src\utils\sceneviewer\release\win32\sceneviewer.tlog\cl.read.1.tlog
c:\users\tannicarcher\documents\source\src\utils\sceneviewer\release\win32\sceneviewer.tlog\link.command.1.tlog
c:\users\tannicarcher\documents\source\src\utils\sceneviewer\release\win32\sceneviewer.tlog\link.read.1.tlog
c:\users\tannicarcher\documents\source\src\utils\sceneviewer\release\win32\sceneviewer.tlog\link.secondary.1.tlog
c:\users\tannicarcher\documents\source\src\utils\sceneviewer\release\win32\sceneviewer.tlog\link.write.1.tlog
