c:\users\tannicarcher\documents\source\src\game\gameui\release\win32\mod_episodic\gameui.pch
c:\users\tannicarcher\documents\source\src\game\gameui\release\win32\mod_episodic\vc143.pdb
c:\users\tannicarcher\documents\source\src\game\gameui\release\win32\mod_episodic\stdafx.obj
c:\users\tannicarcher\documents\source\src\game\gameui\release\win32\mod_episodic\backgroundmenubutton.obj
c:\users\tannicarcher\documents\source\src\game\gameui\release\win32\mod_episodic\basesavegamedialog.obj
c:\users\tannicarcher\documents\source\src\game\gameui\release\win32\mod_episodic\commandcheckbutton.obj
c:\users\tannicarcher\documents\source\src\game\gameui\release\win32\mod_episodic\createmultiplayergamebotpage.obj
c:\users\tannicarcher\documents\source\src\game\gameui\release\win32\mod_episodic\createmultiplayergamedialog.obj
c:\users\tannicarcher\documents\source\src\game\gameui\release\win32\mod_episodic\createmultiplayergameserverpage.obj
c:\users\tannicarcher\documents\source\src\game\gameui\release\win32\mod_episodic\cvarnegatecheckbutton.obj
c:\users\tannicarcher\documents\source\src\game\gameui\release\win32\mod_episodic\cvartextentry.obj
c:\users\tannicarcher\documents\source\src\game\gameui\release\win32\mod_episodic\gameconsole.obj
c:\users\tannicarcher\documents\source\src\game\gameui\release\win32\mod_episodic\gameui_interface.obj
c:\users\tannicarcher\documents\source\src\game\gameui\release\win32\mod_episodic\loadingtippanel.obj
c:\users\tannicarcher\documents\source\src\game\gameui\release\win32\mod_episodic\modinfo.obj
c:\users\tannicarcher\documents\source\src\game\gameui\release\win32\mod_episodic\mousemessageforwardingpanel.obj
c:\users\tannicarcher\documents\source\src\game\gameui\release\win32\mod_episodic\panellistpanel.obj
c:\users\tannicarcher\documents\source\src\game\gameui\release\win32\mod_episodic\rungameengine.obj
c:\users\tannicarcher\documents\source\src\game\gameui\release\win32\mod_episodic\scriptobject.obj
c:\users\tannicarcher\documents\source\src\game\gameui\release\win32\mod_episodic\textentrybox.obj
c:\users\tannicarcher\documents\source\src\game\gameui\release\win32\mod_episodic\vcontrolslistpanel.obj
c:\users\tannicarcher\documents\source\src\game\gameui\release\win32\mod_episodic\language.obj
c:\users\tannicarcher\documents\source\src\game\gameui\release\win32\mod_episodic\filesystem_helpers.obj
c:\users\tannicarcher\documents\source\src\game\gameui\release\win32\mod_episodic\vaudio.obj
c:\users\tannicarcher\documents\source\src\game\gameui\release\win32\mod_episodic\vgameplaysettings.obj
c:\users\tannicarcher\documents\source\src\game\gameui\release\win32\mod_episodic\vkeyboardmouse.obj
c:\users\tannicarcher\documents\source\src\game\gameui\release\win32\mod_episodic\voptions.obj
c:\users\tannicarcher\documents\source\src\game\gameui\release\win32\mod_episodic\optionsdialog.obj
c:\users\tannicarcher\documents\source\src\game\gameui\release\win32\mod_episodic\optionssubaudio.obj
c:\users\tannicarcher\documents\source\src\game\gameui\release\win32\mod_episodic\optionssubgame.obj
c:\users\tannicarcher\documents\source\src\game\gameui\release\win32\mod_episodic\optionssubkeyboard.obj
c:\users\tannicarcher\documents\source\src\game\gameui\release\win32\mod_episodic\optionssubvideo.obj
c:\users\tannicarcher\documents\source\src\game\gameui\release\win32\mod_episodic\memoverride.obj
c:\users\tannicarcher\documents\source\src\game\gameui\release\win32\mod_episodic\bitmapimagepanel.obj
c:\users\tannicarcher\documents\source\src\game\gameui\release\win32\mod_episodic\contentcontroldialog.obj
c:\users\tannicarcher\documents\source\src\game\gameui\release\win32\mod_episodic\createmultiplayergamegameplaypage.obj
c:\users\tannicarcher\documents\source\src\game\gameui\release\win32\mod_episodic\customtabexplanationdialog.obj
c:\users\tannicarcher\documents\source\src\game\gameui\release\win32\mod_episodic\cvarslider.obj
c:\users\tannicarcher\documents\source\src\game\gameui\release\win32\mod_episodic\cvartogglecheckbutton.obj
c:\users\tannicarcher\documents\source\src\game\gameui\release\win32\mod_episodic\gameconsoledialog.obj
c:\users\tannicarcher\documents\source\src\game\gameui\release\win32\mod_episodic\gameui_util.obj
c:\users\tannicarcher\documents\source\src\game\gameui\release\win32\mod_episodic\keytogglecheckbutton.obj
c:\users\tannicarcher\documents\source\src\game\gameui\release\win32\mod_episodic\labeledcommandcombobox.obj
c:\users\tannicarcher\documents\source\src\game\gameui\release\win32\mod_episodic\loadingdialog.obj
c:\users\tannicarcher\documents\source\src\game\gameui\release\win32\mod_episodic\logofile.obj
c:\users\tannicarcher\documents\source\src\game\gameui\release\win32\mod_episodic\multiplayeradvanceddialog.obj
c:\users\tannicarcher\documents\source\src\game\gameui\release\win32\mod_episodic\playerlistdialog.obj
c:\users\tannicarcher\documents\source\src\game\gameui\release\win32\mod_episodic\sys_utils.obj
c:\users\tannicarcher\documents\source\src\game\gameui\release\win32\mod_episodic\urlbutton.obj
c:\users\tannicarcher\documents\source\src\game\gameui\release\win32\mod_episodic\vguisystemmoduleloader.obj
c:\users\tannicarcher\documents\source\src\game\gameui\release\win32\mod_episodic\crtmemdebug.obj
c:\users\tannicarcher\documents\source\src\game\gameui\release\win32\mod_episodic\randoverride.obj
c:\users\tannicarcher\documents\source\src\game\gameui\release\win32\mod_episodic\vgui_controls.obj
c:\users\tannicarcher\documents\source\src\game\gameui\release\win32\mod_episodic\vaudiovideo.obj
c:\users\tannicarcher\documents\source\src\game\gameui\release\win32\mod_episodic\vkeyboard.obj
c:\users\tannicarcher\documents\source\src\game\gameui\release\win32\mod_episodic\vmouse.obj
c:\users\tannicarcher\documents\source\src\game\gameui\release\win32\mod_episodic\vvideo.obj
c:\users\tannicarcher\documents\source\src\game\gameui\release\win32\mod_episodic\optionsmousedialog.obj
c:\users\tannicarcher\documents\source\src\game\gameui\release\win32\mod_episodic\optionssubdifficulty.obj
c:\users\tannicarcher\documents\source\src\game\gameui\release\win32\mod_episodic\optionssubmouse.obj
c:\users\tannicarcher\documents\source\src\game\gameui\release\win32\mod_episodic\optionssubportal.obj
c:\users\tannicarcher\documents\source\src\game\gameui\release\win32\mod_episodic\optionssubvoice.obj
c:\users\tannicarcher\documents\source\src\game\gameui\release\win32\mod_episodic\bonusmapsdialog.obj
c:\users\tannicarcher\documents\source\src\game\gameui\release\win32\mod_episodic\commentaryexplanationdialog.obj
c:\users\tannicarcher\documents\source\src\game\gameui\release\win32\mod_episodic\newgamedialog.obj
c:\users\tannicarcher\documents\source\src\game\gameui\release\win32\mod_episodic\savegamedialog.obj
c:\users\tannicarcher\documents\source\src\game\gameui\release\win32\mod_episodic\tgaimagepanel.obj
c:\users\tannicarcher\documents\source\src\game\gameui\release\win32\mod_episodic\basemodframe.obj
c:\users\tannicarcher\documents\source\src\game\gameui\release\win32\mod_episodic\gamemodes.obj
c:\users\tannicarcher\documents\source\src\game\gameui\release\win32\mod_episodic\vaddonassociation.obj
c:\users\tannicarcher\documents\source\src\game\gameui\release\win32\mod_episodic\vattractscreen.obj
c:\users\tannicarcher\documents\source\src\game\gameui\release\win32\mod_episodic\vcustomcampaigns.obj
c:\users\tannicarcher\documents\source\src\game\gameui\release\win32\mod_episodic\vfooterpanel.obj
c:\users\tannicarcher\documents\source\src\game\gameui\release\win32\mod_episodic\vgenericconfirmation.obj
c:\users\tannicarcher\documents\source\src\game\gameui\release\win32\mod_episodic\vgetlegacydata.obj
c:\users\tannicarcher\documents\source\src\game\gameui\release\win32\mod_episodic\vmainmenu.obj
c:\users\tannicarcher\documents\source\src\game\gameui\release\win32\mod_episodic\vslidercontrol.obj
c:\users\tannicarcher\documents\source\src\game\gameui\release\win32\mod_episodic\uigamedata.obj
c:\users\tannicarcher\documents\source\src\game\gameui\release\win32\mod_episodic\bonusmapsdatabase.obj
c:\users\tannicarcher\documents\source\src\game\gameui\release\win32\mod_episodic\controllerdialog.obj
c:\users\tannicarcher\documents\source\src\game\gameui\release\win32\mod_episodic\loadgamedialog.obj
c:\users\tannicarcher\documents\source\src\game\gameui\release\win32\mod_episodic\savegamebrowserdialog.obj
c:\users\tannicarcher\documents\source\src\game\gameui\release\win32\mod_episodic\nb_button.obj
c:\users\tannicarcher\documents\source\src\game\gameui\release\win32\mod_episodic\basemodpanel.obj
c:\users\tannicarcher\documents\source\src\game\gameui\release\win32\mod_episodic\vaddons.obj
c:\users\tannicarcher\documents\source\src\game\gameui\release\win32\mod_episodic\vcampaigns.obj
c:\users\tannicarcher\documents\source\src\game\gameui\release\win32\mod_episodic\vdropdownmenu.obj
c:\users\tannicarcher\documents\source\src\game\gameui\release\win32\mod_episodic\vflyoutmenu.obj
c:\users\tannicarcher\documents\source\src\game\gameui\release\win32\mod_episodic\vgenericpanellist.obj
c:\users\tannicarcher\documents\source\src\game\gameui\release\win32\mod_episodic\vhybridbutton.obj
c:\users\tannicarcher\documents\source\src\game\gameui\release\win32\mod_episodic\vingamemainmenu.obj
c:\users\tannicarcher\documents\source\src\game\gameui\release\win32\mod_episodic\vloadingprogress.obj
c:\users\tannicarcher\documents\source\src\game\gameui\release\win32\mod_episodic\vmenubackground.obj
c:\users\tannicarcher\documents\source\src\game\gameui\release\win32\mod_episodic\vtransitionscreen.obj
c:\users\tannicarcher\documents\source\game\mod_episodic\bin\win32\gameui.dll
c:\users\tannicarcher\documents\source\game\mod_episodic\bin\win32\gameui.pdb
c:\users\tannicarcher\documents\source\src\game\gameui\release\win32\mod_episodic\gameui.lib
c:\users\tannicarcher\documents\source\src\game\gameui\release\win32\mod_episodic\gameui.exp
c:\users\tannicarcher\documents\source\src\game\gameui\release\win32\mod_episodic\gameui (.db1fef3b.tlog\cl.command.1.tlog
c:\users\tannicarcher\documents\source\src\game\gameui\release\win32\mod_episodic\gameui (.db1fef3b.tlog\cl.items.tlog
c:\users\tannicarcher\documents\source\src\game\gameui\release\win32\mod_episodic\gameui (.db1fef3b.tlog\cl.read.1.tlog
c:\users\tannicarcher\documents\source\src\game\gameui\release\win32\mod_episodic\gameui (.db1fef3b.tlog\cl.write.1.tlog
c:\users\tannicarcher\documents\source\src\game\gameui\release\win32\mod_episodic\gameui (.db1fef3b.tlog\link.command.1.tlog
c:\users\tannicarcher\documents\source\src\game\gameui\release\win32\mod_episodic\gameui (.db1fef3b.tlog\link.read.1.tlog
c:\users\tannicarcher\documents\source\src\game\gameui\release\win32\mod_episodic\gameui (.db1fef3b.tlog\link.secondary.1.tlog
c:\users\tannicarcher\documents\source\src\game\gameui\release\win32\mod_episodic\gameui (.db1fef3b.tlog\link.write.1.tlog
