c:\users\tannicarcher\documents\source\src\game\gameui\release\win32\mod_hl2\gameui.pch
c:\users\tannicarcher\documents\source\src\game\gameui\release\win32\mod_hl2\vc143.pdb
c:\users\tannicarcher\documents\source\src\game\gameui\release\win32\mod_hl2\stdafx.obj
c:\users\tannicarcher\documents\source\src\game\gameui\release\win32\mod_hl2\backgroundmenubutton.obj
c:\users\tannicarcher\documents\source\src\game\gameui\release\win32\mod_hl2\basesavegamedialog.obj
c:\users\tannicarcher\documents\source\src\game\gameui\release\win32\mod_hl2\commandcheckbutton.obj
c:\users\tannicarcher\documents\source\src\game\gameui\release\win32\mod_hl2\createmultiplayergamebotpage.obj
c:\users\tannicarcher\documents\source\src\game\gameui\release\win32\mod_hl2\createmultiplayergamedialog.obj
c:\users\tannicarcher\documents\source\src\game\gameui\release\win32\mod_hl2\createmultiplayergameserverpage.obj
c:\users\tannicarcher\documents\source\src\game\gameui\release\win32\mod_hl2\cvarnegatecheckbutton.obj
c:\users\tannicarcher\documents\source\src\game\gameui\release\win32\mod_hl2\cvartogglecheckbutton.obj
c:\users\tannicarcher\documents\source\src\game\gameui\release\win32\mod_hl2\gameconsoledialog.obj
c:\users\tannicarcher\documents\source\src\game\gameui\release\win32\mod_hl2\gameui_util.obj
c:\users\tannicarcher\documents\source\src\game\gameui\release\win32\mod_hl2\keytogglecheckbutton.obj
c:\users\tannicarcher\documents\source\src\game\gameui\release\win32\mod_hl2\labeledcommandcombobox.obj
c:\users\tannicarcher\documents\source\src\game\gameui\release\win32\mod_hl2\loadingdialog.obj
c:\users\tannicarcher\documents\source\src\game\gameui\release\win32\mod_hl2\logofile.obj
c:\users\tannicarcher\documents\source\src\game\gameui\release\win32\mod_hl2\multiplayeradvanceddialog.obj
c:\users\tannicarcher\documents\source\src\game\gameui\release\win32\mod_hl2\playerlistdialog.obj
c:\users\tannicarcher\documents\source\src\game\gameui\release\win32\mod_hl2\sys_utils.obj
c:\users\tannicarcher\documents\source\src\game\gameui\release\win32\mod_hl2\urlbutton.obj
c:\users\tannicarcher\documents\source\src\game\gameui\release\win32\mod_hl2\vguisystemmoduleloader.obj
c:\users\tannicarcher\documents\source\src\game\gameui\release\win32\mod_hl2\crtmemdebug.obj
c:\users\tannicarcher\documents\source\src\game\gameui\release\win32\mod_hl2\randoverride.obj
c:\users\tannicarcher\documents\source\src\game\gameui\release\win32\mod_hl2\vgui_controls.obj
c:\users\tannicarcher\documents\source\src\game\gameui\release\win32\mod_hl2\vaudiovideo.obj
c:\users\tannicarcher\documents\source\src\game\gameui\release\win32\mod_hl2\vkeyboard.obj
c:\users\tannicarcher\documents\source\src\game\gameui\release\win32\mod_hl2\vmouse.obj
c:\users\tannicarcher\documents\source\src\game\gameui\release\win32\mod_hl2\vvideo.obj
c:\users\tannicarcher\documents\source\src\game\gameui\release\win32\mod_hl2\optionsmousedialog.obj
c:\users\tannicarcher\documents\source\src\game\gameui\release\win32\mod_hl2\optionssubdifficulty.obj
c:\users\tannicarcher\documents\source\src\game\gameui\release\win32\mod_hl2\optionssubmouse.obj
c:\users\tannicarcher\documents\source\src\game\gameui\release\win32\mod_hl2\optionssubportal.obj
c:\users\tannicarcher\documents\source\src\game\gameui\release\win32\mod_hl2\optionssubvoice.obj
c:\users\tannicarcher\documents\source\src\game\gameui\release\win32\mod_hl2\memoverride.obj
c:\users\tannicarcher\documents\source\src\game\gameui\release\win32\mod_hl2\bitmapimagepanel.obj
c:\users\tannicarcher\documents\source\src\game\gameui\release\win32\mod_hl2\contentcontroldialog.obj
c:\users\tannicarcher\documents\source\src\game\gameui\release\win32\mod_hl2\createmultiplayergamegameplaypage.obj
c:\users\tannicarcher\documents\source\src\game\gameui\release\win32\mod_hl2\customtabexplanationdialog.obj
c:\users\tannicarcher\documents\source\src\game\gameui\release\win32\mod_hl2\cvarslider.obj
c:\users\tannicarcher\documents\source\src\game\gameui\release\win32\mod_hl2\cvartextentry.obj
c:\users\tannicarcher\documents\source\src\game\gameui\release\win32\mod_hl2\gameconsole.obj
c:\users\tannicarcher\documents\source\src\game\gameui\release\win32\mod_hl2\gameui_interface.obj
c:\users\tannicarcher\documents\source\src\game\gameui\release\win32\mod_hl2\loadingtippanel.obj
c:\users\tannicarcher\documents\source\src\game\gameui\release\win32\mod_hl2\modinfo.obj
c:\users\tannicarcher\documents\source\src\game\gameui\release\win32\mod_hl2\mousemessageforwardingpanel.obj
c:\users\tannicarcher\documents\source\src\game\gameui\release\win32\mod_hl2\panellistpanel.obj
c:\users\tannicarcher\documents\source\src\game\gameui\release\win32\mod_hl2\rungameengine.obj
c:\users\tannicarcher\documents\source\src\game\gameui\release\win32\mod_hl2\scriptobject.obj
c:\users\tannicarcher\documents\source\src\game\gameui\release\win32\mod_hl2\textentrybox.obj
c:\users\tannicarcher\documents\source\src\game\gameui\release\win32\mod_hl2\vcontrolslistpanel.obj
c:\users\tannicarcher\documents\source\src\game\gameui\release\win32\mod_hl2\language.obj
c:\users\tannicarcher\documents\source\src\game\gameui\release\win32\mod_hl2\filesystem_helpers.obj
c:\users\tannicarcher\documents\source\src\game\gameui\release\win32\mod_hl2\vaudio.obj
c:\users\tannicarcher\documents\source\src\game\gameui\release\win32\mod_hl2\vgameplaysettings.obj
c:\users\tannicarcher\documents\source\src\game\gameui\release\win32\mod_hl2\vkeyboardmouse.obj
c:\users\tannicarcher\documents\source\src\game\gameui\release\win32\mod_hl2\voptions.obj
c:\users\tannicarcher\documents\source\src\game\gameui\release\win32\mod_hl2\optionsdialog.obj
c:\users\tannicarcher\documents\source\src\game\gameui\release\win32\mod_hl2\optionssubaudio.obj
c:\users\tannicarcher\documents\source\src\game\gameui\release\win32\mod_hl2\optionssubgame.obj
c:\users\tannicarcher\documents\source\src\game\gameui\release\win32\mod_hl2\optionssubkeyboard.obj
c:\users\tannicarcher\documents\source\src\game\gameui\release\win32\mod_hl2\optionssubvideo.obj
c:\users\tannicarcher\documents\source\src\game\gameui\release\win32\mod_hl2\bonusmapsdialog.obj
c:\users\tannicarcher\documents\source\src\game\gameui\release\win32\mod_hl2\controllerdialog.obj
c:\users\tannicarcher\documents\source\src\game\gameui\release\win32\mod_hl2\newgamedialog.obj
c:\users\tannicarcher\documents\source\src\game\gameui\release\win32\mod_hl2\savegamedialog.obj
c:\users\tannicarcher\documents\source\src\game\gameui\release\win32\mod_hl2\tgaimagepanel.obj
c:\users\tannicarcher\documents\source\src\game\gameui\release\win32\mod_hl2\basemodframe.obj
c:\users\tannicarcher\documents\source\src\game\gameui\release\win32\mod_hl2\gamemodes.obj
c:\users\tannicarcher\documents\source\src\game\gameui\release\win32\mod_hl2\vaddons.obj
c:\users\tannicarcher\documents\source\src\game\gameui\release\win32\mod_hl2\vcampaigns.obj
c:\users\tannicarcher\documents\source\src\game\gameui\release\win32\mod_hl2\vcustomcampaigns.obj
c:\users\tannicarcher\documents\source\src\game\gameui\release\win32\mod_hl2\vfooterpanel.obj
c:\users\tannicarcher\documents\source\src\game\gameui\release\win32\mod_hl2\vgenericpanellist.obj
c:\users\tannicarcher\documents\source\src\game\gameui\release\win32\mod_hl2\vhybridbutton.obj
c:\users\tannicarcher\documents\source\src\game\gameui\release\win32\mod_hl2\vingamemainmenu.obj
c:\users\tannicarcher\documents\source\src\game\gameui\release\win32\mod_hl2\vloadingprogress.obj
c:\users\tannicarcher\documents\source\src\game\gameui\release\win32\mod_hl2\vmenubackground.obj
c:\users\tannicarcher\documents\source\src\game\gameui\release\win32\mod_hl2\vtransitionscreen.obj
c:\users\tannicarcher\documents\source\src\game\gameui\release\win32\mod_hl2\bonusmapsdatabase.obj
c:\users\tannicarcher\documents\source\src\game\gameui\release\win32\mod_hl2\commentaryexplanationdialog.obj
c:\users\tannicarcher\documents\source\src\game\gameui\release\win32\mod_hl2\loadgamedialog.obj
c:\users\tannicarcher\documents\source\src\game\gameui\release\win32\mod_hl2\savegamebrowserdialog.obj
c:\users\tannicarcher\documents\source\src\game\gameui\release\win32\mod_hl2\nb_button.obj
c:\users\tannicarcher\documents\source\src\game\gameui\release\win32\mod_hl2\basemodpanel.obj
c:\users\tannicarcher\documents\source\src\game\gameui\release\win32\mod_hl2\vaddonassociation.obj
c:\users\tannicarcher\documents\source\src\game\gameui\release\win32\mod_hl2\vattractscreen.obj
c:\users\tannicarcher\documents\source\src\game\gameui\release\win32\mod_hl2\vdropdownmenu.obj
c:\users\tannicarcher\documents\source\src\game\gameui\release\win32\mod_hl2\vflyoutmenu.obj
c:\users\tannicarcher\documents\source\src\game\gameui\release\win32\mod_hl2\vgenericconfirmation.obj
c:\users\tannicarcher\documents\source\src\game\gameui\release\win32\mod_hl2\vgetlegacydata.obj
c:\users\tannicarcher\documents\source\src\game\gameui\release\win32\mod_hl2\vmainmenu.obj
c:\users\tannicarcher\documents\source\src\game\gameui\release\win32\mod_hl2\vslidercontrol.obj
c:\users\tannicarcher\documents\source\src\game\gameui\release\win32\mod_hl2\uigamedata.obj
c:\users\tannicarcher\documents\source\game\mod_hl2\bin\win32\gameui.dll
c:\users\tannicarcher\documents\source\game\mod_hl2\bin\win32\gameui.pdb
c:\users\tannicarcher\documents\source\src\game\gameui\release\win32\mod_hl2\gameui.lib
c:\users\tannicarcher\documents\source\src\game\gameui\release\win32\mod_hl2\gameui.exp
c:\users\tannicarcher\documents\source\src\game\gameui\release\win32\mod_hl2\gameui (hl2).tlog\cl.command.1.tlog
c:\users\tannicarcher\documents\source\src\game\gameui\release\win32\mod_hl2\gameui (hl2).tlog\cl.items.tlog
c:\users\tannicarcher\documents\source\src\game\gameui\release\win32\mod_hl2\gameui (hl2).tlog\cl.read.1.tlog
c:\users\tannicarcher\documents\source\src\game\gameui\release\win32\mod_hl2\gameui (hl2).tlog\cl.write.1.tlog
c:\users\tannicarcher\documents\source\src\game\gameui\release\win32\mod_hl2\gameui (hl2).tlog\link.command.1.tlog
c:\users\tannicarcher\documents\source\src\game\gameui\release\win32\mod_hl2\gameui (hl2).tlog\link.read.1.tlog
c:\users\tannicarcher\documents\source\src\game\gameui\release\win32\mod_hl2\gameui (hl2).tlog\link.secondary.1.tlog
c:\users\tannicarcher\documents\source\src\game\gameui\release\win32\mod_hl2\gameui (hl2).tlog\link.write.1.tlog
