c:\users\tannicarcher\documents\source\src\utils\vmpi\release\win32\vmpi_distribute_work.obj
c:\users\tannicarcher\documents\source\src\utils\vmpi\release\win32\vmpi_filesystem_worker.obj
c:\users\tannicarcher\documents\source\src\utils\vmpi\release\win32\threadedtcpsocket.obj
c:\users\tannicarcher\documents\source\src\utils\vmpi\release\win32\vmpi_filesystem_master.obj
c:\users\tannicarcher\documents\source\src\utils\vmpi\release\win32\filesystem_tools.obj
c:\users\tannicarcher\documents\source\src\utils\vmpi\release\win32\iphelpers.obj
c:\users\tannicarcher\documents\source\src\utils\vmpi\release\win32\threadedtcpsocketemu.obj
c:\users\tannicarcher\documents\source\src\utils\vmpi\release\win32\vmpi.obj
c:\users\tannicarcher\documents\source\src\utils\vmpi\release\win32\vmpi_filesystem.obj
c:\users\tannicarcher\documents\source\src\utils\vmpi\release\win32\filesystem_init.obj
c:\users\tannicarcher\documents\source\src\utils\vmpi\release\win32\loopback_channel.obj
c:\users\tannicarcher\documents\source\src\utils\vmpi\release\win32\messbuf.obj
c:\users\tannicarcher\documents\source\src\utils\vmpi\release\win32\threadhelpers.obj
c:\users\tannicarcher\documents\source\src\utils\vmpi\release\win32\vmpi_distribute_tracker.obj
c:\users\tannicarcher\documents\source\src\utils\vmpi\release\win32\vmpi_distribute_work_sdk.obj
c:\users\tannicarcher\documents\source\src\utils\vmpi\release\win32\vmpi_distribute_work_default.obj
c:\users\tannicarcher\documents\source\src\lib\public\win32\vmpi.lib
c:\users\tannicarcher\documents\source\src\utils\vmpi\release\win32\vmpi.tlog\cl.command.1.tlog
c:\users\tannicarcher\documents\source\src\utils\vmpi\release\win32\vmpi.tlog\cl.items.tlog
c:\users\tannicarcher\documents\source\src\utils\vmpi\release\win32\vmpi.tlog\cl.read.1.tlog
c:\users\tannicarcher\documents\source\src\utils\vmpi\release\win32\vmpi.tlog\cl.write.1.tlog
c:\users\tannicarcher\documents\source\src\utils\vmpi\release\win32\vmpi.tlog\lib-link.read.1.tlog
c:\users\tannicarcher\documents\source\src\utils\vmpi\release\win32\vmpi.tlog\lib-link.write.1.tlog
c:\users\tannicarcher\documents\source\src\utils\vmpi\release\win32\vmpi.tlog\lib.command.1.tlog
