c:\users\tannicarcher\documents\source\src\movieobjects\release\win32\dmeanimationset.obj
c:\users\tannicarcher\documents\source\src\movieobjects\release\win32\dmebalancetostereocalculatoroperator.obj
c:\users\tannicarcher\documents\source\src\movieobjects\release\win32\dmechannel.obj
c:\users\tannicarcher\documents\source\src\movieobjects\release\win32\dmecombinationoperator.obj
c:\users\tannicarcher\documents\source\src\movieobjects\release\win32\dmedccmakefile.obj
c:\users\tannicarcher\documents\source\src\movieobjects\release\win32\dmeexpressionoperator.obj
c:\users\tannicarcher\documents\source\src\movieobjects\release\win32\dmegamemodelinput.obj
c:\users\tannicarcher\documents\source\src\movieobjects\release\win32\dmeinput.obj
c:\users\tannicarcher\documents\source\src\movieobjects\release\win32\dmekeyboardinput.obj
c:\users\tannicarcher\documents\source\src\movieobjects\release\win32\dmelog.obj
c:\users\tannicarcher\documents\source\src\movieobjects\release\win32\dmemodel.obj
c:\users\tannicarcher\documents\source\src\movieobjects\release\win32\dmemorphoperator.obj
c:\users\tannicarcher\documents\source\src\movieobjects\release\win32\dmepackoperators.obj
c:\users\tannicarcher\documents\source\src\movieobjects\release\win32\dmephonememapping.obj
c:\users\tannicarcher\documents\source\src\movieobjects\release\win32\dmeselection.obj
c:\users\tannicarcher\documents\source\src\movieobjects\release\win32\dmesound.obj
c:\users\tannicarcher\documents\source\src\movieobjects\release\win32\dmetimeselection.obj
c:\users\tannicarcher\documents\source\src\movieobjects\release\win32\dmetrackgroup.obj
c:\users\tannicarcher\documents\source\src\movieobjects\release\win32\dmetransforminput.obj
c:\users\tannicarcher\documents\source\src\movieobjects\release\win32\dmetransformoperator.obj
c:\users\tannicarcher\documents\source\src\movieobjects\release\win32\dmevertexdata.obj
c:\users\tannicarcher\documents\source\src\movieobjects\release\win32\movieobjects_interfaces.obj
c:\users\tannicarcher\documents\source\src\movieobjects\release\win32\timeutils.obj
c:\users\tannicarcher\documents\source\src\movieobjects\release\win32\dmedrawsettings.obj
c:\users\tannicarcher\documents\source\src\movieobjects\release\win32\dmmeshcomp.obj
c:\users\tannicarcher\documents\source\src\movieobjects\release\win32\dmeeyeball.obj
c:\users\tannicarcher\documents\source\src\movieobjects\release\win32\collisionutils.obj
c:\users\tannicarcher\documents\source\src\movieobjects\release\win32\phonemeconverter.obj
c:\users\tannicarcher\documents\source\src\movieobjects\release\win32\dmeanimationlist.obj
c:\users\tannicarcher\documents\source\src\movieobjects\release\win32\dmeattachment.obj
c:\users\tannicarcher\documents\source\src\movieobjects\release\win32\dmebookmark.obj
c:\users\tannicarcher\documents\source\src\movieobjects\release\win32\dmecamera.obj
c:\users\tannicarcher\documents\source\src\movieobjects\release\win32\dmeclip.obj
c:\users\tannicarcher\documents\source\src\movieobjects\release\win32\dmedag.obj
c:\users\tannicarcher\documents\source\src\movieobjects\release\win32\dmeeditortypedictionary.obj
c:\users\tannicarcher\documents\source\src\movieobjects\release\win32\dmefaceset.obj
c:\users\tannicarcher\documents\source\src\movieobjects\release\win32\dmegamemodel.obj
c:\users\tannicarcher\documents\source\src\movieobjects\release\win32\dmejoint.obj
c:\users\tannicarcher\documents\source\src\movieobjects\release\win32\dmelight.obj
c:\users\tannicarcher\documents\source\src\movieobjects\release\win32\dmemakefile.obj
c:\users\tannicarcher\documents\source\src\movieobjects\release\win32\dmemakefileutils.obj
c:\users\tannicarcher\documents\source\src\movieobjects\release\win32\dmematerial.obj
c:\users\tannicarcher\documents\source\src\movieobjects\release\win32\dmematerialoverlayfxclip.obj
c:\users\tannicarcher\documents\source\src\movieobjects\release\win32\dmemdl.obj
c:\users\tannicarcher\documents\source\src\movieobjects\release\win32\dmemdlmakefile.obj
c:\users\tannicarcher\documents\source\src\movieobjects\release\win32\dmemesh.obj
c:\users\tannicarcher\documents\source\src\movieobjects\release\win32\dmemouseinput.obj
c:\users\tannicarcher\documents\source\src\movieobjects\release\win32\dmeoperator.obj
c:\users\tannicarcher\documents\source\src\movieobjects\release\win32\dmeparticlesystemdefinition.obj
c:\users\tannicarcher\documents\source\src\movieobjects\release\win32\dmeshape.obj
c:\users\tannicarcher\documents\source\src\movieobjects\release\win32\dmetimeframe.obj
c:\users\tannicarcher\documents\source\src\movieobjects\release\win32\dmetrack.obj
c:\users\tannicarcher\documents\source\src\movieobjects\release\win32\dmetransform.obj
c:\users\tannicarcher\documents\source\src\movieobjects\release\win32\dmetransformlist.obj
c:\users\tannicarcher\documents\source\src\movieobjects\release\win32\dmeunpackoperators.obj
c:\users\tannicarcher\documents\source\src\movieobjects\release\win32\dmobjserializer.obj
c:\users\tannicarcher\documents\source\src\movieobjects\release\win32\dmmeshutils.obj
c:\users\tannicarcher\documents\source\src\movieobjects\release\win32\dmeeyeposition.obj
c:\users\tannicarcher\documents\source\src\movieobjects\release\win32\bone_setup.obj
c:\users\tannicarcher\documents\source\src\movieobjects\release\win32\studio.obj
c:\users\tannicarcher\documents\source\src\lib\public\win32\movieobjects.lib
c:\users\tannicarcher\documents\source\src\movieobjects\release\win32\movieobjects.tlog\cl.3908.write.1.tlog
c:\users\tannicarcher\documents\source\src\movieobjects\release\win32\movieobjects.tlog\cl.command.1.tlog
c:\users\tannicarcher\documents\source\src\movieobjects\release\win32\movieobjects.tlog\cl.items.tlog
c:\users\tannicarcher\documents\source\src\movieobjects\release\win32\movieobjects.tlog\cl.read.1.tlog
c:\users\tannicarcher\documents\source\src\movieobjects\release\win32\movieobjects.tlog\lib-link.read.1.tlog
c:\users\tannicarcher\documents\source\src\movieobjects\release\win32\movieobjects.tlog\lib-link.write.1.tlog
c:\users\tannicarcher\documents\source\src\movieobjects\release\win32\movieobjects.tlog\lib.command.1.tlog
