c:\users\tannicarcher\documents\source\src\utils\vvis\release\win32\bsplib.obj
c:\users\tannicarcher\documents\source\src\utils\vvis\release\win32\filesystem_helpers.obj
c:\users\tannicarcher\documents\source\src\utils\vvis\release\win32\loadcmdline.obj
c:\users\tannicarcher\documents\source\src\utils\vvis\release\win32\mpi_stats.obj
c:\users\tannicarcher\documents\source\src\utils\vvis\release\win32\mysqldatabase.obj
c:\users\tannicarcher\documents\source\src\utils\vvis\release\win32\scratchpad_helpers.obj
c:\users\tannicarcher\documents\source\src\utils\vvis\release\win32\threads.obj
c:\users\tannicarcher\documents\source\src\utils\vvis\release\win32\vmpi_tools_shared.obj
c:\users\tannicarcher\documents\source\src\utils\vvis\release\win32\waterdist.obj
c:\users\tannicarcher\documents\source\src\utils\vvis\release\win32\zip_utils.obj
c:\users\tannicarcher\documents\source\src\utils\vvis\release\win32\cmdlib.obj
c:\users\tannicarcher\documents\source\src\utils\vvis\release\win32\collisionutils.obj
c:\users\tannicarcher\documents\source\src\utils\vvis\release\win32\flow.obj
c:\users\tannicarcher\documents\source\src\utils\vvis\release\win32\lumpfiles.obj
c:\users\tannicarcher\documents\source\src\utils\vvis\release\win32\mpivis.obj
c:\users\tannicarcher\documents\source\src\utils\vvis\release\win32\pacifier.obj
c:\users\tannicarcher\documents\source\src\utils\vvis\release\win32\scratchpad3d.obj
c:\users\tannicarcher\documents\source\src\utils\vvis\release\win32\scriplib.obj
c:\users\tannicarcher\documents\source\src\utils\vvis\release\win32\tools_minidump.obj
c:\users\tannicarcher\documents\source\src\utils\vvis\release\win32\vvis.obj
c:\users\tannicarcher\documents\source\src\utils\vvis\release\win32\vc143.pdb
c:\users\tannicarcher\documents\source\game\bin\win32\vvis_dll.dll
c:\users\tannicarcher\documents\source\game\bin\win32\vvis_dll.pdb
c:\users\tannicarcher\documents\source\src\utils\vvis\release\win32\vvis_dll.lib
c:\users\tannicarcher\documents\source\src\utils\vvis\release\win32\vvis_dll.exp
c:\users\tannicarcher\documents\source\src\utils\vvis\release\win32\vvis_dll.tlog\cl.3280.write.1.tlog
c:\users\tannicarcher\documents\source\src\utils\vvis\release\win32\vvis_dll.tlog\cl.command.1.tlog
c:\users\tannicarcher\documents\source\src\utils\vvis\release\win32\vvis_dll.tlog\cl.items.tlog
c:\users\tannicarcher\documents\source\src\utils\vvis\release\win32\vvis_dll.tlog\cl.read.1.tlog
c:\users\tannicarcher\documents\source\src\utils\vvis\release\win32\vvis_dll.tlog\link.command.1.tlog
c:\users\tannicarcher\documents\source\src\utils\vvis\release\win32\vvis_dll.tlog\link.read.1.tlog
c:\users\tannicarcher\documents\source\src\utils\vvis\release\win32\vvis_dll.tlog\link.secondary.1.tlog
c:\users\tannicarcher\documents\source\src\utils\vvis\release\win32\vvis_dll.tlog\link.write.1.tlog
