c:\users\tannicarcher\documents\source\src\bitmap\release\win32\colorconversion.obj
c:\users\tannicarcher\documents\source\src\bitmap\release\win32\float_bm2.obj
c:\users\tannicarcher\documents\source\src\bitmap\release\win32\float_bm4.obj
c:\users\tannicarcher\documents\source\src\bitmap\release\win32\float_cube.obj
c:\users\tannicarcher\documents\source\src\bitmap\release\win32\psd.obj
c:\users\tannicarcher\documents\source\src\bitmap\release\win32\tgaloader.obj
c:\users\tannicarcher\documents\source\src\bitmap\release\win32\tgawriter.obj
c:\users\tannicarcher\documents\source\src\bitmap\release\win32\imagebyteswap.obj
c:\users\tannicarcher\documents\source\src\bitmap\release\win32\float_bm.obj
c:\users\tannicarcher\documents\source\src\bitmap\release\win32\float_bm3.obj
c:\users\tannicarcher\documents\source\src\bitmap\release\win32\float_bm_bilateral_filter.obj
c:\users\tannicarcher\documents\source\src\bitmap\release\win32\imageformat.obj
c:\users\tannicarcher\documents\source\src\bitmap\release\win32\resample.obj
c:\users\tannicarcher\documents\source\src\lib\public\win32\bitmap.lib
c:\users\tannicarcher\documents\source\src\bitmap\release\win32\bitmap.tlog\cl.1052.write.1.tlog
c:\users\tannicarcher\documents\source\src\bitmap\release\win32\bitmap.tlog\cl.command.1.tlog
c:\users\tannicarcher\documents\source\src\bitmap\release\win32\bitmap.tlog\cl.items.tlog
c:\users\tannicarcher\documents\source\src\bitmap\release\win32\bitmap.tlog\cl.read.1.tlog
c:\users\tannicarcher\documents\source\src\bitmap\release\win32\bitmap.tlog\lib-link.read.1.tlog
c:\users\tannicarcher\documents\source\src\bitmap\release\win32\bitmap.tlog\lib-link.write.1.tlog
c:\users\tannicarcher\documents\source\src\bitmap\release\win32\bitmap.tlog\lib.command.1.tlog
