c:\users\tannicarcher\documents\source\src\datamodel\release\win32\datamodel.obj
c:\users\tannicarcher\documents\source\src\datamodel\release\win32\dependencygraph.obj
c:\users\tannicarcher\documents\source\src\datamodel\release\win32\dmattribute.obj
c:\users\tannicarcher\documents\source\src\datamodel\release\win32\dmserializerkeyvalues.obj
c:\users\tannicarcher\documents\source\src\datamodel\release\win32\undomanager.obj
c:\users\tannicarcher\documents\source\src\datamodel\release\win32\clipboardmanager.obj
c:\users\tannicarcher\documents\source\src\datamodel\release\win32\dmelement.obj
c:\users\tannicarcher\documents\source\src\datamodel\release\win32\dmelementdictionary.obj
c:\users\tannicarcher\documents\source\src\datamodel\release\win32\dmelementfactoryhelper.obj
c:\users\tannicarcher\documents\source\src\datamodel\release\win32\dmelementframework.obj
c:\users\tannicarcher\documents\source\src\datamodel\release\win32\dmserializerbinary.obj
c:\users\tannicarcher\documents\source\src\datamodel\release\win32\dmserializerkeyvalues2.obj
c:\users\tannicarcher\documents\source\src\lib\public\win32\datamodel.lib
c:\users\tannicarcher\documents\source\src\datamodel\release\win32\datamodel.tlog\cl.command.1.tlog
c:\users\tannicarcher\documents\source\src\datamodel\release\win32\datamodel.tlog\cl.items.tlog
c:\users\tannicarcher\documents\source\src\datamodel\release\win32\datamodel.tlog\cl.read.1.tlog
c:\users\tannicarcher\documents\source\src\datamodel\release\win32\datamodel.tlog\cl.write.1.tlog
c:\users\tannicarcher\documents\source\src\datamodel\release\win32\datamodel.tlog\lib-link.read.1.tlog
c:\users\tannicarcher\documents\source\src\datamodel\release\win32\datamodel.tlog\lib-link.write.1.tlog
c:\users\tannicarcher\documents\source\src\datamodel\release\win32\datamodel.tlog\lib.command.1.tlog
