c:\users\tannicarcher\documents\source\src\utils\shadercompile\release\win32\memoverride.obj
c:\users\tannicarcher\documents\source\src\utils\shadercompile\release\win32\cmdsink.obj
c:\users\tannicarcher\documents\source\src\utils\shadercompile\release\win32\filesystem_helpers.obj
c:\users\tannicarcher\documents\source\src\utils\shadercompile\release\win32\pacifier.obj
c:\users\tannicarcher\documents\source\src\utils\shadercompile\release\win32\shadercompile.obj
c:\users\tannicarcher\documents\source\src\utils\shadercompile\release\win32\threads.obj
c:\users\tannicarcher\documents\source\src\utils\shadercompile\release\win32\tools_minidump.obj
c:\users\tannicarcher\documents\source\src\utils\shadercompile\release\win32\cmdlib.obj
c:\users\tannicarcher\documents\source\src\utils\shadercompile\release\win32\d3dxfxc.obj
c:\users\tannicarcher\documents\source\src\utils\shadercompile\release\win32\subprocess.obj
c:\users\tannicarcher\documents\source\src\utils\shadercompile\release\win32\cfgprocessor.obj
c:\users\tannicarcher\documents\source\src\utils\shadercompile\release\win32\vmpi_tools_shared.obj
c:\users\tannicarcher\documents\source\src\utils\shadercompile\release\win32\vc143.pdb
c:\users\tannicarcher\documents\source\game\bin\win32\shadercompile_dll.dll
c:\users\tannicarcher\documents\source\game\bin\win32\shadercompile_dll.pdb
c:\users\tannicarcher\documents\source\src\utils\shadercompile\release\win32\shadercompile_dll.lib
c:\users\tannicarcher\documents\source\src\utils\shadercompile\release\win32\shadercompile_dll.exp
c:\users\tannicarcher\documents\source\src\utils\shadercompile\release\win32\shaderco.90491b7c.tlog\cl.2392.write.1.tlog
c:\users\tannicarcher\documents\source\src\utils\shadercompile\release\win32\shaderco.90491b7c.tlog\cl.command.1.tlog
c:\users\tannicarcher\documents\source\src\utils\shadercompile\release\win32\shaderco.90491b7c.tlog\cl.items.tlog
c:\users\tannicarcher\documents\source\src\utils\shadercompile\release\win32\shaderco.90491b7c.tlog\cl.read.1.tlog
c:\users\tannicarcher\documents\source\src\utils\shadercompile\release\win32\shaderco.90491b7c.tlog\link.command.1.tlog
c:\users\tannicarcher\documents\source\src\utils\shadercompile\release\win32\shaderco.90491b7c.tlog\link.read.1.tlog
c:\users\tannicarcher\documents\source\src\utils\shadercompile\release\win32\shaderco.90491b7c.tlog\link.secondary.1.tlog
c:\users\tannicarcher\documents\source\src\utils\shadercompile\release\win32\shaderco.90491b7c.tlog\link.write.1.tlog
