c:\users\tannicarcher\documents\source\src\mathlib\release\win32\sseconst.obj
c:\users\tannicarcher\documents\source\src\mathlib\release\win32\color_conversion.obj
c:\users\tannicarcher\documents\source\src\mathlib\release\win32\mathlib_base.obj
c:\users\tannicarcher\documents\source\src\mathlib\release\win32\sparse_convolution_noise.obj
c:\users\tannicarcher\documents\source\src\mathlib\release\win32\sse.obj
c:\users\tannicarcher\documents\source\src\mathlib\release\win32\anorms.obj
c:\users\tannicarcher\documents\source\src\mathlib\release\win32\icekey.obj
c:\users\tannicarcher\documents\source\src\mathlib\release\win32\polyhedron.obj
c:\users\tannicarcher\documents\source\src\mathlib\release\win32\spherical.obj
c:\users\tannicarcher\documents\source\src\mathlib\release\win32\vector.obj
c:\users\tannicarcher\documents\source\src\mathlib\release\win32\almostequal.obj
c:\users\tannicarcher\documents\source\src\mathlib\release\win32\halton.obj
c:\users\tannicarcher\documents\source\src\mathlib\release\win32\lightdesc.obj
c:\users\tannicarcher\documents\source\src\mathlib\release\win32\powsse.obj
c:\users\tannicarcher\documents\source\src\mathlib\release\win32\ssenoise.obj
c:\users\tannicarcher\documents\source\src\mathlib\release\win32\bumpvects.obj
c:\users\tannicarcher\documents\source\src\mathlib\release\win32\imagequant.obj
c:\users\tannicarcher\documents\source\src\mathlib\release\win32\quantize.obj
c:\users\tannicarcher\documents\source\src\mathlib\release\win32\randsse.obj
c:\users\tannicarcher\documents\source\src\mathlib\release\win32\simdvectormatrix.obj
c:\users\tannicarcher\documents\source\src\mathlib\release\win32\vmatrix.obj
c:\users\tannicarcher\documents\source\src\lib\public\win32\mathlib.lib
c:\users\tannicarcher\documents\source\src\mathlib\release\win32\mathlib.tlog\cl.command.1.tlog
c:\users\tannicarcher\documents\source\src\mathlib\release\win32\mathlib.tlog\cl.items.tlog
c:\users\tannicarcher\documents\source\src\mathlib\release\win32\mathlib.tlog\cl.read.1.tlog
c:\users\tannicarcher\documents\source\src\mathlib\release\win32\mathlib.tlog\cl.write.1.tlog
c:\users\tannicarcher\documents\source\src\mathlib\release\win32\mathlib.tlog\lib-link.read.1.tlog
c:\users\tannicarcher\documents\source\src\mathlib\release\win32\mathlib.tlog\lib-link.write.1.tlog
c:\users\tannicarcher\documents\source\src\mathlib\release\win32\mathlib.tlog\lib.command.1.tlog
