c:\users\tannicarcher\documents\source\src\utils\mxtk\release\win32\mx.obj
c:\users\tannicarcher\documents\source\src\utils\mxtk\release\win32\mxchoice.obj
c:\users\tannicarcher\documents\source\src\utils\mxtk\release\win32\mxfiledialog.obj
c:\users\tannicarcher\documents\source\src\utils\mxtk\release\win32\mxgroupbox.obj
c:\users\tannicarcher\documents\source\src\utils\mxtk\release\win32\mxlineedit.obj
c:\users\tannicarcher\documents\source\src\utils\mxtk\release\win32\mxlistview.obj
c:\users\tannicarcher\documents\source\src\utils\mxtk\release\win32\mxmenu.obj
c:\users\tannicarcher\documents\source\src\utils\mxtk\release\win32\mxmessagebox.obj
c:\users\tannicarcher\documents\source\src\utils\mxtk\release\win32\mxpcx.obj
c:\users\tannicarcher\documents\source\src\utils\mxtk\release\win32\mxpopupmenu.obj
c:\users\tannicarcher\documents\source\src\utils\mxtk\release\win32\mxradiobutton.obj
c:\users\tannicarcher\documents\source\src\utils\mxtk\release\win32\mxbmp.obj
c:\users\tannicarcher\documents\source\src\utils\mxtk\release\win32\mxbutton.obj
c:\users\tannicarcher\documents\source\src\utils\mxtk\release\win32\mxcheckbox.obj
c:\users\tannicarcher\documents\source\src\utils\mxtk\release\win32\mxchoosecolor.obj
c:\users\tannicarcher\documents\source\src\utils\mxtk\release\win32\mxglwindow.obj
c:\users\tannicarcher\documents\source\src\utils\mxtk\release\win32\mxlabel.obj
c:\users\tannicarcher\documents\source\src\utils\mxtk\release\win32\mxlistbox.obj
c:\users\tannicarcher\documents\source\src\utils\mxtk\release\win32\mxmatsyswindow.obj
c:\users\tannicarcher\documents\source\src\utils\mxtk\release\win32\mxmenubar.obj
c:\users\tannicarcher\documents\source\src\utils\mxtk\release\win32\mxpath.obj
c:\users\tannicarcher\documents\source\src\utils\mxtk\release\win32\mxprogressbar.obj
c:\users\tannicarcher\documents\source\src\utils\mxtk\release\win32\mxslider.obj
c:\users\tannicarcher\documents\source\src\utils\mxtk\release\win32\mxtga.obj
c:\users\tannicarcher\documents\source\src\utils\mxtk\release\win32\mxtooltip.obj
c:\users\tannicarcher\documents\source\src\utils\mxtk\release\win32\mxwidget.obj
c:\users\tannicarcher\documents\source\src\utils\mxtk\release\win32\mxstring.obj
c:\users\tannicarcher\documents\source\src\utils\mxtk\release\win32\mxscrollbar.obj
c:\users\tannicarcher\documents\source\src\utils\mxtk\release\win32\mxtab.obj
c:\users\tannicarcher\documents\source\src\utils\mxtk\release\win32\mxtreeview.obj
c:\users\tannicarcher\documents\source\src\utils\mxtk\release\win32\mxwindow.obj
c:\users\tannicarcher\documents\source\src\lib\common\win32\mxtoolkitwin32.lib
c:\users\tannicarcher\documents\source\src\utils\mxtk\release\win32\mxtoolkitwin32.tlog\cl.5528.write.1.tlog
c:\users\tannicarcher\documents\source\src\utils\mxtk\release\win32\mxtoolkitwin32.tlog\cl.command.1.tlog
c:\users\tannicarcher\documents\source\src\utils\mxtk\release\win32\mxtoolkitwin32.tlog\cl.items.tlog
c:\users\tannicarcher\documents\source\src\utils\mxtk\release\win32\mxtoolkitwin32.tlog\cl.read.1.tlog
c:\users\tannicarcher\documents\source\src\utils\mxtk\release\win32\mxtoolkitwin32.tlog\lib-link.read.1.tlog
c:\users\tannicarcher\documents\source\src\utils\mxtk\release\win32\mxtoolkitwin32.tlog\lib-link.write.1.tlog
c:\users\tannicarcher\documents\source\src\utils\mxtk\release\win32\mxtoolkitwin32.tlog\lib.command.1.tlog
