c:\users\tannicarcher\documents\source\src\utils\glview\release\win32\memoverride.obj
c:\users\tannicarcher\documents\source\src\utils\glview\release\win32\cmdlib.obj
c:\users\tannicarcher\documents\source\src\utils\glview\release\win32\filesystem_tools.obj
c:\users\tannicarcher\documents\source\src\utils\glview\release\win32\glview.obj
c:\users\tannicarcher\documents\source\src\utils\glview\release\win32\filesystem_helpers.obj
c:\users\tannicarcher\documents\source\src\utils\glview\release\win32\filesystem_init.obj
c:\users\tannicarcher\documents\source\src\utils\glview\release\win32\physdll.obj
c:\users\tannicarcher\documents\source\src\utils\glview\release\win32\vc143.pdb
c:\users\tannicarcher\documents\source\game\bin\win32\glview.exe
c:\users\tannicarcher\documents\source\game\bin\win32\glview.pdb
c:\users\tannicarcher\documents\source\src\utils\glview\release\win32\glview.lib
c:\users\tannicarcher\documents\source\src\utils\glview\release\win32\glview.exp
c:\users\tannicarcher\documents\source\src\utils\glview\release\win32\glview.tlog\cl.3904.write.1.tlog
c:\users\tannicarcher\documents\source\src\utils\glview\release\win32\glview.tlog\cl.command.1.tlog
c:\users\tannicarcher\documents\source\src\utils\glview\release\win32\glview.tlog\cl.items.tlog
c:\users\tannicarcher\documents\source\src\utils\glview\release\win32\glview.tlog\cl.read.1.tlog
c:\users\tannicarcher\documents\source\src\utils\glview\release\win32\glview.tlog\link.command.1.tlog
c:\users\tannicarcher\documents\source\src\utils\glview\release\win32\glview.tlog\link.read.1.tlog
c:\users\tannicarcher\documents\source\src\utils\glview\release\win32\glview.tlog\link.secondary.1.tlog
c:\users\tannicarcher\documents\source\src\utils\glview\release\win32\glview.tlog\link.write.1.tlog
