c:\users\tannicarcher\documents\source\src\utils\captioncompiler\release\win32\captioncompiler.obj
c:\users\tannicarcher\documents\source\src\utils\captioncompiler\release\win32\cmdlib.obj
c:\users\tannicarcher\documents\source\src\utils\captioncompiler\release\win32\filesystem_init.obj
c:\users\tannicarcher\documents\source\src\utils\captioncompiler\release\win32\stringregistry.obj
c:\users\tannicarcher\documents\source\src\utils\captioncompiler\release\win32\memoverride.obj
c:\users\tannicarcher\documents\source\src\utils\captioncompiler\release\win32\compiledcaptionswap.obj
c:\users\tannicarcher\documents\source\src\utils\captioncompiler\release\win32\filesystem_tools.obj
c:\users\tannicarcher\documents\source\src\utils\captioncompiler\release\win32\filesystem_helpers.obj
c:\users\tannicarcher\documents\source\src\utils\captioncompiler\release\win32\pacifier.obj
c:\users\tannicarcher\documents\source\src\utils\captioncompiler\release\win32\scriplib.obj
c:\users\tannicarcher\documents\source\src\utils\captioncompiler\release\win32\vc143.pdb
c:\users\tannicarcher\documents\source\game\bin\win32\captioncompiler.exe
c:\users\tannicarcher\documents\source\game\bin\win32\captioncompiler.pdb
c:\users\tannicarcher\documents\source\src\utils\captioncompiler\release\win32\captioncompiler.lib
c:\users\tannicarcher\documents\source\src\utils\captioncompiler\release\win32\captioncompiler.exp
c:\users\tannicarcher\documents\source\src\utils\captioncompiler\release\win32\captioncompiler.tlog\cl.6048.write.1.tlog
c:\users\tannicarcher\documents\source\src\utils\captioncompiler\release\win32\captioncompiler.tlog\cl.command.1.tlog
c:\users\tannicarcher\documents\source\src\utils\captioncompiler\release\win32\captioncompiler.tlog\cl.items.tlog
c:\users\tannicarcher\documents\source\src\utils\captioncompiler\release\win32\captioncompiler.tlog\cl.read.1.tlog
c:\users\tannicarcher\documents\source\src\utils\captioncompiler\release\win32\captioncompiler.tlog\link.command.1.tlog
c:\users\tannicarcher\documents\source\src\utils\captioncompiler\release\win32\captioncompiler.tlog\link.read.1.tlog
c:\users\tannicarcher\documents\source\src\utils\captioncompiler\release\win32\captioncompiler.tlog\link.secondary.1.tlog
c:\users\tannicarcher\documents\source\src\utils\captioncompiler\release\win32\captioncompiler.tlog\link.write.1.tlog
