c:\users\tannicarcher\documents\source\src\utils\vmpi\vmpi_job_watch\release\win32\graphcontrol.obj
c:\users\tannicarcher\documents\source\src\utils\vmpi\vmpi_job_watch\release\win32\jobwatchdlg.obj
c:\users\tannicarcher\documents\source\src\utils\vmpi\vmpi_job_watch\release\win32\vmpi_browser_helpers.obj
c:\users\tannicarcher\documents\source\src\utils\vmpi\vmpi_job_watch\release\win32\vmpi_browser_job_watch.obj
c:\users\tannicarcher\documents\source\src\utils\vmpi\vmpi_job_watch\release\win32\window_anchor_mgr.obj
c:\users\tannicarcher\documents\source\src\utils\vmpi\vmpi_job_watch\release\win32\consolewnd.obj
c:\users\tannicarcher\documents\source\src\utils\vmpi\vmpi_job_watch\release\win32\idle_dialog.obj
c:\users\tannicarcher\documents\source\src\utils\vmpi\vmpi_job_watch\release\win32\mysql_async.obj
c:\users\tannicarcher\documents\source\src\utils\vmpi\vmpi_job_watch\release\win32\win_idle.obj
c:\users\tannicarcher\documents\source\src\utils\vmpi\vmpi_job_watch\release\win32\vc143.pdb
c:\users\tannicarcher\documents\source\game\bin\win32\vmpi_job_watch.exe
c:\users\tannicarcher\documents\source\game\bin\win32\vmpi_job_watch.pdb
c:\users\tannicarcher\documents\source\src\utils\vmpi\vmpi_job_watch\release\win32\vmpi_browser_job_watch.res
c:\users\tannicarcher\documents\source\src\utils\vmpi\vmpi_job_watch\release\win32\vmpi_job_watch.lib
c:\users\tannicarcher\documents\source\src\utils\vmpi\vmpi_job_watch\release\win32\vmpi_job_watch.exp
c:\users\tannicarcher\documents\source\src\utils\vmpi\vmpi_job_watch\release\win32\vmpi_job_watch.tlog\cl.5412.write.1.tlog
c:\users\tannicarcher\documents\source\src\utils\vmpi\vmpi_job_watch\release\win32\vmpi_job_watch.tlog\cl.command.1.tlog
c:\users\tannicarcher\documents\source\src\utils\vmpi\vmpi_job_watch\release\win32\vmpi_job_watch.tlog\cl.items.tlog
c:\users\tannicarcher\documents\source\src\utils\vmpi\vmpi_job_watch\release\win32\vmpi_job_watch.tlog\cl.read.1.tlog
c:\users\tannicarcher\documents\source\src\utils\vmpi\vmpi_job_watch\release\win32\vmpi_job_watch.tlog\link.command.1.tlog
c:\users\tannicarcher\documents\source\src\utils\vmpi\vmpi_job_watch\release\win32\vmpi_job_watch.tlog\link.read.1.tlog
c:\users\tannicarcher\documents\source\src\utils\vmpi\vmpi_job_watch\release\win32\vmpi_job_watch.tlog\link.secondary.1.tlog
c:\users\tannicarcher\documents\source\src\utils\vmpi\vmpi_job_watch\release\win32\vmpi_job_watch.tlog\link.write.1.tlog
c:\users\tannicarcher\documents\source\src\utils\vmpi\vmpi_job_watch\release\win32\vmpi_job_watch.tlog\rc.command.1.tlog
c:\users\tannicarcher\documents\source\src\utils\vmpi\vmpi_job_watch\release\win32\vmpi_job_watch.tlog\rc.read.1.tlog
c:\users\tannicarcher\documents\source\src\utils\vmpi\vmpi_job_watch\release\win32\vmpi_job_watch.tlog\rc.write.1.tlog
