c:\users\tannicarcher\documents\source\src\vgui2\src\release\win32\memoverride.obj
c:\users\tannicarcher\documents\source\src\vgui2\src\release\win32\fileimage.obj
c:\users\tannicarcher\documents\source\src\vgui2\src\release\win32\inputwin32.obj
c:\users\tannicarcher\documents\source\src\vgui2\src\release\win32\memorybitmap.obj
c:\users\tannicarcher\documents\source\src\vgui2\src\release\win32\messagelistener.obj
c:\users\tannicarcher\documents\source\src\vgui2\src\release\win32\surface.obj
c:\users\tannicarcher\documents\source\src\vgui2\src\release\win32\unicodefilehelpers.obj
c:\users\tannicarcher\documents\source\src\vgui2\src\release\win32\vgui_internal.obj
c:\users\tannicarcher\documents\source\src\vgui2\src\release\win32\vgui_key_translation.obj
c:\users\tannicarcher\documents\source\src\vgui2\src\release\win32\bitmap.obj
c:\users\tannicarcher\documents\source\src\vgui2\src\release\win32\border.obj
c:\users\tannicarcher\documents\source\src\vgui2\src\release\win32\filesystem_helpers.obj
c:\users\tannicarcher\documents\source\src\vgui2\src\release\win32\filesystem_init.obj
c:\users\tannicarcher\documents\source\src\vgui2\src\release\win32\localizedstringtable.obj
c:\users\tannicarcher\documents\source\src\vgui2\src\release\win32\scheme.obj
c:\users\tannicarcher\documents\source\src\vgui2\src\release\win32\system.obj
c:\users\tannicarcher\documents\source\src\vgui2\src\release\win32\vgui.obj
c:\users\tannicarcher\documents\source\src\vgui2\src\release\win32\vpanel.obj
c:\users\tannicarcher\documents\source\src\vgui2\src\release\win32\vpanelwrapper.obj
c:\users\tannicarcher\documents\source\src\vgui2\src\release\win32\vc143.pdb
c:\users\tannicarcher\documents\source\game\bin\win32\vgui2.dll
c:\users\tannicarcher\documents\source\game\bin\win32\vgui2.pdb
c:\users\tannicarcher\documents\source\src\vgui2\src\release\win32\vgui2.lib
c:\users\tannicarcher\documents\source\src\vgui2\src\release\win32\vgui2.exp
c:\users\tannicarcher\documents\source\src\vgui2\src\release\win32\vgui2.tlog\cl.6424.write.1.tlog
c:\users\tannicarcher\documents\source\src\vgui2\src\release\win32\vgui2.tlog\cl.command.1.tlog
c:\users\tannicarcher\documents\source\src\vgui2\src\release\win32\vgui2.tlog\cl.items.tlog
c:\users\tannicarcher\documents\source\src\vgui2\src\release\win32\vgui2.tlog\cl.read.1.tlog
c:\users\tannicarcher\documents\source\src\vgui2\src\release\win32\vgui2.tlog\link.command.1.tlog
c:\users\tannicarcher\documents\source\src\vgui2\src\release\win32\vgui2.tlog\link.read.1.tlog
c:\users\tannicarcher\documents\source\src\vgui2\src\release\win32\vgui2.tlog\link.secondary.1.tlog
c:\users\tannicarcher\documents\source\src\vgui2\src\release\win32\vgui2.tlog\link.write.1.tlog
