c:\users\tannicarcher\documents\source\src\utils\vrad\release\win32\memoverride.obj
c:\users\tannicarcher\documents\source\src\utils\vrad\release\win32\disp_powerinfo.obj
c:\users\tannicarcher\documents\source\src\utils\vrad\release\win32\imagepacker.obj
c:\users\tannicarcher\documents\source\src\utils\vrad\release\win32\leaf_ambient_lighting.obj
c:\users\tannicarcher\documents\source\src\utils\vrad\release\win32\loadcmdline.obj
c:\users\tannicarcher\documents\source\src\utils\vrad\release\win32\lumpfiles.obj
c:\users\tannicarcher\documents\source\src\utils\vrad\release\win32\mpi_stats.obj
c:\users\tannicarcher\documents\source\src\utils\vrad\release\win32\mysqldatabase.obj
c:\users\tannicarcher\documents\source\src\utils\vrad\release\win32\radial.obj
c:\users\tannicarcher\documents\source\src\utils\vrad\release\win32\trace.obj
c:\users\tannicarcher\documents\source\src\utils\vrad\release\win32\vismat.obj
c:\users\tannicarcher\documents\source\src\utils\vrad\release\win32\vrad.obj
c:\users\tannicarcher\documents\source\src\utils\vrad\release\win32\vraddisps.obj
c:\users\tannicarcher\documents\source\src\utils\vrad\release\win32\vradstaticprops.obj
c:\users\tannicarcher\documents\source\src\utils\vrad\release\win32\bsplib.obj
c:\users\tannicarcher\documents\source\src\utils\vrad\release\win32\cmdlib.obj
c:\users\tannicarcher\documents\source\src\utils\vrad\release\win32\map_shared.obj
c:\users\tannicarcher\documents\source\src\utils\vrad\release\win32\scriplib.obj
c:\users\tannicarcher\documents\source\src\utils\vrad\release\win32\tools_minidump.obj
c:\users\tannicarcher\documents\source\src\utils\vrad\release\win32\filesystem_helpers.obj
c:\users\tannicarcher\documents\source\src\utils\vrad\release\win32\scratchpadutils.obj
c:\users\tannicarcher\documents\source\src\utils\vrad\release\win32\bsptreedata.obj
c:\users\tannicarcher\documents\source\src\utils\vrad\release\win32\disp_common.obj
c:\users\tannicarcher\documents\source\src\utils\vrad\release\win32\disp_vrad.obj
c:\users\tannicarcher\documents\source\src\utils\vrad\release\win32\incremental.obj
c:\users\tannicarcher\documents\source\src\utils\vrad\release\win32\lightmap.obj
c:\users\tannicarcher\documents\source\src\utils\vrad\release\win32\macro_texture.obj
c:\users\tannicarcher\documents\source\src\utils\vrad\release\win32\mpivrad.obj
c:\users\tannicarcher\documents\source\src\utils\vrad\release\win32\pacifier.obj
c:\users\tannicarcher\documents\source\src\utils\vrad\release\win32\physdll.obj
c:\users\tannicarcher\documents\source\src\utils\vrad\release\win32\samplehash.obj
c:\users\tannicarcher\documents\source\src\utils\vrad\release\win32\utilmatlib.obj
c:\users\tannicarcher\documents\source\src\utils\vrad\release\win32\vmpi_tools_shared.obj
c:\users\tannicarcher\documents\source\src\utils\vrad\release\win32\vrad_dispcoll.obj
c:\users\tannicarcher\documents\source\src\utils\vrad\release\win32\vraddetailprops.obj
c:\users\tannicarcher\documents\source\src\utils\vrad\release\win32\vraddll.obj
c:\users\tannicarcher\documents\source\src\utils\vrad\release\win32\zip_utils.obj
c:\users\tannicarcher\documents\source\src\utils\vrad\release\win32\builddisp.obj
c:\users\tannicarcher\documents\source\src\utils\vrad\release\win32\chunkfile.obj
c:\users\tannicarcher\documents\source\src\utils\vrad\release\win32\dispcoll_common.obj
c:\users\tannicarcher\documents\source\src\utils\vrad\release\win32\polylib.obj
c:\users\tannicarcher\documents\source\src\utils\vrad\release\win32\threads.obj
c:\users\tannicarcher\documents\source\src\utils\vrad\release\win32\collisionutils.obj
c:\users\tannicarcher\documents\source\src\utils\vrad\release\win32\scratchpad3d.obj
c:\users\tannicarcher\documents\source\src\utils\vrad\release\win32\vc143.pdb
c:\users\tannicarcher\documents\source\game\bin\win32\vrad_dll.dll
c:\users\tannicarcher\documents\source\game\bin\win32\vrad_dll.pdb
c:\users\tannicarcher\documents\source\src\utils\vrad\release\win32\vrad_dll.lib
c:\users\tannicarcher\documents\source\src\utils\vrad\release\win32\vrad_dll.exp
c:\users\tannicarcher\documents\source\src\utils\vrad\release\win32\vrad_dll.tlog\cl.1964.write.1.tlog
c:\users\tannicarcher\documents\source\src\utils\vrad\release\win32\vrad_dll.tlog\cl.command.1.tlog
c:\users\tannicarcher\documents\source\src\utils\vrad\release\win32\vrad_dll.tlog\cl.items.tlog
c:\users\tannicarcher\documents\source\src\utils\vrad\release\win32\vrad_dll.tlog\cl.read.1.tlog
c:\users\tannicarcher\documents\source\src\utils\vrad\release\win32\vrad_dll.tlog\link.command.1.tlog
c:\users\tannicarcher\documents\source\src\utils\vrad\release\win32\vrad_dll.tlog\link.read.1.tlog
c:\users\tannicarcher\documents\source\src\utils\vrad\release\win32\vrad_dll.tlog\link.secondary.1.tlog
c:\users\tannicarcher\documents\source\src\utils\vrad\release\win32\vrad_dll.tlog\link.write.1.tlog
