c:\users\tannicarcher\documents\source\src\utils\bsppack\release\win32\memoverride.obj
c:\users\tannicarcher\documents\source\src\utils\bsppack\release\win32\bsppack.obj
c:\users\tannicarcher\documents\source\src\utils\bsppack\release\win32\cmdlib.obj
c:\users\tannicarcher\documents\source\src\utils\bsppack\release\win32\filesystem_tools.obj
c:\users\tannicarcher\documents\source\src\utils\bsppack\release\win32\scriplib.obj
c:\users\tannicarcher\documents\source\src\utils\bsppack\release\win32\bsplib.obj
c:\users\tannicarcher\documents\source\src\utils\bsppack\release\win32\filesystem_helpers.obj
c:\users\tannicarcher\documents\source\src\utils\bsppack\release\win32\filesystem_init.obj
c:\users\tannicarcher\documents\source\src\utils\bsppack\release\win32\lumpfiles.obj
c:\users\tannicarcher\documents\source\src\utils\bsppack\release\win32\zip_utils.obj
c:\users\tannicarcher\documents\source\src\utils\bsppack\release\win32\vc143.pdb
c:\users\tannicarcher\documents\source\game\bin\win32\bsppack.dll
c:\users\tannicarcher\documents\source\game\bin\win32\bsppack.pdb
c:\users\tannicarcher\documents\source\src\utils\bsppack\release\win32\bsppack.lib
c:\users\tannicarcher\documents\source\src\utils\bsppack\release\win32\bsppack.exp
c:\users\tannicarcher\documents\source\src\utils\bsppack\release\win32\bsppack.tlog\cl.6576.write.1.tlog
c:\users\tannicarcher\documents\source\src\utils\bsppack\release\win32\bsppack.tlog\cl.command.1.tlog
c:\users\tannicarcher\documents\source\src\utils\bsppack\release\win32\bsppack.tlog\cl.items.tlog
c:\users\tannicarcher\documents\source\src\utils\bsppack\release\win32\bsppack.tlog\cl.read.1.tlog
c:\users\tannicarcher\documents\source\src\utils\bsppack\release\win32\bsppack.tlog\link.command.1.tlog
c:\users\tannicarcher\documents\source\src\utils\bsppack\release\win32\bsppack.tlog\link.read.1.tlog
c:\users\tannicarcher\documents\source\src\utils\bsppack\release\win32\bsppack.tlog\link.secondary.1.tlog
c:\users\tannicarcher\documents\source\src\utils\bsppack\release\win32\bsppack.tlog\link.write.1.tlog
