c:\users\tannicarcher\documents\source\src\dedicated\debug\win32\vc143.pdb
c:\users\tannicarcher\documents\source\src\dedicated\debug\win32\vc143.idb
c:\users\tannicarcher\documents\source\src\dedicated\debug\win32\sys_windows.obj
c:\users\tannicarcher\documents\source\src\dedicated\debug\win32\filesystem.obj
c:\users\tannicarcher\documents\source\src\dedicated\debug\win32\netapi.obj
c:\users\tannicarcher\documents\source\src\dedicated\debug\win32\steamappstartup.obj
c:\users\tannicarcher\documents\source\src\dedicated\debug\win32\sys_ded.obj
c:\users\tannicarcher\documents\source\src\dedicated\debug\win32\textconsole.obj
c:\users\tannicarcher\documents\source\src\dedicated\debug\win32\createmultiplayergameserverpage.obj
c:\users\tannicarcher\documents\source\src\dedicated\debug\win32\vgui_controls.obj
c:\users\tannicarcher\documents\source\src\dedicated\debug\win32\filetracker.obj
c:\users\tannicarcher\documents\source\src\dedicated\debug\win32\filesystem_async.obj
c:\users\tannicarcher\documents\source\src\dedicated\debug\win32\filesystem_stdio.obj
c:\users\tannicarcher\documents\source\src\dedicated\debug\win32\packfile.obj
c:\users\tannicarcher\documents\source\src\dedicated\debug\win32\memoverride.obj
c:\users\tannicarcher\documents\source\src\dedicated\debug\win32\filesystem_init.obj
c:\users\tannicarcher\documents\source\src\dedicated\debug\win32\sys_common.obj
c:\users\tannicarcher\documents\source\src\dedicated\debug\win32\conproc.obj
c:\users\tannicarcher\documents\source\src\dedicated\debug\win32\textconsolewin32.obj
c:\users\tannicarcher\documents\source\src\dedicated\debug\win32\mainpanel.obj
c:\users\tannicarcher\documents\source\src\dedicated\debug\win32\vguihelpers.obj
c:\users\tannicarcher\documents\source\src\dedicated\debug\win32\basefilesystem.obj
c:\users\tannicarcher\documents\source\src\dedicated\debug\win32\filesystem_steam.obj
c:\users\tannicarcher\documents\source\src\dedicated\debug\win32\zip_utils.obj
c:\users\tannicarcher\documents\source\game\bin\win32\dedicated.dll
c:\users\tannicarcher\documents\source\game\bin\win32\dedicated.pdb
c:\users\tannicarcher\documents\source\src\dedicated\debug\win32\dedicated.res
c:\users\tannicarcher\documents\source\src\dedicated\debug\win32\dedicated.lib
c:\users\tannicarcher\documents\source\src\dedicated\debug\win32\dedicated.exp
c:\users\tannicarcher\documents\source\game\bin\win32\dedicated.ilk
c:\users\tannicarcher\documents\source\src\dedicated\debug\win32\dedicated.tlog\cl.command.1.tlog
c:\users\tannicarcher\documents\source\src\dedicated\debug\win32\dedicated.tlog\cl.items.tlog
c:\users\tannicarcher\documents\source\src\dedicated\debug\win32\dedicated.tlog\cl.read.1.tlog
c:\users\tannicarcher\documents\source\src\dedicated\debug\win32\dedicated.tlog\cl.write.1.tlog
c:\users\tannicarcher\documents\source\src\dedicated\debug\win32\dedicated.tlog\link.command.1.tlog
c:\users\tannicarcher\documents\source\src\dedicated\debug\win32\dedicated.tlog\link.read.1.tlog
c:\users\tannicarcher\documents\source\src\dedicated\debug\win32\dedicated.tlog\link.secondary.1.tlog
c:\users\tannicarcher\documents\source\src\dedicated\debug\win32\dedicated.tlog\link.write.1.tlog
c:\users\tannicarcher\documents\source\src\dedicated\debug\win32\dedicated.tlog\rc.command.1.tlog
c:\users\tannicarcher\documents\source\src\dedicated\debug\win32\dedicated.tlog\rc.read.1.tlog
c:\users\tannicarcher\documents\source\src\dedicated\debug\win32\dedicated.tlog\rc.write.1.tlog
