c:\users\tannicarcher\documents\source\src\utils\vmpi\vmpi_transfer\release\win32\vc143.pdb
c:\users\tannicarcher\documents\source\src\utils\vmpi\vmpi_transfer\release\win32\vmpi_tools_shared.obj
c:\users\tannicarcher\documents\source\src\utils\vmpi\vmpi_transfer\release\win32\memoverride.obj
c:\users\tannicarcher\documents\source\src\utils\vmpi\vmpi_transfer\release\win32\vmpi_transfer.obj
c:\users\tannicarcher\documents\source\src\utils\vmpi\vmpi_transfer\release\win32\pacifier.obj
c:\users\tannicarcher\documents\source\src\utils\vmpi\vmpi_transfer\release\win32\tools_minidump.obj
c:\users\tannicarcher\documents\source\src\utils\vmpi\vmpi_transfer\release\win32\filesystem_helpers.obj
c:\users\tannicarcher\documents\source\src\utils\vmpi\vmpi_transfer\release\win32\threads.obj
c:\users\tannicarcher\documents\source\src\utils\vmpi\vmpi_transfer\release\win32\cmdlib.obj
c:\users\tannicarcher\documents\source\game\bin\win32\vmpi_transfer.exe
c:\users\tannicarcher\documents\source\game\bin\win32\vmpi_transfer.pdb
c:\users\tannicarcher\documents\source\src\utils\vmpi\vmpi_transfer\release\win32\vmpi_transfer.lib
c:\users\tannicarcher\documents\source\src\utils\vmpi\vmpi_transfer\release\win32\vmpi_transfer.exp
c:\users\tannicarcher\documents\source\src\utils\vmpi\vmpi_transfer\release\win32\vmpi_transfer.tlog\cl.command.1.tlog
c:\users\tannicarcher\documents\source\src\utils\vmpi\vmpi_transfer\release\win32\vmpi_transfer.tlog\cl.items.tlog
c:\users\tannicarcher\documents\source\src\utils\vmpi\vmpi_transfer\release\win32\vmpi_transfer.tlog\cl.read.1.tlog
c:\users\tannicarcher\documents\source\src\utils\vmpi\vmpi_transfer\release\win32\vmpi_transfer.tlog\cl.write.1.tlog
c:\users\tannicarcher\documents\source\src\utils\vmpi\vmpi_transfer\release\win32\vmpi_transfer.tlog\link.command.1.tlog
c:\users\tannicarcher\documents\source\src\utils\vmpi\vmpi_transfer\release\win32\vmpi_transfer.tlog\link.read.1.tlog
c:\users\tannicarcher\documents\source\src\utils\vmpi\vmpi_transfer\release\win32\vmpi_transfer.tlog\link.secondary.1.tlog
c:\users\tannicarcher\documents\source\src\utils\vmpi\vmpi_transfer\release\win32\vmpi_transfer.tlog\link.write.1.tlog
