c:\users\tannicarcher\documents\source\src\soundsystem\debug\win32\memoverride.obj
c:\users\tannicarcher\documents\source\src\soundsystem\debug\win32\snd_dev_wave.obj
c:\users\tannicarcher\documents\source\src\soundsystem\debug\win32\snd_wave_mixer_adpcm.obj
c:\users\tannicarcher\documents\source\src\soundsystem\debug\win32\soundsystem.obj
c:\users\tannicarcher\documents\source\src\soundsystem\debug\win32\sentence.obj
c:\users\tannicarcher\documents\source\src\soundsystem\debug\win32\snd_audio_source.obj
c:\users\tannicarcher\documents\source\src\soundsystem\debug\win32\snd_io.obj
c:\users\tannicarcher\documents\source\src\soundsystem\debug\win32\snd_wave_mixer.obj
c:\users\tannicarcher\documents\source\src\soundsystem\debug\win32\snd_wave_source.obj
c:\users\tannicarcher\documents\source\src\soundsystem\debug\win32\vc143.pdb
c:\users\tannicarcher\documents\source\game\bin\win32\soundsystem.dll
c:\users\tannicarcher\documents\source\game\bin\win32\soundsystem.pdb
c:\users\tannicarcher\documents\source\src\soundsystem\debug\win32\soundsystem.lib
c:\users\tannicarcher\documents\source\src\soundsystem\debug\win32\soundsystem.exp
c:\users\tannicarcher\documents\source\game\bin\win32\soundsystem.ilk
c:\users\tannicarcher\documents\source\src\soundsystem\debug\win32\vc143.idb
c:\users\tannicarcher\documents\source\src\soundsystem\debug\win32\soundsystem.tlog\cl.3208.write.1.tlog
c:\users\tannicarcher\documents\source\src\soundsystem\debug\win32\soundsystem.tlog\cl.command.1.tlog
c:\users\tannicarcher\documents\source\src\soundsystem\debug\win32\soundsystem.tlog\cl.items.tlog
c:\users\tannicarcher\documents\source\src\soundsystem\debug\win32\soundsystem.tlog\cl.read.1.tlog
c:\users\tannicarcher\documents\source\src\soundsystem\debug\win32\soundsystem.tlog\link.command.1.tlog
c:\users\tannicarcher\documents\source\src\soundsystem\debug\win32\soundsystem.tlog\link.read.1.tlog
c:\users\tannicarcher\documents\source\src\soundsystem\debug\win32\soundsystem.tlog\link.secondary.1.tlog
c:\users\tannicarcher\documents\source\src\soundsystem\debug\win32\soundsystem.tlog\link.write.1.tlog
