c:\users\tannicarcher\documents\source\src\vgui2\vgui_controls\release\win32\analogbar.obj
c:\users\tannicarcher\documents\source\src\vgui2\vgui_controls\release\win32\bitmapimagepanel.obj
c:\users\tannicarcher\documents\source\src\vgui2\vgui_controls\release\win32\buildfactoryhelper.obj
c:\users\tannicarcher\documents\source\src\vgui2\vgui_controls\release\win32\buildmodedialog.obj
c:\users\tannicarcher\documents\source\src\vgui2\vgui_controls\release\win32\checkbutton.obj
c:\users\tannicarcher\documents\source\src\vgui2\vgui_controls\release\win32\circularprogressbar.obj
c:\users\tannicarcher\documents\source\src\vgui2\vgui_controls\release\win32\consoledialog.obj
c:\users\tannicarcher\documents\source\src\vgui2\vgui_controls\release\win32\controls.obj
c:\users\tannicarcher\documents\source\src\vgui2\vgui_controls\release\win32\directoryselectdialog.obj
c:\users\tannicarcher\documents\source\src\vgui2\vgui_controls\release\win32\editablepanel.obj
c:\users\tannicarcher\documents\source\src\vgui2\vgui_controls\release\win32\fileopendialog.obj
c:\users\tannicarcher\documents\source\src\vgui2\vgui_controls\release\win32\focusnavgroup.obj
c:\users\tannicarcher\documents\source\src\vgui2\vgui_controls\release\win32\graphpanel.obj
c:\users\tannicarcher\documents\source\src\vgui2\vgui_controls\release\win32\image.obj
c:\users\tannicarcher\documents\source\src\vgui2\vgui_controls\release\win32\imagelist.obj
c:\users\tannicarcher\documents\source\src\vgui2\vgui_controls\release\win32\imagepanel.obj
c:\users\tannicarcher\documents\source\src\vgui2\vgui_controls\release\win32\keybindinghelpdialog.obj
c:\users\tannicarcher\documents\source\src\vgui2\vgui_controls\release\win32\keyrepeat.obj
c:\users\tannicarcher\documents\source\src\vgui2\vgui_controls\release\win32\listpanel.obj
c:\users\tannicarcher\documents\source\src\vgui2\vgui_controls\release\win32\menubar.obj
c:\users\tannicarcher\documents\source\src\vgui2\vgui_controls\release\win32\menubutton.obj
c:\users\tannicarcher\documents\source\src\vgui2\vgui_controls\release\win32\messagebox.obj
c:\users\tannicarcher\documents\source\src\vgui2\vgui_controls\release\win32\panel.obj
c:\users\tannicarcher\documents\source\src\vgui2\vgui_controls\release\win32\propertydialog.obj
c:\users\tannicarcher\documents\source\src\vgui2\vgui_controls\release\win32\propertysheet.obj
c:\users\tannicarcher\documents\source\src\vgui2\vgui_controls\release\win32\radiobutton.obj
c:\users\tannicarcher\documents\source\src\vgui2\vgui_controls\release\win32\rotatingprogressbar.obj
c:\users\tannicarcher\documents\source\src\vgui2\vgui_controls\release\win32\savedocumentquery.obj
c:\users\tannicarcher\documents\source\src\vgui2\vgui_controls\release\win32\scrollableeditablepanel.obj
c:\users\tannicarcher\documents\source\src\vgui2\vgui_controls\release\win32\scrollbarslider.obj
c:\users\tannicarcher\documents\source\src\vgui2\vgui_controls\release\win32\slider.obj
c:\users\tannicarcher\documents\source\src\vgui2\vgui_controls\release\win32\subrectimage.obj
c:\users\tannicarcher\documents\source\src\vgui2\vgui_controls\release\win32\textentry.obj
c:\users\tannicarcher\documents\source\src\vgui2\vgui_controls\release\win32\tooltip.obj
c:\users\tannicarcher\documents\source\src\vgui2\vgui_controls\release\win32\treeview.obj
c:\users\tannicarcher\documents\source\src\vgui2\vgui_controls\release\win32\urllabel.obj
c:\users\tannicarcher\documents\source\src\vgui2\vgui_controls\release\win32\wizardsubpanel.obj
c:\users\tannicarcher\documents\source\src\vgui2\vgui_controls\release\win32\animatingimagepanel.obj
c:\users\tannicarcher\documents\source\src\vgui2\vgui_controls\release\win32\animationcontroller.obj
c:\users\tannicarcher\documents\source\src\vgui2\vgui_controls\release\win32\buildgroup.obj
c:\users\tannicarcher\documents\source\src\vgui2\vgui_controls\release\win32\button.obj
c:\users\tannicarcher\documents\source\src\vgui2\vgui_controls\release\win32\checkbuttonlist.obj
c:\users\tannicarcher\documents\source\src\vgui2\vgui_controls\release\win32\combobox.obj
c:\users\tannicarcher\documents\source\src\vgui2\vgui_controls\release\win32\controllermap.obj
c:\users\tannicarcher\documents\source\src\vgui2\vgui_controls\release\win32\cvartogglecheckbutton.obj
c:\users\tannicarcher\documents\source\src\vgui2\vgui_controls\release\win32\divider.obj
c:\users\tannicarcher\documents\source\src\vgui2\vgui_controls\release\win32\expandbutton.obj
c:\users\tannicarcher\documents\source\src\vgui2\vgui_controls\release\win32\fileopenstatemachine.obj
c:\users\tannicarcher\documents\source\src\vgui2\vgui_controls\release\win32\filesystem_helpers.obj
c:\users\tannicarcher\documents\source\src\vgui2\vgui_controls\release\win32\frame.obj
c:\users\tannicarcher\documents\source\src\vgui2\vgui_controls\release\win32\html.obj
c:\users\tannicarcher\documents\source\src\vgui2\vgui_controls\release\win32\inputdialog.obj
c:\users\tannicarcher\documents\source\src\vgui2\vgui_controls\release\win32\keyboardeditordialog.obj
c:\users\tannicarcher\documents\source\src\vgui2\vgui_controls\release\win32\label.obj
c:\users\tannicarcher\documents\source\src\vgui2\vgui_controls\release\win32\listviewpanel.obj
c:\users\tannicarcher\documents\source\src\vgui2\vgui_controls\release\win32\menu.obj
c:\users\tannicarcher\documents\source\src\vgui2\vgui_controls\release\win32\menuitem.obj
c:\users\tannicarcher\documents\source\src\vgui2\vgui_controls\release\win32\messagedialog.obj
c:\users\tannicarcher\documents\source\src\vgui2\vgui_controls\release\win32\panellistpanel.obj
c:\users\tannicarcher\documents\source\src\vgui2\vgui_controls\release\win32\progressbar.obj
c:\users\tannicarcher\documents\source\src\vgui2\vgui_controls\release\win32\progressbox.obj
c:\users\tannicarcher\documents\source\src\vgui2\vgui_controls\release\win32\propertypage.obj
c:\users\tannicarcher\documents\source\src\vgui2\vgui_controls\release\win32\querybox.obj
c:\users\tannicarcher\documents\source\src\vgui2\vgui_controls\release\win32\richtext.obj
c:\users\tannicarcher\documents\source\src\vgui2\vgui_controls\release\win32\scalableimagepanel.obj
c:\users\tannicarcher\documents\source\src\vgui2\vgui_controls\release\win32\scrollbar.obj
c:\users\tannicarcher\documents\source\src\vgui2\vgui_controls\release\win32\sectionedlistpanel.obj
c:\users\tannicarcher\documents\source\src\vgui2\vgui_controls\release\win32\splitter.obj
c:\users\tannicarcher\documents\source\src\vgui2\vgui_controls\release\win32\textimage.obj
c:\users\tannicarcher\documents\source\src\vgui2\vgui_controls\release\win32\togglebutton.obj
c:\users\tannicarcher\documents\source\src\vgui2\vgui_controls\release\win32\toolwindow.obj
c:\users\tannicarcher\documents\source\src\vgui2\vgui_controls\release\win32\treeviewlistcontrol.obj
c:\users\tannicarcher\documents\source\src\vgui2\vgui_controls\release\win32\wizardpanel.obj
c:\users\tannicarcher\documents\source\src\vgui2\vgui_controls\release\win32\vgui_key_translation.obj
c:\users\tannicarcher\documents\source\src\lib\public\win32\vgui_controls.lib
c:\users\tannicarcher\documents\source\src\vgui2\vgui_controls\release\win32\vgui_controls.tlog\cl.2348.write.1.tlog
c:\users\tannicarcher\documents\source\src\vgui2\vgui_controls\release\win32\vgui_controls.tlog\cl.command.1.tlog
c:\users\tannicarcher\documents\source\src\vgui2\vgui_controls\release\win32\vgui_controls.tlog\cl.items.tlog
c:\users\tannicarcher\documents\source\src\vgui2\vgui_controls\release\win32\vgui_controls.tlog\cl.read.1.tlog
c:\users\tannicarcher\documents\source\src\vgui2\vgui_controls\release\win32\vgui_controls.tlog\lib-link.read.1.tlog
c:\users\tannicarcher\documents\source\src\vgui2\vgui_controls\release\win32\vgui_controls.tlog\lib-link.write.1.tlog
c:\users\tannicarcher\documents\source\src\vgui2\vgui_controls\release\win32\vgui_controls.tlog\lib.command.1.tlog
