c:\users\tannicarcher\documents\source\src\utils\localization_check\release\win32\cmdlib.obj
c:\users\tannicarcher\documents\source\src\utils\localization_check\release\win32\filesystem_helpers.obj
c:\users\tannicarcher\documents\source\src\utils\localization_check\release\win32\filesystem_init.obj
c:\users\tannicarcher\documents\source\src\utils\localization_check\release\win32\interval.obj
c:\users\tannicarcher\documents\source\src\utils\localization_check\release\win32\pacifier.obj
c:\users\tannicarcher\documents\source\src\utils\localization_check\release\win32\scriplib.obj
c:\users\tannicarcher\documents\source\src\utils\localization_check\release\win32\sentence.obj
c:\users\tannicarcher\documents\source\src\utils\localization_check\release\win32\soundcombiner.obj
c:\users\tannicarcher\documents\source\src\utils\localization_check\release\win32\snd_wave_mixer.obj
c:\users\tannicarcher\documents\source\src\utils\localization_check\release\win32\snd_wave_source.obj
c:\users\tannicarcher\documents\source\src\utils\localization_check\release\win32\memoverride.obj
c:\users\tannicarcher\documents\source\src\utils\localization_check\release\win32\faceposersound_simple.obj
c:\users\tannicarcher\documents\source\src\utils\localization_check\release\win32\filesystem_tools.obj
c:\users\tannicarcher\documents\source\src\utils\localization_check\release\win32\interpolatortypes.obj
c:\users\tannicarcher\documents\source\src\utils\localization_check\release\win32\localization_check.obj
c:\users\tannicarcher\documents\source\src\utils\localization_check\release\win32\unicodefilehelpers.obj
c:\users\tannicarcher\documents\source\src\utils\localization_check\release\win32\snd_audio_source.obj
c:\users\tannicarcher\documents\source\src\utils\localization_check\release\win32\snd_wave_mixer_adpcm.obj
c:\users\tannicarcher\documents\source\src\utils\localization_check\release\win32\vc143.pdb
c:\users\tannicarcher\documents\source\game\bin\win32\localization_check.exe
c:\users\tannicarcher\documents\source\game\bin\win32\localization_check.pdb
c:\users\tannicarcher\documents\source\src\utils\localization_check\release\win32\localization_check.lib
c:\users\tannicarcher\documents\source\src\utils\localization_check\release\win32\localization_check.exp
c:\users\tannicarcher\documents\source\src\utils\localization_check\release\win32\localiza.a56a7ea7.tlog\cl.1680.write.1.tlog
c:\users\tannicarcher\documents\source\src\utils\localization_check\release\win32\localiza.a56a7ea7.tlog\cl.command.1.tlog
c:\users\tannicarcher\documents\source\src\utils\localization_check\release\win32\localiza.a56a7ea7.tlog\cl.items.tlog
c:\users\tannicarcher\documents\source\src\utils\localization_check\release\win32\localiza.a56a7ea7.tlog\cl.read.1.tlog
c:\users\tannicarcher\documents\source\src\utils\localization_check\release\win32\localiza.a56a7ea7.tlog\link.command.1.tlog
c:\users\tannicarcher\documents\source\src\utils\localization_check\release\win32\localiza.a56a7ea7.tlog\link.read.1.tlog
c:\users\tannicarcher\documents\source\src\utils\localization_check\release\win32\localiza.a56a7ea7.tlog\link.secondary.1.tlog
c:\users\tannicarcher\documents\source\src\utils\localization_check\release\win32\localiza.a56a7ea7.tlog\link.write.1.tlog
