c:\users\tannicarcher\documents\source\src\utils\filesystemopendialog\release\filesystemopendialog.pch
c:\users\tannicarcher\documents\source\src\utils\filesystemopendialog\release\win32\vc143.pdb
c:\users\tannicarcher\documents\source\src\utils\filesystemopendialog\release\win32\stdafx.obj
c:\users\tannicarcher\documents\source\src\utils\filesystemopendialog\release\win32\filedialogapp.obj
c:\users\tannicarcher\documents\source\src\utils\filesystemopendialog\release\win32\afxmem_override.obj
c:\users\tannicarcher\documents\source\src\utils\filesystemopendialog\release\win32\filesystemopendlg.obj
c:\users\tannicarcher\documents\source\src\utils\filesystemopendialog\release\win32\memoverride.obj
c:\users\tannicarcher\documents\source\game\bin\win32\filesystemopendialog.dll
c:\users\tannicarcher\documents\source\game\bin\win32\filesystemopendialog.pdb
c:\users\tannicarcher\documents\source\src\utils\filesystemopendialog\release\win32\filesystemopendialog.res
c:\users\tannicarcher\documents\source\src\utils\filesystemopendialog\release\win32\filesystemopendialog.lib
c:\users\tannicarcher\documents\source\src\utils\filesystemopendialog\release\win32\filesystemopendialog.exp
c:\users\tannicarcher\documents\source\src\utils\filesystemopendialog\release\win32\filesyst.6fb30a1e.tlog\cl.command.1.tlog
c:\users\tannicarcher\documents\source\src\utils\filesystemopendialog\release\win32\filesyst.6fb30a1e.tlog\cl.items.tlog
c:\users\tannicarcher\documents\source\src\utils\filesystemopendialog\release\win32\filesyst.6fb30a1e.tlog\cl.read.1.tlog
c:\users\tannicarcher\documents\source\src\utils\filesystemopendialog\release\win32\filesyst.6fb30a1e.tlog\cl.write.1.tlog
c:\users\tannicarcher\documents\source\src\utils\filesystemopendialog\release\win32\filesyst.6fb30a1e.tlog\link.command.1.tlog
c:\users\tannicarcher\documents\source\src\utils\filesystemopendialog\release\win32\filesyst.6fb30a1e.tlog\link.read.1.tlog
c:\users\tannicarcher\documents\source\src\utils\filesystemopendialog\release\win32\filesyst.6fb30a1e.tlog\link.secondary.1.tlog
c:\users\tannicarcher\documents\source\src\utils\filesystemopendialog\release\win32\filesyst.6fb30a1e.tlog\link.write.1.tlog
c:\users\tannicarcher\documents\source\src\utils\filesystemopendialog\release\win32\filesyst.6fb30a1e.tlog\rc.command.1.tlog
c:\users\tannicarcher\documents\source\src\utils\filesystemopendialog\release\win32\filesyst.6fb30a1e.tlog\rc.read.1.tlog
c:\users\tannicarcher\documents\source\src\utils\filesystemopendialog\release\win32\filesyst.6fb30a1e.tlog\rc.write.1.tlog
