c:\users\tannicarcher\documents\source\src\vgui2\matsys_controls\debug\win32\baseassetpicker.obj
c:\users\tannicarcher\documents\source\src\vgui2\matsys_controls\debug\win32\curveeditorpanel.obj
c:\users\tannicarcher\documents\source\src\vgui2\matsys_controls\debug\win32\matsyscontrols.obj
c:\users\tannicarcher\documents\source\src\vgui2\matsys_controls\debug\win32\picker.obj
c:\users\tannicarcher\documents\source\src\vgui2\matsys_controls\debug\win32\qcgenerator.obj
c:\users\tannicarcher\documents\source\src\vgui2\matsys_controls\debug\win32\vmtpreviewpanel.obj
c:\users\tannicarcher\documents\source\src\vgui2\matsys_controls\debug\win32\vtfpreviewpanel.obj
c:\users\tannicarcher\documents\source\src\vgui2\matsys_controls\debug\win32\assetpicker.obj
c:\users\tannicarcher\documents\source\src\vgui2\matsys_controls\debug\win32\colorpickerpanel.obj
c:\users\tannicarcher\documents\source\src\vgui2\matsys_controls\debug\win32\gamefiletreeview.obj
c:\users\tannicarcher\documents\source\src\vgui2\matsys_controls\debug\win32\proceduraltexturepanel.obj
c:\users\tannicarcher\documents\source\src\vgui2\matsys_controls\debug\win32\tgapreviewpanel.obj
c:\users\tannicarcher\documents\source\src\vgui2\matsys_controls\debug\win32\vmtpicker.obj
c:\users\tannicarcher\documents\source\src\vgui2\matsys_controls\debug\win32\vtfpicker.obj
c:\users\tannicarcher\documents\source\src\lib\public\win32\matsys_controls.pdb
c:\users\tannicarcher\documents\source\src\lib\public\win32\matsys_controls.lib
c:\users\tannicarcher\documents\source\src\vgui2\matsys_controls\debug\win32\matsys_controls.tlog\cl.1652.write.1.tlog
c:\users\tannicarcher\documents\source\src\vgui2\matsys_controls\debug\win32\matsys_controls.tlog\cl.command.1.tlog
c:\users\tannicarcher\documents\source\src\vgui2\matsys_controls\debug\win32\matsys_controls.tlog\cl.items.tlog
c:\users\tannicarcher\documents\source\src\vgui2\matsys_controls\debug\win32\matsys_controls.tlog\cl.read.1.tlog
c:\users\tannicarcher\documents\source\src\vgui2\matsys_controls\debug\win32\matsys_controls.tlog\lib-link.read.1.tlog
c:\users\tannicarcher\documents\source\src\vgui2\matsys_controls\debug\win32\matsys_controls.tlog\lib-link.write.1.tlog
c:\users\tannicarcher\documents\source\src\vgui2\matsys_controls\debug\win32\matsys_controls.tlog\lib.command.1.tlog
